<?xml version="1.0" encoding="UTF-8"?>
<testsuites>
  <testsuite name="" tests="104" assertions="212" errors="0" warnings="0" failures="0" skipped="0" time="0.245085">
    <testsuite name="Project Test Suite" tests="104" assertions="212" errors="0" warnings="0" failures="0" skipped="0" time="0.245085">
      <testsuite name="App\Card\CardTest" file="/home/issa/dbwebb-kurser/mvc/me/report/tests/Card/CardTest.php" tests="8" assertions="22" errors="0" warnings="0" failures="0" skipped="0" time="0.014760">
        <testcase name="testValueFromRank" class="App\Card\CardTest" classname="App.Card.CardTest" file="/home/issa/dbwebb-kurser/mvc/me/report/tests/Card/CardTest.php" line="12" assertions="14" time="0.012030"/>
        <testcase name="testGetSuitSymbolForHearts" class="App\Card\CardTest" classname="App.Card.CardTest" file="/home/issa/dbwebb-kurser/mvc/me/report/tests/Card/CardTest.php" line="30" assertions="1" time="0.000402"/>
        <testcase name="testGetSuitSymbolForSpades" class="App\Card\CardTest" classname="App.Card.CardTest" file="/home/issa/dbwebb-kurser/mvc/me/report/tests/Card/CardTest.php" line="37" assertions="1" time="0.000360"/>
        <testcase name="testGetSuitSymbolForClubs" class="App\Card\CardTest" classname="App.Card.CardTest" file="/home/issa/dbwebb-kurser/mvc/me/report/tests/Card/CardTest.php" line="44" assertions="1" time="0.000357"/>
        <testcase name="testGetSuitSymbolForDiamonds" class="App\Card\CardTest" classname="App.Card.CardTest" file="/home/issa/dbwebb-kurser/mvc/me/report/tests/Card/CardTest.php" line="51" assertions="1" time="0.000355"/>
        <testcase name="testGetSuitSymbolReturnsEmptyStringWithInvalidSuit" class="App\Card\CardTest" classname="App.Card.CardTest" file="/home/issa/dbwebb-kurser/mvc/me/report/tests/Card/CardTest.php" line="58" assertions="1" time="0.000393"/>
        <testcase name="testSuitAndRankAreAssignedCorrectly" class="App\Card\CardTest" classname="App.Card.CardTest" file="/home/issa/dbwebb-kurser/mvc/me/report/tests/Card/CardTest.php" line="65" assertions="2" time="0.000457"/>
        <testcase name="testToStringReturnsBothSuitAndRank" class="App\Card\CardTest" classname="App.Card.CardTest" file="/home/issa/dbwebb-kurser/mvc/me/report/tests/Card/CardTest.php" line="73" assertions="1" time="0.000405"/>
      </testsuite>
      <testsuite name="App\Card\DeckOfCardsTest" file="/home/issa/dbwebb-kurser/mvc/me/report/tests/Card/DeckOfCardsTest.php" tests="7" assertions="8" errors="0" warnings="0" failures="0" skipped="0" time="0.029870">
        <testcase name="testCreatingNewDeckInitializesCards" class="App\Card\DeckOfCardsTest" classname="App.Card.DeckOfCardsTest" file="/home/issa/dbwebb-kurser/mvc/me/report/tests/Card/DeckOfCardsTest.php" line="12" assertions="1" time="0.001961"/>
        <testcase name="testShuffleShufflesCards" class="App\Card\DeckOfCardsTest" classname="App.Card.DeckOfCardsTest" file="/home/issa/dbwebb-kurser/mvc/me/report/tests/Card/DeckOfCardsTest.php" line="19" assertions="1" time="0.011268"/>
        <testcase name="testDrawCardsReturnsNullWhenNoCards" class="App\Card\DeckOfCardsTest" classname="App.Card.DeckOfCardsTest" file="/home/issa/dbwebb-kurser/mvc/me/report/tests/Card/DeckOfCardsTest.php" line="30" assertions="1" time="0.001045"/>
        <testcase name="testDrawCardReturnsTopCardInDeck" class="App\Card\DeckOfCardsTest" classname="App.Card.DeckOfCardsTest" file="/home/issa/dbwebb-kurser/mvc/me/report/tests/Card/DeckOfCardsTest.php" line="41" assertions="1" time="0.001722"/>
        <testcase name="testResetResetsCardsInDeck" class="App\Card\DeckOfCardsTest" classname="App.Card.DeckOfCardsTest" file="/home/issa/dbwebb-kurser/mvc/me/report/tests/Card/DeckOfCardsTest.php" line="52" assertions="1" time="0.009584"/>
        <testcase name="testToStringReturnsNonEmptyString" class="App\Card\DeckOfCardsTest" classname="App.Card.DeckOfCardsTest" file="/home/issa/dbwebb-kurser/mvc/me/report/tests/Card/DeckOfCardsTest.php" line="66" assertions="1" time="0.000973"/>
        <testcase name="testGetAllCardsSortedReturnsCardsSorted" class="App\Card\DeckOfCardsTest" classname="App.Card.DeckOfCardsTest" file="/home/issa/dbwebb-kurser/mvc/me/report/tests/Card/DeckOfCardsTest.php" line="73" assertions="2" time="0.003318"/>
      </testsuite>
      <testsuite name="App\Tests\Card5\BettingRoundTest" file="/home/issa/dbwebb-kurser/mvc/me/report/tests/Card5/BettingRoundTest.php" tests="16" assertions="31" errors="0" warnings="0" failures="0" skipped="0" time="0.058258">
        <testcase name="testComputerTurnNoPreviousBetsCheck" class="App\Tests\Card5\BettingRoundTest" classname="App.Tests.Card5.BettingRoundTest" file="/home/issa/dbwebb-kurser/mvc/me/report/tests/Card5/BettingRoundTest.php" line="41" assertions="2" time="0.029998"/>
        <testcase name="testComputerTurnNoPreviousBetsBetNonZero" class="App\Tests\Card5\BettingRoundTest" classname="App.Tests.Card5.BettingRoundTest" file="/home/issa/dbwebb-kurser/mvc/me/report/tests/Card5/BettingRoundTest.php" line="56" assertions="3" time="0.002071"/>
        <testcase name="testComputerTurnPreviousBetIsZeroBetNonZero" class="App\Tests\Card5\BettingRoundTest" classname="App.Tests.Card5.BettingRoundTest" file="/home/issa/dbwebb-kurser/mvc/me/report/tests/Card5/BettingRoundTest.php" line="73" assertions="3" time="0.001329"/>
        <testcase name="testComputerTurnWhenComputerHasWeakerHand" class="App\Tests\Card5\BettingRoundTest" classname="App.Tests.Card5.BettingRoundTest" file="/home/issa/dbwebb-kurser/mvc/me/report/tests/Card5/BettingRoundTest.php" line="93" assertions="3" time="0.002201"/>
        <testcase name="testComputerCallsMatchingPlayerBetWhenHandIsStronger" class="App\Tests\Card5\BettingRoundTest" classname="App.Tests.Card5.BettingRoundTest" file="/home/issa/dbwebb-kurser/mvc/me/report/tests/Card5/BettingRoundTest.php" line="119" assertions="3" time="0.001752"/>
        <testcase name="testIsBettingRoundOverNoBets" class="App\Tests\Card5\BettingRoundTest" classname="App.Tests.Card5.BettingRoundTest" file="/home/issa/dbwebb-kurser/mvc/me/report/tests/Card5/BettingRoundTest.php" line="148" assertions="1" time="0.003196"/>
        <testcase name="testIsBettingRoundOverPlayerBetsComputerChecks" class="App\Tests\Card5\BettingRoundTest" classname="App.Tests.Card5.BettingRoundTest" file="/home/issa/dbwebb-kurser/mvc/me/report/tests/Card5/BettingRoundTest.php" line="153" assertions="1" time="0.001386"/>
        <testcase name="testIsBettingRoundOverPlayerBetsComputerCalls" class="App\Tests\Card5\BettingRoundTest" classname="App.Tests.Card5.BettingRoundTest" file="/home/issa/dbwebb-kurser/mvc/me/report/tests/Card5/BettingRoundTest.php" line="164" assertions="1" time="0.001475"/>
        <testcase name="testIsBettingRoundOverPlayerBetsComputerFolds" class="App\Tests\Card5\BettingRoundTest" classname="App.Tests.Card5.BettingRoundTest" file="/home/issa/dbwebb-kurser/mvc/me/report/tests/Card5/BettingRoundTest.php" line="175" assertions="1" time="0.002415"/>
        <testcase name="testIsBettingRoundOverPlayerChecksComputerBets" class="App\Tests\Card5\BettingRoundTest" classname="App.Tests.Card5.BettingRoundTest" file="/home/issa/dbwebb-kurser/mvc/me/report/tests/Card5/BettingRoundTest.php" line="189" assertions="1" time="0.003129"/>
        <testcase name="testHasBetsNoBets" class="App\Tests\Card5\BettingRoundTest" classname="App.Tests.Card5.BettingRoundTest" file="/home/issa/dbwebb-kurser/mvc/me/report/tests/Card5/BettingRoundTest.php" line="200" assertions="1" time="0.000997"/>
        <testcase name="testHasBetsWithBets" class="App\Tests\Card5\BettingRoundTest" classname="App.Tests.Card5.BettingRoundTest" file="/home/issa/dbwebb-kurser/mvc/me/report/tests/Card5/BettingRoundTest.php" line="205" assertions="1" time="0.001000"/>
        <testcase name="testResetAfterBets" class="App\Tests\Card5\BettingRoundTest" classname="App.Tests.Card5.BettingRoundTest" file="/home/issa/dbwebb-kurser/mvc/me/report/tests/Card5/BettingRoundTest.php" line="211" assertions="3" time="0.001348"/>
        <testcase name="testResetWithoutBets" class="App\Tests\Card5\BettingRoundTest" classname="App.Tests.Card5.BettingRoundTest" file="/home/issa/dbwebb-kurser/mvc/me/report/tests/Card5/BettingRoundTest.php" line="222" assertions="2" time="0.001093"/>
        <testcase name="testPlayerCall" class="App\Tests\Card5\BettingRoundTest" classname="App.Tests.Card5.BettingRoundTest" file="/home/issa/dbwebb-kurser/mvc/me/report/tests/Card5/BettingRoundTest.php" line="230" assertions="3" time="0.001628"/>
        <testcase name="testPlayerFoldAfterBetting" class="App\Tests\Card5\BettingRoundTest" classname="App.Tests.Card5.BettingRoundTest" file="/home/issa/dbwebb-kurser/mvc/me/report/tests/Card5/BettingRoundTest.php" line="256" assertions="2" time="0.003239"/>
      </testsuite>
      <testsuite name="DeckOfCardsTest" file="/home/issa/dbwebb-kurser/mvc/me/report/tests/Card5/DeckOfCardsTest.php" tests="6" assertions="12" errors="0" warnings="0" failures="0" skipped="0" time="0.007503">
        <testcase name="testDeckInitialization" class="DeckOfCardsTest" classname="DeckOfCardsTest" file="/home/issa/dbwebb-kurser/mvc/me/report/tests/Card5/DeckOfCardsTest.php" line="9" assertions="1" time="0.001514"/>
        <testcase name="testDeckReset" class="DeckOfCardsTest" classname="DeckOfCardsTest" file="/home/issa/dbwebb-kurser/mvc/me/report/tests/Card5/DeckOfCardsTest.php" line="15" assertions="1" time="0.001244"/>
        <testcase name="testDealOneCard" class="DeckOfCardsTest" classname="DeckOfCardsTest" file="/home/issa/dbwebb-kurser/mvc/me/report/tests/Card5/DeckOfCardsTest.php" line="23" assertions="2" time="0.002338"/>
        <testcase name="testDealMultipleCards" class="DeckOfCardsTest" classname="DeckOfCardsTest" file="/home/issa/dbwebb-kurser/mvc/me/report/tests/Card5/DeckOfCardsTest.php" line="31" assertions="6" time="0.000753"/>
        <testcase name="testDeckSizeAfterDealing" class="DeckOfCardsTest" classname="DeckOfCardsTest" file="/home/issa/dbwebb-kurser/mvc/me/report/tests/Card5/DeckOfCardsTest.php" line="41" assertions="1" time="0.000963"/>
        <testcase name="testDealingMoreCardsThanInDeck" class="DeckOfCardsTest" classname="DeckOfCardsTest" file="/home/issa/dbwebb-kurser/mvc/me/report/tests/Card5/DeckOfCardsTest.php" line="50" assertions="1" time="0.000691"/>
      </testsuite>
      <testsuite name="EventLoggerTest" file="/home/issa/dbwebb-kurser/mvc/me/report/tests/Card5/EventLoggerTest.php" tests="3" assertions="6" errors="0" warnings="0" failures="0" skipped="0" time="0.001366">
        <testcase name="testLogAddsEventToTheEventsArray" class="EventLoggerTest" classname="EventLoggerTest" file="/home/issa/dbwebb-kurser/mvc/me/report/tests/Card5/EventLoggerTest.php" line="15" assertions="2" time="0.000450"/>
        <testcase name="testGetEventsReturnsEventsInCorrectOrder" class="EventLoggerTest" classname="EventLoggerTest" file="/home/issa/dbwebb-kurser/mvc/me/report/tests/Card5/EventLoggerTest.php" line="27" assertions="3" time="0.000428"/>
        <testcase name="testClearEmptiesTheEventsArray" class="EventLoggerTest" classname="EventLoggerTest" file="/home/issa/dbwebb-kurser/mvc/me/report/tests/Card5/EventLoggerTest.php" line="41" assertions="1" time="0.000488"/>
      </testsuite>
      <testsuite name="GameStateTest" file="/home/issa/dbwebb-kurser/mvc/me/report/tests/Card5/GameStateTest.php" tests="4" assertions="11" errors="0" warnings="0" failures="0" skipped="0" time="0.002550">
        <testcase name="testInitialStateIsAnte" class="GameStateTest" classname="GameStateTest" file="/home/issa/dbwebb-kurser/mvc/me/report/tests/Card5/GameStateTest.php" line="15" assertions="1" time="0.001127"/>
        <testcase name="testNextStateCyclesThroughStates" class="GameStateTest" classname="GameStateTest" file="/home/issa/dbwebb-kurser/mvc/me/report/tests/Card5/GameStateTest.php" line="20" assertions="7" time="0.000529"/>
        <testcase name="testSetStateSetsCorrectState" class="GameStateTest" classname="GameStateTest" file="/home/issa/dbwebb-kurser/mvc/me/report/tests/Card5/GameStateTest.php" line="43" assertions="2" time="0.000451"/>
        <testcase name="testSetStateInvalidStateDoesNothing" class="GameStateTest" classname="GameStateTest" file="/home/issa/dbwebb-kurser/mvc/me/report/tests/Card5/GameStateTest.php" line="52" assertions="1" time="0.000443"/>
      </testsuite>
      <testsuite name="HandEvaluatorTest" file="/home/issa/dbwebb-kurser/mvc/me/report/tests/Card5/HandEvaluatorTest.php" tests="10" assertions="11" errors="0" warnings="0" failures="0" skipped="0" time="0.008507">
        <testcase name="testEvaluateHandForStraightFlush" class="HandEvaluatorTest" classname="HandEvaluatorTest" file="/home/issa/dbwebb-kurser/mvc/me/report/tests/Card5/HandEvaluatorTest.php" line="10" assertions="1" time="0.000725"/>
        <testcase name="testEvaluateHandForFourOfAKind" class="HandEvaluatorTest" classname="HandEvaluatorTest" file="/home/issa/dbwebb-kurser/mvc/me/report/tests/Card5/HandEvaluatorTest.php" line="25" assertions="1" time="0.000539"/>
        <testcase name="testEvaluateHandForFullHouse" class="HandEvaluatorTest" classname="HandEvaluatorTest" file="/home/issa/dbwebb-kurser/mvc/me/report/tests/Card5/HandEvaluatorTest.php" line="40" assertions="1" time="0.001681"/>
        <testcase name="testEvaluateHandForFlush" class="HandEvaluatorTest" classname="HandEvaluatorTest" file="/home/issa/dbwebb-kurser/mvc/me/report/tests/Card5/HandEvaluatorTest.php" line="55" assertions="1" time="0.000628"/>
        <testcase name="testEvaluateHandForStraight" class="HandEvaluatorTest" classname="HandEvaluatorTest" file="/home/issa/dbwebb-kurser/mvc/me/report/tests/Card5/HandEvaluatorTest.php" line="70" assertions="1" time="0.000599"/>
        <testcase name="testEvaluateHandForThreeOfAKind" class="HandEvaluatorTest" classname="HandEvaluatorTest" file="/home/issa/dbwebb-kurser/mvc/me/report/tests/Card5/HandEvaluatorTest.php" line="85" assertions="1" time="0.000718"/>
        <testcase name="testEvaluateHandForTwoPair" class="HandEvaluatorTest" classname="HandEvaluatorTest" file="/home/issa/dbwebb-kurser/mvc/me/report/tests/Card5/HandEvaluatorTest.php" line="100" assertions="1" time="0.000725"/>
        <testcase name="testEvaluateHandForOnePair" class="HandEvaluatorTest" classname="HandEvaluatorTest" file="/home/issa/dbwebb-kurser/mvc/me/report/tests/Card5/HandEvaluatorTest.php" line="115" assertions="1" time="0.000578"/>
        <testcase name="testEvaluateHandForHighCard" class="HandEvaluatorTest" classname="HandEvaluatorTest" file="/home/issa/dbwebb-kurser/mvc/me/report/tests/Card5/HandEvaluatorTest.php" line="130" assertions="1" time="0.001490"/>
        <testcase name="testEvaluateBestHand" class="HandEvaluatorTest" classname="HandEvaluatorTest" file="/home/issa/dbwebb-kurser/mvc/me/report/tests/Card5/HandEvaluatorTest.php" line="144" assertions="2" time="0.000824"/>
      </testsuite>
      <testsuite name="PlayerManagerTest" file="/home/issa/dbwebb-kurser/mvc/me/report/tests/Card5/PlayerManagerTest.php" tests="5" assertions="18" errors="0" warnings="0" failures="0" skipped="0" time="0.011664">
        <testcase name="testGetPlayersReturnsCorrectPlayers" class="PlayerManagerTest" classname="PlayerManagerTest" file="/home/issa/dbwebb-kurser/mvc/me/report/tests/Card5/PlayerManagerTest.php" line="37" assertions="5" time="0.002871"/>
        <testcase name="testDealCardsDistributesCardsToPlayers" class="PlayerManagerTest" classname="PlayerManagerTest" file="/home/issa/dbwebb-kurser/mvc/me/report/tests/Card5/PlayerManagerTest.php" line="46" assertions="5" time="0.004656"/>
        <testcase name="testDiscardAndDrawCallsPlayerMethods" class="PlayerManagerTest" classname="PlayerManagerTest" file="/home/issa/dbwebb-kurser/mvc/me/report/tests/Card5/PlayerManagerTest.php" line="66" assertions="2" time="0.001358"/>
        <testcase name="testFoldCallsPlayerFold" class="PlayerManagerTest" classname="PlayerManagerTest" file="/home/issa/dbwebb-kurser/mvc/me/report/tests/Card5/PlayerManagerTest.php" line="78" assertions="2" time="0.001422"/>
        <testcase name="testResetCallsPlayerReset" class="PlayerManagerTest" classname="PlayerManagerTest" file="/home/issa/dbwebb-kurser/mvc/me/report/tests/Card5/PlayerManagerTest.php" line="88" assertions="4" time="0.001356"/>
      </testsuite>
      <testsuite name="PlayerTest" file="/home/issa/dbwebb-kurser/mvc/me/report/tests/Card5/PlayerTest.php" tests="15" assertions="24" errors="0" warnings="0" failures="0" skipped="0" time="0.014480">
        <testcase name="testReset" class="PlayerTest" classname="PlayerTest" file="/home/issa/dbwebb-kurser/mvc/me/report/tests/Card5/PlayerTest.php" line="19" assertions="3" time="0.000685"/>
        <testcase name="testHasSwapped" class="PlayerTest" classname="PlayerTest" file="/home/issa/dbwebb-kurser/mvc/me/report/tests/Card5/PlayerTest.php" line="36" assertions="2" time="0.001343"/>
        <testcase name="testReceiveCards" class="PlayerTest" classname="PlayerTest" file="/home/issa/dbwebb-kurser/mvc/me/report/tests/Card5/PlayerTest.php" line="57" assertions="2" time="0.000477"/>
        <testcase name="testDiscardAndDraw" class="PlayerTest" classname="PlayerTest" file="/home/issa/dbwebb-kurser/mvc/me/report/tests/Card5/PlayerTest.php" line="70" assertions="5" time="0.000821"/>
        <testcase name="testFold" class="PlayerTest" classname="PlayerTest" file="/home/issa/dbwebb-kurser/mvc/me/report/tests/Card5/PlayerTest.php" line="96" assertions="2" time="0.000469"/>
        <testcase name="testDecideCardsToSwapStraightFlush" class="PlayerTest" classname="PlayerTest" file="/home/issa/dbwebb-kurser/mvc/me/report/tests/Card5/PlayerTest.php" line="105" assertions="1" time="0.000818"/>
        <testcase name="testDecideCardsToSwapFourOfAKind" class="PlayerTest" classname="PlayerTest" file="/home/issa/dbwebb-kurser/mvc/me/report/tests/Card5/PlayerTest.php" line="124" assertions="1" time="0.000777"/>
        <testcase name="testDecideCardsToSwapFullHouse" class="PlayerTest" classname="PlayerTest" file="/home/issa/dbwebb-kurser/mvc/me/report/tests/Card5/PlayerTest.php" line="143" assertions="1" time="0.001326"/>
        <testcase name="testDecideCardsToSwapFlush" class="PlayerTest" classname="PlayerTest" file="/home/issa/dbwebb-kurser/mvc/me/report/tests/Card5/PlayerTest.php" line="162" assertions="1" time="0.000851"/>
        <testcase name="testDecideCardsToSwapStraight" class="PlayerTest" classname="PlayerTest" file="/home/issa/dbwebb-kurser/mvc/me/report/tests/Card5/PlayerTest.php" line="181" assertions="1" time="0.000730"/>
        <testcase name="testDecideCardsToSwapThreeOfAKind" class="PlayerTest" classname="PlayerTest" file="/home/issa/dbwebb-kurser/mvc/me/report/tests/Card5/PlayerTest.php" line="200" assertions="1" time="0.001487"/>
        <testcase name="testDecideCardsToSwapTwoPair" class="PlayerTest" classname="PlayerTest" file="/home/issa/dbwebb-kurser/mvc/me/report/tests/Card5/PlayerTest.php" line="219" assertions="1" time="0.000910"/>
        <testcase name="testDecideCardsToSwapOnePair" class="PlayerTest" classname="PlayerTest" file="/home/issa/dbwebb-kurser/mvc/me/report/tests/Card5/PlayerTest.php" line="238" assertions="1" time="0.000921"/>
        <testcase name="testDecideCardsToSwapHighCard" class="PlayerTest" classname="PlayerTest" file="/home/issa/dbwebb-kurser/mvc/me/report/tests/Card5/PlayerTest.php" line="257" assertions="1" time="0.000793"/>
        <testcase name="testDecideCardsToSwapUnknownHand" class="PlayerTest" classname="PlayerTest" file="/home/issa/dbwebb-kurser/mvc/me/report/tests/Card5/PlayerTest.php" line="276" assertions="1" time="0.002070"/>
      </testsuite>
      <testsuite name="PotTest" file="/home/issa/dbwebb-kurser/mvc/me/report/tests/Card5/PotTest.php" tests="3" assertions="5" errors="0" warnings="0" failures="0" skipped="0" time="0.001409">
        <testcase name="testInitialAmountIsZero" class="PotTest" classname="PotTest" file="/home/issa/dbwebb-kurser/mvc/me/report/tests/Card5/PotTest.php" line="15" assertions="1" time="0.000526"/>
        <testcase name="testAddIncreasesAmount" class="PotTest" classname="PotTest" file="/home/issa/dbwebb-kurser/mvc/me/report/tests/Card5/PotTest.php" line="20" assertions="2" time="0.000452"/>
        <testcase name="testResetResetsAmountToZero" class="PotTest" classname="PotTest" file="/home/issa/dbwebb-kurser/mvc/me/report/tests/Card5/PotTest.php" line="29" assertions="2" time="0.000431"/>
      </testsuite>
      <testsuite name="App\Tests\Controller\ConcreteCardControllerTest" file="/home/issa/dbwebb-kurser/mvc/me/report/tests/Controller/AbstractCardControllerTest.php" tests="1" assertions="2" errors="0" warnings="0" failures="0" skipped="0" time="0.007964">
        <testcase name="testStoreAndRetrieve" class="App\Tests\Controller\ConcreteCardControllerTest" classname="App.Tests.Controller.ConcreteCardControllerTest" file="/home/issa/dbwebb-kurser/mvc/me/report/tests/Controller/AbstractCardControllerTest.php" line="36" assertions="2" time="0.007964"/>
      </testsuite>
      <testsuite name="App\Tests\Controller\ApiControllerTest" file="/home/issa/dbwebb-kurser/mvc/me/report/tests/Controller/ApiControllerTest.php" tests="3" assertions="12" errors="0" warnings="0" failures="0" skipped="0" time="0.052563">
        <testcase name="testApiGame" class="App\Tests\Controller\ApiControllerTest" classname="App.Tests.Controller.ApiControllerTest" file="/home/issa/dbwebb-kurser/mvc/me/report/tests/Controller/ApiControllerTest.php" line="39" assertions="3" time="0.048010"/>
        <testcase name="testApiQuote" class="App\Tests\Controller\ApiControllerTest" classname="App.Tests.Controller.ApiControllerTest" file="/home/issa/dbwebb-kurser/mvc/me/report/tests/Controller/ApiControllerTest.php" line="62" assertions="5" time="0.002015"/>
        <testcase name="testApiListBooks" class="App\Tests\Controller\ApiControllerTest" classname="App.Tests.Controller.ApiControllerTest" file="/home/issa/dbwebb-kurser/mvc/me/report/tests/Controller/ApiControllerTest.php" line="77" assertions="4" time="0.002538"/>
      </testsuite>
      <testsuite name="App\Dice\DiceGraphicTest" file="/home/issa/dbwebb-kurser/mvc/me/report/tests/Dice/DiceGraphicTest.php" tests="2" assertions="2" errors="0" warnings="0" failures="0" skipped="0" time="0.001749">
        <testcase name="testGetAsStringReturnsNullWhenDiceNotRolled" class="App\Dice\DiceGraphicTest" classname="App.Dice.DiceGraphicTest" file="/home/issa/dbwebb-kurser/mvc/me/report/tests/Dice/DiceGraphicTest.php" line="12" assertions="1" time="0.001233"/>
        <testcase name="testGetAsStringReturnsNonEmptyString" class="App\Dice\DiceGraphicTest" classname="App.Dice.DiceGraphicTest" file="/home/issa/dbwebb-kurser/mvc/me/report/tests/Dice/DiceGraphicTest.php" line="19" assertions="1" time="0.000516"/>
      </testsuite>
      <testsuite name="App\Dice\DiceHandTest" file="/home/issa/dbwebb-kurser/mvc/me/report/tests/Dice/DiceHandTest.php" tests="4" assertions="15" errors="0" warnings="0" failures="0" skipped="0" time="0.004672">
        <testcase name="testCanAddDie" class="App\Dice\DiceHandTest" classname="App.Dice.DiceHandTest" file="/home/issa/dbwebb-kurser/mvc/me/report/tests/Dice/DiceHandTest.php" line="12" assertions="2" time="0.001059"/>
        <testcase name="testRollRollsAllDice" class="App\Dice\DiceHandTest" classname="App.Dice.DiceHandTest" file="/home/issa/dbwebb-kurser/mvc/me/report/tests/Dice/DiceHandTest.php" line="23" assertions="10" time="0.002607"/>
        <testcase name="testGetStringReturnsNonEmptyStrings" class="App\Dice\DiceHandTest" classname="App.Dice.DiceHandTest" file="/home/issa/dbwebb-kurser/mvc/me/report/tests/Dice/DiceHandTest.php" line="42" assertions="2" time="0.000499"/>
        <testcase name="testToStringReturnsNonEmptyStrings" class="App\Dice\DiceHandTest" classname="App.Dice.DiceHandTest" file="/home/issa/dbwebb-kurser/mvc/me/report/tests/Dice/DiceHandTest.php" line="56" assertions="1" time="0.000507"/>
      </testsuite>
      <testsuite name="App\Dice\DiceTest" file="/home/issa/dbwebb-kurser/mvc/me/report/tests/Dice/DiceTest.php" tests="3" assertions="7" errors="0" warnings="0" failures="0" skipped="0" time="0.001441">
        <testcase name="testCreateDice" class="App\Dice\DiceTest" classname="App.Dice.DiceTest" file="/home/issa/dbwebb-kurser/mvc/me/report/tests/Dice/DiceTest.php" line="16" assertions="2" time="0.000443"/>
        <testcase name="testRollReturnsRandomInteger" class="App\Dice\DiceTest" classname="App.Dice.DiceTest" file="/home/issa/dbwebb-kurser/mvc/me/report/tests/Dice/DiceTest.php" line="25" assertions="4" time="0.000607"/>
        <testcase name="testGetValueReturnsRolledNumber" class="App\Dice\DiceTest" classname="App.Dice.DiceTest" file="/home/issa/dbwebb-kurser/mvc/me/report/tests/Dice/DiceTest.php" line="34" assertions="1" time="0.000391"/>
      </testsuite>
      <testsuite name="App\Game21\GameTest" file="/home/issa/dbwebb-kurser/mvc/me/report/tests/Game21/GameTest.php" tests="11" assertions="19" errors="0" warnings="0" failures="0" skipped="0" time="0.024849">
        <testcase name="testCanGetPlayerPoints" class="App\Game21\GameTest" classname="App.Game21.GameTest" file="/home/issa/dbwebb-kurser/mvc/me/report/tests/Game21/GameTest.php" line="29" assertions="2" time="0.003938"/>
        <testcase name="testCanGetBankPoints" class="App\Game21\GameTest" classname="App.Game21.GameTest" file="/home/issa/dbwebb-kurser/mvc/me/report/tests/Game21/GameTest.php" line="39" assertions="3" time="0.001630"/>
        <testcase name="testWhenPlayerHasDrawnACardTheyCanStop" class="App\Game21\GameTest" classname="App.Game21.GameTest" file="/home/issa/dbwebb-kurser/mvc/me/report/tests/Game21/GameTest.php" line="50" assertions="2" time="0.001773"/>
        <testcase name="testWhenGameStartsPlayerCanTakeCard" class="App\Game21\GameTest" classname="App.Game21.GameTest" file="/home/issa/dbwebb-kurser/mvc/me/report/tests/Game21/GameTest.php" line="59" assertions="1" time="0.001102"/>
        <testcase name="testCanGetPlayerCards" class="App\Game21\GameTest" classname="App.Game21.GameTest" file="/home/issa/dbwebb-kurser/mvc/me/report/tests/Game21/GameTest.php" line="64" assertions="3" time="0.001519"/>
        <testcase name="testCanGetBankCards" class="App\Game21\GameTest" classname="App.Game21.GameTest" file="/home/issa/dbwebb-kurser/mvc/me/report/tests/Game21/GameTest.php" line="77" assertions="3" time="0.001240"/>
        <testcase name="testWhenPlayerStaysTheyCantTakeAnotherCard" class="App\Game21\GameTest" classname="App.Game21.GameTest" file="/home/issa/dbwebb-kurser/mvc/me/report/tests/Game21/GameTest.php" line="90" assertions="1" time="0.001326"/>
        <testcase name="testWhenPlayerStaysTheyNoLongerCanChooseToStop" class="App\Game21\GameTest" classname="App.Game21.GameTest" file="/home/issa/dbwebb-kurser/mvc/me/report/tests/Game21/GameTest.php" line="97" assertions="1" time="0.002936"/>
        <testcase name="testWhenPlayerGetMorePointsThan21TheyLose" class="App\Game21\GameTest" classname="App.Game21.GameTest" file="/home/issa/dbwebb-kurser/mvc/me/report/tests/Game21/GameTest.php" line="104" assertions="1" time="0.004370"/>
        <testcase name="testWhenBankGetsMorePointsThan21ThePlayerWins" class="App\Game21\GameTest" classname="App.Game21.GameTest" file="/home/issa/dbwebb-kurser/mvc/me/report/tests/Game21/GameTest.php" line="128" assertions="1" time="0.001584"/>
        <testcase name="testWhenPlayerGets21PointsTheyWin" class="App\Game21\GameTest" classname="App.Game21.GameTest" file="/home/issa/dbwebb-kurser/mvc/me/report/tests/Game21/GameTest.php" line="153" assertions="1" time="0.003433"/>
      </testsuite>
      <testsuite name="App\Game21\PlayerTest" file="/home/issa/dbwebb-kurser/mvc/me/report/tests/Game21/PlayerTest.php" tests="3" assertions="7" errors="0" warnings="0" failures="0" skipped="0" time="0.001479">
        <testcase name="testCanAddCards" class="App\Game21\PlayerTest" classname="App.Game21.PlayerTest" file="/home/issa/dbwebb-kurser/mvc/me/report/tests/Game21/PlayerTest.php" line="10" assertions="3" time="0.000507"/>
        <testcase name="testCanCountCards" class="App\Game21\PlayerTest" classname="App.Game21.PlayerTest" file="/home/issa/dbwebb-kurser/mvc/me/report/tests/Game21/PlayerTest.php" line="24" assertions="2" time="0.000466"/>
        <testcase name="testCanSumCardValues" class="App\Game21\PlayerTest" classname="App.Game21.PlayerTest" file="/home/issa/dbwebb-kurser/mvc/me/report/tests/Game21/PlayerTest.php" line="35" assertions="2" time="0.000506"/>
      </testsuite>
    </testsuite>
  </testsuite>
</testsuites>
