<?xml version="1.0" encoding="UTF-8"?>
<testsuites>
  <testsuite name="" tests="76" assertions="146" errors="0" warnings="0" failures="0" skipped="0" time="0.612975">
    <testsuite name="Project Test Suite" tests="76" assertions="146" errors="0" warnings="0" failures="0" skipped="0" time="0.612975">
      <testsuite name="App\Card\CardTest" file="/home/issa/dbwebb-kurser/mvc/me/report/tests/Card/CardTest.php" tests="8" assertions="22" errors="0" warnings="0" failures="0" skipped="0" time="0.031992">
        <testcase name="testValueFromRank" class="App\Card\CardTest" classname="App.Card.CardTest" file="/home/issa/dbwebb-kurser/mvc/me/report/tests/Card/CardTest.php" line="12" assertions="14" time="0.029243"/>
        <testcase name="testGetSuitSymbolForHearts" class="App\Card\CardTest" classname="App.Card.CardTest" file="/home/issa/dbwebb-kurser/mvc/me/report/tests/Card/CardTest.php" line="30" assertions="1" time="0.000378"/>
        <testcase name="testGetSuitSymbolForSpades" class="App\Card\CardTest" classname="App.Card.CardTest" file="/home/issa/dbwebb-kurser/mvc/me/report/tests/Card/CardTest.php" line="37" assertions="1" time="0.000369"/>
        <testcase name="testGetSuitSymbolForClubs" class="App\Card\CardTest" classname="App.Card.CardTest" file="/home/issa/dbwebb-kurser/mvc/me/report/tests/Card/CardTest.php" line="44" assertions="1" time="0.000370"/>
        <testcase name="testGetSuitSymbolForDiamonds" class="App\Card\CardTest" classname="App.Card.CardTest" file="/home/issa/dbwebb-kurser/mvc/me/report/tests/Card/CardTest.php" line="51" assertions="1" time="0.000371"/>
        <testcase name="testGetSuitSymbolReturnsEmptyStringWithInvalidSuit" class="App\Card\CardTest" classname="App.Card.CardTest" file="/home/issa/dbwebb-kurser/mvc/me/report/tests/Card/CardTest.php" line="58" assertions="1" time="0.000376"/>
        <testcase name="testSuitAndRankAreAssignedCorrectly" class="App\Card\CardTest" classname="App.Card.CardTest" file="/home/issa/dbwebb-kurser/mvc/me/report/tests/Card/CardTest.php" line="65" assertions="2" time="0.000483"/>
        <testcase name="testToStringReturnsBothSuitAndRank" class="App\Card\CardTest" classname="App.Card.CardTest" file="/home/issa/dbwebb-kurser/mvc/me/report/tests/Card/CardTest.php" line="73" assertions="1" time="0.000402"/>
      </testsuite>
      <testsuite name="App\Card\DeckOfCardsTest" file="/home/issa/dbwebb-kurser/mvc/me/report/tests/Card/DeckOfCardsTest.php" tests="7" assertions="8" errors="0" warnings="0" failures="0" skipped="0" time="0.063423">
        <testcase name="testCreatingNewDeckInitializesCards" class="App\Card\DeckOfCardsTest" classname="App.Card.DeckOfCardsTest" file="/home/issa/dbwebb-kurser/mvc/me/report/tests/Card/DeckOfCardsTest.php" line="12" assertions="1" time="0.034707"/>
        <testcase name="testShuffleShufflesCards" class="App\Card\DeckOfCardsTest" classname="App.Card.DeckOfCardsTest" file="/home/issa/dbwebb-kurser/mvc/me/report/tests/Card/DeckOfCardsTest.php" line="19" assertions="1" time="0.012099"/>
        <testcase name="testDrawCardsReturnsNullWhenNoCards" class="App\Card\DeckOfCardsTest" classname="App.Card.DeckOfCardsTest" file="/home/issa/dbwebb-kurser/mvc/me/report/tests/Card/DeckOfCardsTest.php" line="30" assertions="1" time="0.000865"/>
        <testcase name="testDrawCardReturnsTopCardInDeck" class="App\Card\DeckOfCardsTest" classname="App.Card.DeckOfCardsTest" file="/home/issa/dbwebb-kurser/mvc/me/report/tests/Card/DeckOfCardsTest.php" line="41" assertions="1" time="0.000727"/>
        <testcase name="testResetResetsCardsInDeck" class="App\Card\DeckOfCardsTest" classname="App.Card.DeckOfCardsTest" file="/home/issa/dbwebb-kurser/mvc/me/report/tests/Card/DeckOfCardsTest.php" line="52" assertions="1" time="0.011398"/>
        <testcase name="testToStringReturnsNonEmptyString" class="App\Card\DeckOfCardsTest" classname="App.Card.DeckOfCardsTest" file="/home/issa/dbwebb-kurser/mvc/me/report/tests/Card/DeckOfCardsTest.php" line="66" assertions="1" time="0.000948"/>
        <testcase name="testGetAllCardsSortedReturnsCardsSorted" class="App\Card\DeckOfCardsTest" classname="App.Card.DeckOfCardsTest" file="/home/issa/dbwebb-kurser/mvc/me/report/tests/Card/DeckOfCardsTest.php" line="73" assertions="2" time="0.002679"/>
      </testsuite>
      <testsuite name="DeckOfCardsTest" file="/home/issa/dbwebb-kurser/mvc/me/report/tests/Card5/DeckOfCardsTest.php" tests="6" assertions="12" errors="0" warnings="0" failures="0" skipped="0" time="0.030761">
        <testcase name="testDeckInitialization" class="DeckOfCardsTest" classname="DeckOfCardsTest" file="/home/issa/dbwebb-kurser/mvc/me/report/tests/Card5/DeckOfCardsTest.php" line="9" assertions="1" time="0.025440"/>
        <testcase name="testDeckReset" class="DeckOfCardsTest" classname="DeckOfCardsTest" file="/home/issa/dbwebb-kurser/mvc/me/report/tests/Card5/DeckOfCardsTest.php" line="15" assertions="1" time="0.000986"/>
        <testcase name="testDealOneCard" class="DeckOfCardsTest" classname="DeckOfCardsTest" file="/home/issa/dbwebb-kurser/mvc/me/report/tests/Card5/DeckOfCardsTest.php" line="23" assertions="2" time="0.001619"/>
        <testcase name="testDealMultipleCards" class="DeckOfCardsTest" classname="DeckOfCardsTest" file="/home/issa/dbwebb-kurser/mvc/me/report/tests/Card5/DeckOfCardsTest.php" line="31" assertions="6" time="0.000975"/>
        <testcase name="testDeckSizeAfterDealing" class="DeckOfCardsTest" classname="DeckOfCardsTest" file="/home/issa/dbwebb-kurser/mvc/me/report/tests/Card5/DeckOfCardsTest.php" line="41" assertions="1" time="0.000986"/>
        <testcase name="testDealingMoreCardsThanInDeck" class="DeckOfCardsTest" classname="DeckOfCardsTest" file="/home/issa/dbwebb-kurser/mvc/me/report/tests/Card5/DeckOfCardsTest.php" line="50" assertions="1" time="0.000756"/>
      </testsuite>
      <testsuite name="HandEvaluatorTest" file="/home/issa/dbwebb-kurser/mvc/me/report/tests/Card5/HandEvaluatorTest.php" tests="10" assertions="11" errors="0" warnings="0" failures="0" skipped="0" time="0.020984">
        <testcase name="testEvaluateHandForStraightFlush" class="HandEvaluatorTest" classname="HandEvaluatorTest" file="/home/issa/dbwebb-kurser/mvc/me/report/tests/Card5/HandEvaluatorTest.php" line="10" assertions="1" time="0.008293"/>
        <testcase name="testEvaluateHandForFourOfAKind" class="HandEvaluatorTest" classname="HandEvaluatorTest" file="/home/issa/dbwebb-kurser/mvc/me/report/tests/Card5/HandEvaluatorTest.php" line="25" assertions="1" time="0.000506"/>
        <testcase name="testEvaluateHandForFullHouse" class="HandEvaluatorTest" classname="HandEvaluatorTest" file="/home/issa/dbwebb-kurser/mvc/me/report/tests/Card5/HandEvaluatorTest.php" line="40" assertions="1" time="0.000440"/>
        <testcase name="testEvaluateHandForFlush" class="HandEvaluatorTest" classname="HandEvaluatorTest" file="/home/issa/dbwebb-kurser/mvc/me/report/tests/Card5/HandEvaluatorTest.php" line="55" assertions="1" time="0.000493"/>
        <testcase name="testEvaluateHandForStraight" class="HandEvaluatorTest" classname="HandEvaluatorTest" file="/home/issa/dbwebb-kurser/mvc/me/report/tests/Card5/HandEvaluatorTest.php" line="70" assertions="1" time="0.000488"/>
        <testcase name="testEvaluateHandForThreeOfAKind" class="HandEvaluatorTest" classname="HandEvaluatorTest" file="/home/issa/dbwebb-kurser/mvc/me/report/tests/Card5/HandEvaluatorTest.php" line="85" assertions="1" time="0.000440"/>
        <testcase name="testEvaluateHandForTwoPair" class="HandEvaluatorTest" classname="HandEvaluatorTest" file="/home/issa/dbwebb-kurser/mvc/me/report/tests/Card5/HandEvaluatorTest.php" line="100" assertions="1" time="0.000602"/>
        <testcase name="testEvaluateHandForOnePair" class="HandEvaluatorTest" classname="HandEvaluatorTest" file="/home/issa/dbwebb-kurser/mvc/me/report/tests/Card5/HandEvaluatorTest.php" line="115" assertions="1" time="0.000611"/>
        <testcase name="testEvaluateHandForHighCard" class="HandEvaluatorTest" classname="HandEvaluatorTest" file="/home/issa/dbwebb-kurser/mvc/me/report/tests/Card5/HandEvaluatorTest.php" line="130" assertions="1" time="0.000580"/>
        <testcase name="testEvaluateBestHand" class="HandEvaluatorTest" classname="HandEvaluatorTest" file="/home/issa/dbwebb-kurser/mvc/me/report/tests/Card5/HandEvaluatorTest.php" line="144" assertions="2" time="0.008530"/>
      </testsuite>
      <testsuite name="PlayerTest" file="/home/issa/dbwebb-kurser/mvc/me/report/tests/Card5/PlayerTest.php" tests="15" assertions="24" errors="0" warnings="0" failures="0" skipped="0" time="0.046280">
        <testcase name="testReset" class="PlayerTest" classname="PlayerTest" file="/home/issa/dbwebb-kurser/mvc/me/report/tests/Card5/PlayerTest.php" line="19" assertions="3" time="0.026975"/>
        <testcase name="testHasSwapped" class="PlayerTest" classname="PlayerTest" file="/home/issa/dbwebb-kurser/mvc/me/report/tests/Card5/PlayerTest.php" line="36" assertions="2" time="0.006740"/>
        <testcase name="testReceiveCards" class="PlayerTest" classname="PlayerTest" file="/home/issa/dbwebb-kurser/mvc/me/report/tests/Card5/PlayerTest.php" line="57" assertions="2" time="0.001034"/>
        <testcase name="testDiscardAndDraw" class="PlayerTest" classname="PlayerTest" file="/home/issa/dbwebb-kurser/mvc/me/report/tests/Card5/PlayerTest.php" line="70" assertions="5" time="0.001050"/>
        <testcase name="testFold" class="PlayerTest" classname="PlayerTest" file="/home/issa/dbwebb-kurser/mvc/me/report/tests/Card5/PlayerTest.php" line="96" assertions="2" time="0.000426"/>
        <testcase name="testDecideCardsToSwapStraightFlush" class="PlayerTest" classname="PlayerTest" file="/home/issa/dbwebb-kurser/mvc/me/report/tests/Card5/PlayerTest.php" line="105" assertions="1" time="0.001194"/>
        <testcase name="testDecideCardsToSwapFourOfAKind" class="PlayerTest" classname="PlayerTest" file="/home/issa/dbwebb-kurser/mvc/me/report/tests/Card5/PlayerTest.php" line="124" assertions="1" time="0.000705"/>
        <testcase name="testDecideCardsToSwapFullHouse" class="PlayerTest" classname="PlayerTest" file="/home/issa/dbwebb-kurser/mvc/me/report/tests/Card5/PlayerTest.php" line="143" assertions="1" time="0.000676"/>
        <testcase name="testDecideCardsToSwapFlush" class="PlayerTest" classname="PlayerTest" file="/home/issa/dbwebb-kurser/mvc/me/report/tests/Card5/PlayerTest.php" line="162" assertions="1" time="0.001421"/>
        <testcase name="testDecideCardsToSwapStraight" class="PlayerTest" classname="PlayerTest" file="/home/issa/dbwebb-kurser/mvc/me/report/tests/Card5/PlayerTest.php" line="181" assertions="1" time="0.001691"/>
        <testcase name="testDecideCardsToSwapThreeOfAKind" class="PlayerTest" classname="PlayerTest" file="/home/issa/dbwebb-kurser/mvc/me/report/tests/Card5/PlayerTest.php" line="200" assertions="1" time="0.000851"/>
        <testcase name="testDecideCardsToSwapTwoPair" class="PlayerTest" classname="PlayerTest" file="/home/issa/dbwebb-kurser/mvc/me/report/tests/Card5/PlayerTest.php" line="219" assertions="1" time="0.001112"/>
        <testcase name="testDecideCardsToSwapOnePair" class="PlayerTest" classname="PlayerTest" file="/home/issa/dbwebb-kurser/mvc/me/report/tests/Card5/PlayerTest.php" line="238" assertions="1" time="0.000866"/>
        <testcase name="testDecideCardsToSwapHighCard" class="PlayerTest" classname="PlayerTest" file="/home/issa/dbwebb-kurser/mvc/me/report/tests/Card5/PlayerTest.php" line="257" assertions="1" time="0.000742"/>
        <testcase name="testDecideCardsToSwapUnknownHand" class="PlayerTest" classname="PlayerTest" file="/home/issa/dbwebb-kurser/mvc/me/report/tests/Card5/PlayerTest.php" line="276" assertions="1" time="0.000796"/>
      </testsuite>
      <testsuite name="PotTest" file="/home/issa/dbwebb-kurser/mvc/me/report/tests/Card5/PotTest.php" tests="3" assertions="5" errors="0" warnings="0" failures="0" skipped="0" time="0.010365">
        <testcase name="testInitialAmountIsZero" class="PotTest" classname="PotTest" file="/home/issa/dbwebb-kurser/mvc/me/report/tests/Card5/PotTest.php" line="15" assertions="1" time="0.009364"/>
        <testcase name="testAddIncreasesAmount" class="PotTest" classname="PotTest" file="/home/issa/dbwebb-kurser/mvc/me/report/tests/Card5/PotTest.php" line="20" assertions="2" time="0.000427"/>
        <testcase name="testResetResetsAmountToZero" class="PotTest" classname="PotTest" file="/home/issa/dbwebb-kurser/mvc/me/report/tests/Card5/PotTest.php" line="29" assertions="2" time="0.000574"/>
      </testsuite>
      <testsuite name="App\Tests\Controller\ConcreteCardControllerTest" file="/home/issa/dbwebb-kurser/mvc/me/report/tests/Controller/AbstractCardControllerTest.php" tests="1" assertions="2" errors="0" warnings="0" failures="0" skipped="0" time="0.021677">
        <testcase name="testStoreAndRetrieve" class="App\Tests\Controller\ConcreteCardControllerTest" classname="App.Tests.Controller.ConcreteCardControllerTest" file="/home/issa/dbwebb-kurser/mvc/me/report/tests/Controller/AbstractCardControllerTest.php" line="36" assertions="2" time="0.021677"/>
      </testsuite>
      <testsuite name="App\Tests\Controller\ApiControllerTest" file="/home/issa/dbwebb-kurser/mvc/me/report/tests/Controller/ApiControllerTest.php" tests="3" assertions="12" errors="0" warnings="0" failures="0" skipped="0" time="0.292384">
        <testcase name="testApiGame" class="App\Tests\Controller\ApiControllerTest" classname="App.Tests.Controller.ApiControllerTest" file="/home/issa/dbwebb-kurser/mvc/me/report/tests/Controller/ApiControllerTest.php" line="39" assertions="3" time="0.280363"/>
        <testcase name="testApiQuote" class="App\Tests\Controller\ApiControllerTest" classname="App.Tests.Controller.ApiControllerTest" file="/home/issa/dbwebb-kurser/mvc/me/report/tests/Controller/ApiControllerTest.php" line="62" assertions="5" time="0.001822"/>
        <testcase name="testApiListBooks" class="App\Tests\Controller\ApiControllerTest" classname="App.Tests.Controller.ApiControllerTest" file="/home/issa/dbwebb-kurser/mvc/me/report/tests/Controller/ApiControllerTest.php" line="77" assertions="4" time="0.010200"/>
      </testsuite>
      <testsuite name="App\Dice\DiceGraphicTest" file="/home/issa/dbwebb-kurser/mvc/me/report/tests/Dice/DiceGraphicTest.php" tests="2" assertions="2" errors="0" warnings="0" failures="0" skipped="0" time="0.024838">
        <testcase name="testGetAsStringReturnsNullWhenDiceNotRolled" class="App\Dice\DiceGraphicTest" classname="App.Dice.DiceGraphicTest" file="/home/issa/dbwebb-kurser/mvc/me/report/tests/Dice/DiceGraphicTest.php" line="12" assertions="1" time="0.024206"/>
        <testcase name="testGetAsStringReturnsNonEmptyString" class="App\Dice\DiceGraphicTest" classname="App.Dice.DiceGraphicTest" file="/home/issa/dbwebb-kurser/mvc/me/report/tests/Dice/DiceGraphicTest.php" line="19" assertions="1" time="0.000632"/>
      </testsuite>
      <testsuite name="App\Dice\DiceHandTest" file="/home/issa/dbwebb-kurser/mvc/me/report/tests/Dice/DiceHandTest.php" tests="4" assertions="15" errors="0" warnings="0" failures="0" skipped="0" time="0.014412">
        <testcase name="testCanAddDie" class="App\Dice\DiceHandTest" classname="App.Dice.DiceHandTest" file="/home/issa/dbwebb-kurser/mvc/me/report/tests/Dice/DiceHandTest.php" line="12" assertions="2" time="0.010831"/>
        <testcase name="testRollRollsAllDice" class="App\Dice\DiceHandTest" classname="App.Dice.DiceHandTest" file="/home/issa/dbwebb-kurser/mvc/me/report/tests/Dice/DiceHandTest.php" line="23" assertions="10" time="0.002506"/>
        <testcase name="testGetStringReturnsNonEmptyStrings" class="App\Dice\DiceHandTest" classname="App.Dice.DiceHandTest" file="/home/issa/dbwebb-kurser/mvc/me/report/tests/Dice/DiceHandTest.php" line="42" assertions="2" time="0.000573"/>
        <testcase name="testToStringReturnsNonEmptyStrings" class="App\Dice\DiceHandTest" classname="App.Dice.DiceHandTest" file="/home/issa/dbwebb-kurser/mvc/me/report/tests/Dice/DiceHandTest.php" line="56" assertions="1" time="0.000502"/>
      </testsuite>
      <testsuite name="App\Dice\DiceTest" file="/home/issa/dbwebb-kurser/mvc/me/report/tests/Dice/DiceTest.php" tests="3" assertions="7" errors="0" warnings="0" failures="0" skipped="0" time="0.002241">
        <testcase name="testCreateDice" class="App\Dice\DiceTest" classname="App.Dice.DiceTest" file="/home/issa/dbwebb-kurser/mvc/me/report/tests/Dice/DiceTest.php" line="16" assertions="2" time="0.000970"/>
        <testcase name="testRollReturnsRandomInteger" class="App\Dice\DiceTest" classname="App.Dice.DiceTest" file="/home/issa/dbwebb-kurser/mvc/me/report/tests/Dice/DiceTest.php" line="25" assertions="4" time="0.000849"/>
        <testcase name="testGetValueReturnsRolledNumber" class="App\Dice\DiceTest" classname="App.Dice.DiceTest" file="/home/issa/dbwebb-kurser/mvc/me/report/tests/Dice/DiceTest.php" line="34" assertions="1" time="0.000421"/>
      </testsuite>
      <testsuite name="App\Game21\GameTest" file="/home/issa/dbwebb-kurser/mvc/me/report/tests/Game21/GameTest.php" tests="11" assertions="19" errors="0" warnings="0" failures="0" skipped="0" time="0.052189">
        <testcase name="testCanGetPlayerPoints" class="App\Game21\GameTest" classname="App.Game21.GameTest" file="/home/issa/dbwebb-kurser/mvc/me/report/tests/Game21/GameTest.php" line="29" assertions="2" time="0.033926"/>
        <testcase name="testCanGetBankPoints" class="App\Game21\GameTest" classname="App.Game21.GameTest" file="/home/issa/dbwebb-kurser/mvc/me/report/tests/Game21/GameTest.php" line="39" assertions="3" time="0.001389"/>
        <testcase name="testWhenPlayerHasDrawnACardTheyCanStop" class="App\Game21\GameTest" classname="App.Game21.GameTest" file="/home/issa/dbwebb-kurser/mvc/me/report/tests/Game21/GameTest.php" line="50" assertions="2" time="0.001076"/>
        <testcase name="testWhenGameStartsPlayerCanTakeCard" class="App\Game21\GameTest" classname="App.Game21.GameTest" file="/home/issa/dbwebb-kurser/mvc/me/report/tests/Game21/GameTest.php" line="59" assertions="1" time="0.001444"/>
        <testcase name="testCanGetPlayerCards" class="App\Game21\GameTest" classname="App.Game21.GameTest" file="/home/issa/dbwebb-kurser/mvc/me/report/tests/Game21/GameTest.php" line="64" assertions="3" time="0.001239"/>
        <testcase name="testCanGetBankCards" class="App\Game21\GameTest" classname="App.Game21.GameTest" file="/home/issa/dbwebb-kurser/mvc/me/report/tests/Game21/GameTest.php" line="77" assertions="3" time="0.001397"/>
        <testcase name="testWhenPlayerStaysTheyCantTakeAnotherCard" class="App\Game21\GameTest" classname="App.Game21.GameTest" file="/home/issa/dbwebb-kurser/mvc/me/report/tests/Game21/GameTest.php" line="90" assertions="1" time="0.001092"/>
        <testcase name="testWhenPlayerStaysTheyNoLongerCanChooseToStop" class="App\Game21\GameTest" classname="App.Game21.GameTest" file="/home/issa/dbwebb-kurser/mvc/me/report/tests/Game21/GameTest.php" line="97" assertions="1" time="0.001088"/>
        <testcase name="testWhenPlayerGetMorePointsThan21TheyLose" class="App\Game21\GameTest" classname="App.Game21.GameTest" file="/home/issa/dbwebb-kurser/mvc/me/report/tests/Game21/GameTest.php" line="104" assertions="1" time="0.003431"/>
        <testcase name="testWhenBankGetsMorePointsThan21ThePlayerWins" class="App\Game21\GameTest" classname="App.Game21.GameTest" file="/home/issa/dbwebb-kurser/mvc/me/report/tests/Game21/GameTest.php" line="128" assertions="1" time="0.002390"/>
        <testcase name="testWhenPlayerGets21PointsTheyWin" class="App\Game21\GameTest" classname="App.Game21.GameTest" file="/home/issa/dbwebb-kurser/mvc/me/report/tests/Game21/GameTest.php" line="153" assertions="1" time="0.003717"/>
      </testsuite>
      <testsuite name="App\Game21\PlayerTest" file="/home/issa/dbwebb-kurser/mvc/me/report/tests/Game21/PlayerTest.php" tests="3" assertions="7" errors="0" warnings="0" failures="0" skipped="0" time="0.001430">
        <testcase name="testCanAddCards" class="App\Game21\PlayerTest" classname="App.Game21.PlayerTest" file="/home/issa/dbwebb-kurser/mvc/me/report/tests/Game21/PlayerTest.php" line="10" assertions="3" time="0.000444"/>
        <testcase name="testCanCountCards" class="App\Game21\PlayerTest" classname="App.Game21.PlayerTest" file="/home/issa/dbwebb-kurser/mvc/me/report/tests/Game21/PlayerTest.php" line="24" assertions="2" time="0.000466"/>
        <testcase name="testCanSumCardValues" class="App\Game21\PlayerTest" classname="App.Game21.PlayerTest" file="/home/issa/dbwebb-kurser/mvc/me/report/tests/Game21/PlayerTest.php" line="35" assertions="2" time="0.000519"/>
      </testsuite>
    </testsuite>
  </testsuite>
</testsuites>
