<?xml version="1.0" encoding="UTF-8"?>
<testsuites>
  <testsuite name="" tests="131" assertions="275" errors="0" warnings="0" failures="0" skipped="0" time="0.339092">
    <testsuite name="Project Test Suite" tests="131" assertions="275" errors="0" warnings="0" failures="0" skipped="0" time="0.339092">
      <testsuite name="App\Card\CardTest" file="/home/issa/dbwebb-kurser/mvc/me/report/tests/Card/CardTest.php" tests="8" assertions="22" errors="0" warnings="0" failures="0" skipped="0" time="0.015231">
        <testcase name="testValueFromRank" class="App\Card\CardTest" classname="App.Card.CardTest" file="/home/issa/dbwebb-kurser/mvc/me/report/tests/Card/CardTest.php" line="12" assertions="14" time="0.012348"/>
        <testcase name="testGetSuitSymbolForHearts" class="App\Card\CardTest" classname="App.Card.CardTest" file="/home/issa/dbwebb-kurser/mvc/me/report/tests/Card/CardTest.php" line="30" assertions="1" time="0.000489"/>
        <testcase name="testGetSuitSymbolForSpades" class="App\Card\CardTest" classname="App.Card.CardTest" file="/home/issa/dbwebb-kurser/mvc/me/report/tests/Card/CardTest.php" line="37" assertions="1" time="0.000418"/>
        <testcase name="testGetSuitSymbolForClubs" class="App\Card\CardTest" classname="App.Card.CardTest" file="/home/issa/dbwebb-kurser/mvc/me/report/tests/Card/CardTest.php" line="44" assertions="1" time="0.000392"/>
        <testcase name="testGetSuitSymbolForDiamonds" class="App\Card\CardTest" classname="App.Card.CardTest" file="/home/issa/dbwebb-kurser/mvc/me/report/tests/Card/CardTest.php" line="51" assertions="1" time="0.000349"/>
        <testcase name="testGetSuitSymbolReturnsEmptyStringWithInvalidSuit" class="App\Card\CardTest" classname="App.Card.CardTest" file="/home/issa/dbwebb-kurser/mvc/me/report/tests/Card/CardTest.php" line="58" assertions="1" time="0.000449"/>
        <testcase name="testSuitAndRankAreAssignedCorrectly" class="App\Card\CardTest" classname="App.Card.CardTest" file="/home/issa/dbwebb-kurser/mvc/me/report/tests/Card/CardTest.php" line="65" assertions="2" time="0.000429"/>
        <testcase name="testToStringReturnsBothSuitAndRank" class="App\Card\CardTest" classname="App.Card.CardTest" file="/home/issa/dbwebb-kurser/mvc/me/report/tests/Card/CardTest.php" line="73" assertions="1" time="0.000358"/>
      </testsuite>
      <testsuite name="App\Card\DeckOfCardsTest" file="/home/issa/dbwebb-kurser/mvc/me/report/tests/Card/DeckOfCardsTest.php" tests="7" assertions="8" errors="0" warnings="0" failures="0" skipped="0" time="0.030263">
        <testcase name="testCreatingNewDeckInitializesCards" class="App\Card\DeckOfCardsTest" classname="App.Card.DeckOfCardsTest" file="/home/issa/dbwebb-kurser/mvc/me/report/tests/Card/DeckOfCardsTest.php" line="12" assertions="1" time="0.001509"/>
        <testcase name="testShuffleShufflesCards" class="App\Card\DeckOfCardsTest" classname="App.Card.DeckOfCardsTest" file="/home/issa/dbwebb-kurser/mvc/me/report/tests/Card/DeckOfCardsTest.php" line="19" assertions="1" time="0.013449"/>
        <testcase name="testDrawCardsReturnsNullWhenNoCards" class="App\Card\DeckOfCardsTest" classname="App.Card.DeckOfCardsTest" file="/home/issa/dbwebb-kurser/mvc/me/report/tests/Card/DeckOfCardsTest.php" line="30" assertions="1" time="0.000819"/>
        <testcase name="testDrawCardReturnsTopCardInDeck" class="App\Card\DeckOfCardsTest" classname="App.Card.DeckOfCardsTest" file="/home/issa/dbwebb-kurser/mvc/me/report/tests/Card/DeckOfCardsTest.php" line="41" assertions="1" time="0.000652"/>
        <testcase name="testResetResetsCardsInDeck" class="App\Card\DeckOfCardsTest" classname="App.Card.DeckOfCardsTest" file="/home/issa/dbwebb-kurser/mvc/me/report/tests/Card/DeckOfCardsTest.php" line="52" assertions="1" time="0.010102"/>
        <testcase name="testToStringReturnsNonEmptyString" class="App\Card\DeckOfCardsTest" classname="App.Card.DeckOfCardsTest" file="/home/issa/dbwebb-kurser/mvc/me/report/tests/Card/DeckOfCardsTest.php" line="66" assertions="1" time="0.000820"/>
        <testcase name="testGetAllCardsSortedReturnsCardsSorted" class="App\Card\DeckOfCardsTest" classname="App.Card.DeckOfCardsTest" file="/home/issa/dbwebb-kurser/mvc/me/report/tests/Card/DeckOfCardsTest.php" line="73" assertions="2" time="0.002912"/>
      </testsuite>
      <testsuite name="App\Tests\Card5\BettingRoundTest" file="/home/issa/dbwebb-kurser/mvc/me/report/tests/Card5/BettingRoundTest.php" tests="16" assertions="31" errors="0" warnings="0" failures="0" skipped="0" time="0.074655">
        <testcase name="testComputerTurnNoPreviousBetsCheck" class="App\Tests\Card5\BettingRoundTest" classname="App.Tests.Card5.BettingRoundTest" file="/home/issa/dbwebb-kurser/mvc/me/report/tests/Card5/BettingRoundTest.php" line="41" assertions="2" time="0.040328"/>
        <testcase name="testComputerTurnNoPreviousBetsBetNonZero" class="App\Tests\Card5\BettingRoundTest" classname="App.Tests.Card5.BettingRoundTest" file="/home/issa/dbwebb-kurser/mvc/me/report/tests/Card5/BettingRoundTest.php" line="56" assertions="3" time="0.002002"/>
        <testcase name="testComputerTurnPreviousBetIsZeroBetNonZero" class="App\Tests\Card5\BettingRoundTest" classname="App.Tests.Card5.BettingRoundTest" file="/home/issa/dbwebb-kurser/mvc/me/report/tests/Card5/BettingRoundTest.php" line="73" assertions="3" time="0.001292"/>
        <testcase name="testComputerTurnWhenComputerHasWeakerHand" class="App\Tests\Card5\BettingRoundTest" classname="App.Tests.Card5.BettingRoundTest" file="/home/issa/dbwebb-kurser/mvc/me/report/tests/Card5/BettingRoundTest.php" line="93" assertions="3" time="0.002403"/>
        <testcase name="testComputerCallsMatchingPlayerBetWhenHandIsStronger" class="App\Tests\Card5\BettingRoundTest" classname="App.Tests.Card5.BettingRoundTest" file="/home/issa/dbwebb-kurser/mvc/me/report/tests/Card5/BettingRoundTest.php" line="119" assertions="3" time="0.001626"/>
        <testcase name="testIsBettingRoundOverNoBets" class="App\Tests\Card5\BettingRoundTest" classname="App.Tests.Card5.BettingRoundTest" file="/home/issa/dbwebb-kurser/mvc/me/report/tests/Card5/BettingRoundTest.php" line="148" assertions="1" time="0.002709"/>
        <testcase name="testIsBettingRoundOverPlayerBetsComputerChecks" class="App\Tests\Card5\BettingRoundTest" classname="App.Tests.Card5.BettingRoundTest" file="/home/issa/dbwebb-kurser/mvc/me/report/tests/Card5/BettingRoundTest.php" line="153" assertions="1" time="0.001379"/>
        <testcase name="testIsBettingRoundOverPlayerBetsComputerCalls" class="App\Tests\Card5\BettingRoundTest" classname="App.Tests.Card5.BettingRoundTest" file="/home/issa/dbwebb-kurser/mvc/me/report/tests/Card5/BettingRoundTest.php" line="164" assertions="1" time="0.001355"/>
        <testcase name="testIsBettingRoundOverPlayerBetsComputerFolds" class="App\Tests\Card5\BettingRoundTest" classname="App.Tests.Card5.BettingRoundTest" file="/home/issa/dbwebb-kurser/mvc/me/report/tests/Card5/BettingRoundTest.php" line="175" assertions="1" time="0.002381"/>
        <testcase name="testIsBettingRoundOverPlayerChecksComputerBets" class="App\Tests\Card5\BettingRoundTest" classname="App.Tests.Card5.BettingRoundTest" file="/home/issa/dbwebb-kurser/mvc/me/report/tests/Card5/BettingRoundTest.php" line="189" assertions="1" time="0.001226"/>
        <testcase name="testHasBetsNoBets" class="App\Tests\Card5\BettingRoundTest" classname="App.Tests.Card5.BettingRoundTest" file="/home/issa/dbwebb-kurser/mvc/me/report/tests/Card5/BettingRoundTest.php" line="200" assertions="1" time="0.001463"/>
        <testcase name="testHasBetsWithBets" class="App\Tests\Card5\BettingRoundTest" classname="App.Tests.Card5.BettingRoundTest" file="/home/issa/dbwebb-kurser/mvc/me/report/tests/Card5/BettingRoundTest.php" line="205" assertions="1" time="0.002005"/>
        <testcase name="testResetAfterBets" class="App\Tests\Card5\BettingRoundTest" classname="App.Tests.Card5.BettingRoundTest" file="/home/issa/dbwebb-kurser/mvc/me/report/tests/Card5/BettingRoundTest.php" line="211" assertions="3" time="0.001779"/>
        <testcase name="testResetWithoutBets" class="App\Tests\Card5\BettingRoundTest" classname="App.Tests.Card5.BettingRoundTest" file="/home/issa/dbwebb-kurser/mvc/me/report/tests/Card5/BettingRoundTest.php" line="222" assertions="2" time="0.001975"/>
        <testcase name="testPlayerCall" class="App\Tests\Card5\BettingRoundTest" classname="App.Tests.Card5.BettingRoundTest" file="/home/issa/dbwebb-kurser/mvc/me/report/tests/Card5/BettingRoundTest.php" line="230" assertions="3" time="0.008577"/>
        <testcase name="testPlayerFoldAfterBetting" class="App\Tests\Card5\BettingRoundTest" classname="App.Tests.Card5.BettingRoundTest" file="/home/issa/dbwebb-kurser/mvc/me/report/tests/Card5/BettingRoundTest.php" line="256" assertions="2" time="0.002155"/>
      </testsuite>
      <testsuite name="DeckOfCardsTest" file="/home/issa/dbwebb-kurser/mvc/me/report/tests/Card5/DeckOfCardsTest.php" tests="6" assertions="12" errors="0" warnings="0" failures="0" skipped="0" time="0.009507">
        <testcase name="testDeckInitialization" class="DeckOfCardsTest" classname="DeckOfCardsTest" file="/home/issa/dbwebb-kurser/mvc/me/report/tests/Card5/DeckOfCardsTest.php" line="9" assertions="1" time="0.002351"/>
        <testcase name="testDeckReset" class="DeckOfCardsTest" classname="DeckOfCardsTest" file="/home/issa/dbwebb-kurser/mvc/me/report/tests/Card5/DeckOfCardsTest.php" line="15" assertions="1" time="0.001261"/>
        <testcase name="testDealOneCard" class="DeckOfCardsTest" classname="DeckOfCardsTest" file="/home/issa/dbwebb-kurser/mvc/me/report/tests/Card5/DeckOfCardsTest.php" line="23" assertions="2" time="0.001581"/>
        <testcase name="testDealMultipleCards" class="DeckOfCardsTest" classname="DeckOfCardsTest" file="/home/issa/dbwebb-kurser/mvc/me/report/tests/Card5/DeckOfCardsTest.php" line="31" assertions="6" time="0.001134"/>
        <testcase name="testDeckSizeAfterDealing" class="DeckOfCardsTest" classname="DeckOfCardsTest" file="/home/issa/dbwebb-kurser/mvc/me/report/tests/Card5/DeckOfCardsTest.php" line="41" assertions="1" time="0.001906"/>
        <testcase name="testDealingMoreCardsThanInDeck" class="DeckOfCardsTest" classname="DeckOfCardsTest" file="/home/issa/dbwebb-kurser/mvc/me/report/tests/Card5/DeckOfCardsTest.php" line="50" assertions="1" time="0.001273"/>
      </testsuite>
      <testsuite name="EventLoggerTest" file="/home/issa/dbwebb-kurser/mvc/me/report/tests/Card5/EventLoggerTest.php" tests="3" assertions="6" errors="0" warnings="0" failures="0" skipped="0" time="0.001894">
        <testcase name="testLogAddsEventToTheEventsArray" class="EventLoggerTest" classname="EventLoggerTest" file="/home/issa/dbwebb-kurser/mvc/me/report/tests/Card5/EventLoggerTest.php" line="15" assertions="2" time="0.000484"/>
        <testcase name="testGetEventsReturnsEventsInCorrectOrder" class="EventLoggerTest" classname="EventLoggerTest" file="/home/issa/dbwebb-kurser/mvc/me/report/tests/Card5/EventLoggerTest.php" line="27" assertions="3" time="0.000524"/>
        <testcase name="testClearEmptiesTheEventsArray" class="EventLoggerTest" classname="EventLoggerTest" file="/home/issa/dbwebb-kurser/mvc/me/report/tests/Card5/EventLoggerTest.php" line="41" assertions="1" time="0.000887"/>
      </testsuite>
      <testsuite name="App\Card5\GameActionCheckerTest" file="/home/issa/dbwebb-kurser/mvc/me/report/tests/Card5/GameActionCheckerTest.php" tests="5" assertions="19" errors="0" warnings="0" failures="0" skipped="0" time="0.011316">
        <testcase name="testCanCheckWhenFirstBettingRoundNoBets" class="App\Card5\GameActionCheckerTest" classname="App.Card5.GameActionCheckerTest" file="/home/issa/dbwebb-kurser/mvc/me/report/tests/Card5/GameActionCheckerTest.php" line="13" assertions="4" time="0.005425"/>
        <testcase name="testCanBetWhenFirstBettingRoundNoBets" class="App\Card5\GameActionCheckerTest" classname="App.Card5.GameActionCheckerTest" file="/home/issa/dbwebb-kurser/mvc/me/report/tests/Card5/GameActionCheckerTest.php" line="31" assertions="4" time="0.001332"/>
        <testcase name="testCanDrawWhenInDrawState" class="App\Card5\GameActionCheckerTest" classname="App.Card5.GameActionCheckerTest" file="/home/issa/dbwebb-kurser/mvc/me/report/tests/Card5/GameActionCheckerTest.php" line="49" assertions="3" time="0.001398"/>
        <testcase name="testCanCallWhenFirstBettingRoundWithBets" class="App\Card5\GameActionCheckerTest" classname="App.Card5.GameActionCheckerTest" file="/home/issa/dbwebb-kurser/mvc/me/report/tests/Card5/GameActionCheckerTest.php" line="66" assertions="4" time="0.002085"/>
        <testcase name="testCanFoldWhenFirstBettingRoundWithBets" class="App\Card5\GameActionCheckerTest" classname="App.Card5.GameActionCheckerTest" file="/home/issa/dbwebb-kurser/mvc/me/report/tests/Card5/GameActionCheckerTest.php" line="84" assertions="4" time="0.001076"/>
      </testsuite>
      <testsuite name="GameStateTest" file="/home/issa/dbwebb-kurser/mvc/me/report/tests/Card5/GameStateTest.php" tests="4" assertions="11" errors="0" warnings="0" failures="0" skipped="0" time="0.004780">
        <testcase name="testInitialStateIsAnte" class="GameStateTest" classname="GameStateTest" file="/home/issa/dbwebb-kurser/mvc/me/report/tests/Card5/GameStateTest.php" line="15" assertions="1" time="0.000706"/>
        <testcase name="testNextStateCyclesThroughStates" class="GameStateTest" classname="GameStateTest" file="/home/issa/dbwebb-kurser/mvc/me/report/tests/Card5/GameStateTest.php" line="20" assertions="7" time="0.000701"/>
        <testcase name="testSetStateSetsCorrectState" class="GameStateTest" classname="GameStateTest" file="/home/issa/dbwebb-kurser/mvc/me/report/tests/Card5/GameStateTest.php" line="43" assertions="2" time="0.000527"/>
        <testcase name="testSetStateInvalidStateDoesNothing" class="GameStateTest" classname="GameStateTest" file="/home/issa/dbwebb-kurser/mvc/me/report/tests/Card5/GameStateTest.php" line="52" assertions="1" time="0.002846"/>
      </testsuite>
      <testsuite name="App\Card5\GameTest" file="/home/issa/dbwebb-kurser/mvc/me/report/tests/Card5/GameTest.php" tests="22" assertions="44" errors="0" warnings="0" failures="0" skipped="0" time="0.048855">
        <testcase name="testHandleAnte" class="App\Card5\GameTest" classname="App.Card5.GameTest" file="/home/issa/dbwebb-kurser/mvc/me/report/tests/Card5/GameTest.php" line="63" assertions="3" time="0.007016"/>
        <testcase name="testHandleDealing" class="App\Card5\GameTest" classname="App.Card5.GameTest" file="/home/issa/dbwebb-kurser/mvc/me/report/tests/Card5/GameTest.php" line="73" assertions="3" time="0.001825"/>
        <testcase name="testBasicBettingRound" class="App\Card5\GameTest" classname="App.Card5.GameTest" file="/home/issa/dbwebb-kurser/mvc/me/report/tests/Card5/GameTest.php" line="84" assertions="2" time="0.002131"/>
        <testcase name="testBettingRoundWithMultipleActions" class="App\Card5\GameTest" classname="App.Card5.GameTest" file="/home/issa/dbwebb-kurser/mvc/me/report/tests/Card5/GameTest.php" line="97" assertions="1" time="0.002635"/>
        <testcase name="testHandleCheckAction" class="App\Card5\GameTest" classname="App.Card5.GameTest" file="/home/issa/dbwebb-kurser/mvc/me/report/tests/Card5/GameTest.php" line="112" assertions="2" time="0.001640"/>
        <testcase name="testHandleBetAction" class="App\Card5\GameTest" classname="App.Card5.GameTest" file="/home/issa/dbwebb-kurser/mvc/me/report/tests/Card5/GameTest.php" line="121" assertions="2" time="0.001881"/>
        <testcase name="testHandleCallAction" class="App\Card5\GameTest" classname="App.Card5.GameTest" file="/home/issa/dbwebb-kurser/mvc/me/report/tests/Card5/GameTest.php" line="130" assertions="2" time="0.001612"/>
        <testcase name="testHandleFoldAction" class="App\Card5\GameTest" classname="App.Card5.GameTest" file="/home/issa/dbwebb-kurser/mvc/me/report/tests/Card5/GameTest.php" line="139" assertions="2" time="0.001868"/>
        <testcase name="testNextRound" class="App\Card5\GameTest" classname="App.Card5.GameTest" file="/home/issa/dbwebb-kurser/mvc/me/report/tests/Card5/GameTest.php" line="148" assertions="1" time="0.001617"/>
        <testcase name="testDealCards" class="App\Card5\GameTest" classname="App.Card5.GameTest" file="/home/issa/dbwebb-kurser/mvc/me/report/tests/Card5/GameTest.php" line="155" assertions="1" time="0.001681"/>
        <testcase name="testShowdown" class="App\Card5\GameTest" classname="App.Card5.GameTest" file="/home/issa/dbwebb-kurser/mvc/me/report/tests/Card5/GameTest.php" line="162" assertions="1" time="0.001625"/>
        <testcase name="testDecideWinnerByFolding" class="App\Card5\GameTest" classname="App.Card5.GameTest" file="/home/issa/dbwebb-kurser/mvc/me/report/tests/Card5/GameTest.php" line="169" assertions="4" time="0.003285"/>
        <testcase name="testGetPot" class="App\Card5\GameTest" classname="App.Card5.GameTest" file="/home/issa/dbwebb-kurser/mvc/me/report/tests/Card5/GameTest.php" line="192" assertions="2" time="0.001835"/>
        <testcase name="testCanCheck" class="App\Card5\GameTest" classname="App.Card5.GameTest" file="/home/issa/dbwebb-kurser/mvc/me/report/tests/Card5/GameTest.php" line="201" assertions="2" time="0.001676"/>
        <testcase name="testCanFold" class="App\Card5\GameTest" classname="App.Card5.GameTest" file="/home/issa/dbwebb-kurser/mvc/me/report/tests/Card5/GameTest.php" line="210" assertions="2" time="0.001640"/>
        <testcase name="testCanBet" class="App\Card5\GameTest" classname="App.Card5.GameTest" file="/home/issa/dbwebb-kurser/mvc/me/report/tests/Card5/GameTest.php" line="219" assertions="2" time="0.003126"/>
        <testcase name="testCanCall" class="App\Card5\GameTest" classname="App.Card5.GameTest" file="/home/issa/dbwebb-kurser/mvc/me/report/tests/Card5/GameTest.php" line="228" assertions="2" time="0.002062"/>
        <testcase name="testCanDraw" class="App\Card5\GameTest" classname="App.Card5.GameTest" file="/home/issa/dbwebb-kurser/mvc/me/report/tests/Card5/GameTest.php" line="237" assertions="2" time="0.001874"/>
        <testcase name="testGetEvents" class="App\Card5\GameTest" classname="App.Card5.GameTest" file="/home/issa/dbwebb-kurser/mvc/me/report/tests/Card5/GameTest.php" line="246" assertions="2" time="0.001582"/>
        <testcase name="testGetCurrentPlayer" class="App\Card5\GameTest" classname="App.Card5.GameTest" file="/home/issa/dbwebb-kurser/mvc/me/report/tests/Card5/GameTest.php" line="256" assertions="1" time="0.001480"/>
        <testcase name="testActionSecondBettingRoundCheck" class="App\Card5\GameTest" classname="App.Card5.GameTest" file="/home/issa/dbwebb-kurser/mvc/me/report/tests/Card5/GameTest.php" line="263" assertions="2" time="0.001934"/>
        <testcase name="testHandleDraw" class="App\Card5\GameTest" classname="App.Card5.GameTest" file="/home/issa/dbwebb-kurser/mvc/me/report/tests/Card5/GameTest.php" line="272" assertions="3" time="0.002830"/>
      </testsuite>
      <testsuite name="HandEvaluatorTest" file="/home/issa/dbwebb-kurser/mvc/me/report/tests/Card5/HandEvaluatorTest.php" tests="10" assertions="11" errors="0" warnings="0" failures="0" skipped="0" time="0.009868">
        <testcase name="testEvaluateHandForStraightFlush" class="HandEvaluatorTest" classname="HandEvaluatorTest" file="/home/issa/dbwebb-kurser/mvc/me/report/tests/Card5/HandEvaluatorTest.php" line="10" assertions="1" time="0.000835"/>
        <testcase name="testEvaluateHandForFourOfAKind" class="HandEvaluatorTest" classname="HandEvaluatorTest" file="/home/issa/dbwebb-kurser/mvc/me/report/tests/Card5/HandEvaluatorTest.php" line="25" assertions="1" time="0.000915"/>
        <testcase name="testEvaluateHandForFullHouse" class="HandEvaluatorTest" classname="HandEvaluatorTest" file="/home/issa/dbwebb-kurser/mvc/me/report/tests/Card5/HandEvaluatorTest.php" line="40" assertions="1" time="0.000950"/>
        <testcase name="testEvaluateHandForFlush" class="HandEvaluatorTest" classname="HandEvaluatorTest" file="/home/issa/dbwebb-kurser/mvc/me/report/tests/Card5/HandEvaluatorTest.php" line="55" assertions="1" time="0.001316"/>
        <testcase name="testEvaluateHandForStraight" class="HandEvaluatorTest" classname="HandEvaluatorTest" file="/home/issa/dbwebb-kurser/mvc/me/report/tests/Card5/HandEvaluatorTest.php" line="70" assertions="1" time="0.000937"/>
        <testcase name="testEvaluateHandForThreeOfAKind" class="HandEvaluatorTest" classname="HandEvaluatorTest" file="/home/issa/dbwebb-kurser/mvc/me/report/tests/Card5/HandEvaluatorTest.php" line="85" assertions="1" time="0.000899"/>
        <testcase name="testEvaluateHandForTwoPair" class="HandEvaluatorTest" classname="HandEvaluatorTest" file="/home/issa/dbwebb-kurser/mvc/me/report/tests/Card5/HandEvaluatorTest.php" line="100" assertions="1" time="0.001166"/>
        <testcase name="testEvaluateHandForOnePair" class="HandEvaluatorTest" classname="HandEvaluatorTest" file="/home/issa/dbwebb-kurser/mvc/me/report/tests/Card5/HandEvaluatorTest.php" line="115" assertions="1" time="0.000969"/>
        <testcase name="testEvaluateHandForHighCard" class="HandEvaluatorTest" classname="HandEvaluatorTest" file="/home/issa/dbwebb-kurser/mvc/me/report/tests/Card5/HandEvaluatorTest.php" line="130" assertions="1" time="0.000754"/>
        <testcase name="testEvaluateBestHand" class="HandEvaluatorTest" classname="HandEvaluatorTest" file="/home/issa/dbwebb-kurser/mvc/me/report/tests/Card5/HandEvaluatorTest.php" line="144" assertions="2" time="0.001125"/>
      </testsuite>
      <testsuite name="PlayerManagerTest" file="/home/issa/dbwebb-kurser/mvc/me/report/tests/Card5/PlayerManagerTest.php" tests="5" assertions="18" errors="0" warnings="0" failures="0" skipped="0" time="0.009519">
        <testcase name="testGetPlayersReturnsCorrectPlayers" class="PlayerManagerTest" classname="PlayerManagerTest" file="/home/issa/dbwebb-kurser/mvc/me/report/tests/Card5/PlayerManagerTest.php" line="37" assertions="5" time="0.002256"/>
        <testcase name="testDealCardsDistributesCardsToPlayers" class="PlayerManagerTest" classname="PlayerManagerTest" file="/home/issa/dbwebb-kurser/mvc/me/report/tests/Card5/PlayerManagerTest.php" line="46" assertions="5" time="0.002674"/>
        <testcase name="testDiscardAndDrawCallsPlayerMethods" class="PlayerManagerTest" classname="PlayerManagerTest" file="/home/issa/dbwebb-kurser/mvc/me/report/tests/Card5/PlayerManagerTest.php" line="66" assertions="2" time="0.001661"/>
        <testcase name="testFoldCallsPlayerFold" class="PlayerManagerTest" classname="PlayerManagerTest" file="/home/issa/dbwebb-kurser/mvc/me/report/tests/Card5/PlayerManagerTest.php" line="78" assertions="2" time="0.001312"/>
        <testcase name="testResetCallsPlayerReset" class="PlayerManagerTest" classname="PlayerManagerTest" file="/home/issa/dbwebb-kurser/mvc/me/report/tests/Card5/PlayerManagerTest.php" line="88" assertions="4" time="0.001615"/>
      </testsuite>
      <testsuite name="PlayerTest" file="/home/issa/dbwebb-kurser/mvc/me/report/tests/Card5/PlayerTest.php" tests="15" assertions="24" errors="0" warnings="0" failures="0" skipped="0" time="0.021805">
        <testcase name="testReset" class="PlayerTest" classname="PlayerTest" file="/home/issa/dbwebb-kurser/mvc/me/report/tests/Card5/PlayerTest.php" line="19" assertions="3" time="0.000821"/>
        <testcase name="testHasSwapped" class="PlayerTest" classname="PlayerTest" file="/home/issa/dbwebb-kurser/mvc/me/report/tests/Card5/PlayerTest.php" line="36" assertions="2" time="0.000947"/>
        <testcase name="testReceiveCards" class="PlayerTest" classname="PlayerTest" file="/home/issa/dbwebb-kurser/mvc/me/report/tests/Card5/PlayerTest.php" line="57" assertions="2" time="0.000869"/>
        <testcase name="testDiscardAndDraw" class="PlayerTest" classname="PlayerTest" file="/home/issa/dbwebb-kurser/mvc/me/report/tests/Card5/PlayerTest.php" line="70" assertions="5" time="0.002384"/>
        <testcase name="testFold" class="PlayerTest" classname="PlayerTest" file="/home/issa/dbwebb-kurser/mvc/me/report/tests/Card5/PlayerTest.php" line="96" assertions="2" time="0.000669"/>
        <testcase name="testDecideCardsToSwapStraightFlush" class="PlayerTest" classname="PlayerTest" file="/home/issa/dbwebb-kurser/mvc/me/report/tests/Card5/PlayerTest.php" line="105" assertions="1" time="0.000918"/>
        <testcase name="testDecideCardsToSwapFourOfAKind" class="PlayerTest" classname="PlayerTest" file="/home/issa/dbwebb-kurser/mvc/me/report/tests/Card5/PlayerTest.php" line="124" assertions="1" time="0.002296"/>
        <testcase name="testDecideCardsToSwapFullHouse" class="PlayerTest" classname="PlayerTest" file="/home/issa/dbwebb-kurser/mvc/me/report/tests/Card5/PlayerTest.php" line="143" assertions="1" time="0.001201"/>
        <testcase name="testDecideCardsToSwapFlush" class="PlayerTest" classname="PlayerTest" file="/home/issa/dbwebb-kurser/mvc/me/report/tests/Card5/PlayerTest.php" line="162" assertions="1" time="0.001670"/>
        <testcase name="testDecideCardsToSwapStraight" class="PlayerTest" classname="PlayerTest" file="/home/issa/dbwebb-kurser/mvc/me/report/tests/Card5/PlayerTest.php" line="181" assertions="1" time="0.001211"/>
        <testcase name="testDecideCardsToSwapThreeOfAKind" class="PlayerTest" classname="PlayerTest" file="/home/issa/dbwebb-kurser/mvc/me/report/tests/Card5/PlayerTest.php" line="200" assertions="1" time="0.001215"/>
        <testcase name="testDecideCardsToSwapTwoPair" class="PlayerTest" classname="PlayerTest" file="/home/issa/dbwebb-kurser/mvc/me/report/tests/Card5/PlayerTest.php" line="219" assertions="1" time="0.001227"/>
        <testcase name="testDecideCardsToSwapOnePair" class="PlayerTest" classname="PlayerTest" file="/home/issa/dbwebb-kurser/mvc/me/report/tests/Card5/PlayerTest.php" line="238" assertions="1" time="0.001062"/>
        <testcase name="testDecideCardsToSwapHighCard" class="PlayerTest" classname="PlayerTest" file="/home/issa/dbwebb-kurser/mvc/me/report/tests/Card5/PlayerTest.php" line="257" assertions="1" time="0.002784"/>
        <testcase name="testDecideCardsToSwapUnknownHand" class="PlayerTest" classname="PlayerTest" file="/home/issa/dbwebb-kurser/mvc/me/report/tests/Card5/PlayerTest.php" line="276" assertions="1" time="0.002531"/>
      </testsuite>
      <testsuite name="PotTest" file="/home/issa/dbwebb-kurser/mvc/me/report/tests/Card5/PotTest.php" tests="3" assertions="5" errors="0" warnings="0" failures="0" skipped="0" time="0.002631">
        <testcase name="testInitialAmountIsZero" class="PotTest" classname="PotTest" file="/home/issa/dbwebb-kurser/mvc/me/report/tests/Card5/PotTest.php" line="15" assertions="1" time="0.000913"/>
        <testcase name="testAddIncreasesAmount" class="PotTest" classname="PotTest" file="/home/issa/dbwebb-kurser/mvc/me/report/tests/Card5/PotTest.php" line="20" assertions="2" time="0.000652"/>
        <testcase name="testResetResetsAmountToZero" class="PotTest" classname="PotTest" file="/home/issa/dbwebb-kurser/mvc/me/report/tests/Card5/PotTest.php" line="29" assertions="2" time="0.001065"/>
      </testsuite>
      <testsuite name="App\Tests\Controller\ConcreteCardControllerTest" file="/home/issa/dbwebb-kurser/mvc/me/report/tests/Controller/AbstractCardControllerTest.php" tests="1" assertions="2" errors="0" warnings="0" failures="0" skipped="0" time="0.008628">
        <testcase name="testStoreAndRetrieve" class="App\Tests\Controller\ConcreteCardControllerTest" classname="App.Tests.Controller.ConcreteCardControllerTest" file="/home/issa/dbwebb-kurser/mvc/me/report/tests/Controller/AbstractCardControllerTest.php" line="36" assertions="2" time="0.008628"/>
      </testsuite>
      <testsuite name="App\Tests\Controller\ApiControllerTest" file="/home/issa/dbwebb-kurser/mvc/me/report/tests/Controller/ApiControllerTest.php" tests="3" assertions="12" errors="0" warnings="0" failures="0" skipped="0" time="0.047772">
        <testcase name="testApiGame" class="App\Tests\Controller\ApiControllerTest" classname="App.Tests.Controller.ApiControllerTest" file="/home/issa/dbwebb-kurser/mvc/me/report/tests/Controller/ApiControllerTest.php" line="39" assertions="3" time="0.043362"/>
        <testcase name="testApiQuote" class="App\Tests\Controller\ApiControllerTest" classname="App.Tests.Controller.ApiControllerTest" file="/home/issa/dbwebb-kurser/mvc/me/report/tests/Controller/ApiControllerTest.php" line="62" assertions="5" time="0.001912"/>
        <testcase name="testApiListBooks" class="App\Tests\Controller\ApiControllerTest" classname="App.Tests.Controller.ApiControllerTest" file="/home/issa/dbwebb-kurser/mvc/me/report/tests/Controller/ApiControllerTest.php" line="77" assertions="4" time="0.002499"/>
      </testsuite>
      <testsuite name="App\Dice\DiceGraphicTest" file="/home/issa/dbwebb-kurser/mvc/me/report/tests/Dice/DiceGraphicTest.php" tests="2" assertions="2" errors="0" warnings="0" failures="0" skipped="0" time="0.001918">
        <testcase name="testGetAsStringReturnsNullWhenDiceNotRolled" class="App\Dice\DiceGraphicTest" classname="App.Dice.DiceGraphicTest" file="/home/issa/dbwebb-kurser/mvc/me/report/tests/Dice/DiceGraphicTest.php" line="12" assertions="1" time="0.001129"/>
        <testcase name="testGetAsStringReturnsNonEmptyString" class="App\Dice\DiceGraphicTest" classname="App.Dice.DiceGraphicTest" file="/home/issa/dbwebb-kurser/mvc/me/report/tests/Dice/DiceGraphicTest.php" line="19" assertions="1" time="0.000789"/>
      </testsuite>
      <testsuite name="App\Dice\DiceHandTest" file="/home/issa/dbwebb-kurser/mvc/me/report/tests/Dice/DiceHandTest.php" tests="4" assertions="15" errors="0" warnings="0" failures="0" skipped="0" time="0.009019">
        <testcase name="testCanAddDie" class="App\Dice\DiceHandTest" classname="App.Dice.DiceHandTest" file="/home/issa/dbwebb-kurser/mvc/me/report/tests/Dice/DiceHandTest.php" line="12" assertions="2" time="0.001487"/>
        <testcase name="testRollRollsAllDice" class="App\Dice\DiceHandTest" classname="App.Dice.DiceHandTest" file="/home/issa/dbwebb-kurser/mvc/me/report/tests/Dice/DiceHandTest.php" line="23" assertions="10" time="0.005574"/>
        <testcase name="testGetStringReturnsNonEmptyStrings" class="App\Dice\DiceHandTest" classname="App.Dice.DiceHandTest" file="/home/issa/dbwebb-kurser/mvc/me/report/tests/Dice/DiceHandTest.php" line="42" assertions="2" time="0.000724"/>
        <testcase name="testToStringReturnsNonEmptyStrings" class="App\Dice\DiceHandTest" classname="App.Dice.DiceHandTest" file="/home/issa/dbwebb-kurser/mvc/me/report/tests/Dice/DiceHandTest.php" line="56" assertions="1" time="0.001234"/>
      </testsuite>
      <testsuite name="App\Dice\DiceTest" file="/home/issa/dbwebb-kurser/mvc/me/report/tests/Dice/DiceTest.php" tests="3" assertions="7" errors="0" warnings="0" failures="0" skipped="0" time="0.002139">
        <testcase name="testCreateDice" class="App\Dice\DiceTest" classname="App.Dice.DiceTest" file="/home/issa/dbwebb-kurser/mvc/me/report/tests/Dice/DiceTest.php" line="16" assertions="2" time="0.000691"/>
        <testcase name="testRollReturnsRandomInteger" class="App\Dice\DiceTest" classname="App.Dice.DiceTest" file="/home/issa/dbwebb-kurser/mvc/me/report/tests/Dice/DiceTest.php" line="25" assertions="4" time="0.000854"/>
        <testcase name="testGetValueReturnsRolledNumber" class="App\Dice\DiceTest" classname="App.Dice.DiceTest" file="/home/issa/dbwebb-kurser/mvc/me/report/tests/Dice/DiceTest.php" line="34" assertions="1" time="0.000594"/>
      </testsuite>
      <testsuite name="App\Game21\GameTest" file="/home/issa/dbwebb-kurser/mvc/me/report/tests/Game21/GameTest.php" tests="11" assertions="19" errors="0" warnings="0" failures="0" skipped="0" time="0.026228">
        <testcase name="testCanGetPlayerPoints" class="App\Game21\GameTest" classname="App.Game21.GameTest" file="/home/issa/dbwebb-kurser/mvc/me/report/tests/Game21/GameTest.php" line="29" assertions="2" time="0.002848"/>
        <testcase name="testCanGetBankPoints" class="App\Game21\GameTest" classname="App.Game21.GameTest" file="/home/issa/dbwebb-kurser/mvc/me/report/tests/Game21/GameTest.php" line="39" assertions="3" time="0.001606"/>
        <testcase name="testWhenPlayerHasDrawnACardTheyCanStop" class="App\Game21\GameTest" classname="App.Game21.GameTest" file="/home/issa/dbwebb-kurser/mvc/me/report/tests/Game21/GameTest.php" line="50" assertions="2" time="0.001218"/>
        <testcase name="testWhenGameStartsPlayerCanTakeCard" class="App\Game21\GameTest" classname="App.Game21.GameTest" file="/home/issa/dbwebb-kurser/mvc/me/report/tests/Game21/GameTest.php" line="59" assertions="1" time="0.001658"/>
        <testcase name="testCanGetPlayerCards" class="App\Game21\GameTest" classname="App.Game21.GameTest" file="/home/issa/dbwebb-kurser/mvc/me/report/tests/Game21/GameTest.php" line="64" assertions="3" time="0.001880"/>
        <testcase name="testCanGetBankCards" class="App\Game21\GameTest" classname="App.Game21.GameTest" file="/home/issa/dbwebb-kurser/mvc/me/report/tests/Game21/GameTest.php" line="77" assertions="3" time="0.001772"/>
        <testcase name="testWhenPlayerStaysTheyCantTakeAnotherCard" class="App\Game21\GameTest" classname="App.Game21.GameTest" file="/home/issa/dbwebb-kurser/mvc/me/report/tests/Game21/GameTest.php" line="90" assertions="1" time="0.001349"/>
        <testcase name="testWhenPlayerStaysTheyNoLongerCanChooseToStop" class="App\Game21\GameTest" classname="App.Game21.GameTest" file="/home/issa/dbwebb-kurser/mvc/me/report/tests/Game21/GameTest.php" line="97" assertions="1" time="0.001821"/>
        <testcase name="testWhenPlayerGetMorePointsThan21TheyLose" class="App\Game21\GameTest" classname="App.Game21.GameTest" file="/home/issa/dbwebb-kurser/mvc/me/report/tests/Game21/GameTest.php" line="104" assertions="1" time="0.005542"/>
        <testcase name="testWhenBankGetsMorePointsThan21ThePlayerWins" class="App\Game21\GameTest" classname="App.Game21.GameTest" file="/home/issa/dbwebb-kurser/mvc/me/report/tests/Game21/GameTest.php" line="128" assertions="1" time="0.002142"/>
        <testcase name="testWhenPlayerGets21PointsTheyWin" class="App\Game21\GameTest" classname="App.Game21.GameTest" file="/home/issa/dbwebb-kurser/mvc/me/report/tests/Game21/GameTest.php" line="153" assertions="1" time="0.004393"/>
      </testsuite>
      <testsuite name="App\Game21\PlayerTest" file="/home/issa/dbwebb-kurser/mvc/me/report/tests/Game21/PlayerTest.php" tests="3" assertions="7" errors="0" warnings="0" failures="0" skipped="0" time="0.003064">
        <testcase name="testCanAddCards" class="App\Game21\PlayerTest" classname="App.Game21.PlayerTest" file="/home/issa/dbwebb-kurser/mvc/me/report/tests/Game21/PlayerTest.php" line="10" assertions="3" time="0.001521"/>
        <testcase name="testCanCountCards" class="App\Game21\PlayerTest" classname="App.Game21.PlayerTest" file="/home/issa/dbwebb-kurser/mvc/me/report/tests/Game21/PlayerTest.php" line="24" assertions="2" time="0.000774"/>
        <testcase name="testCanSumCardValues" class="App\Game21\PlayerTest" classname="App.Game21.PlayerTest" file="/home/issa/dbwebb-kurser/mvc/me/report/tests/Game21/PlayerTest.php" line="35" assertions="2" time="0.000769"/>
      </testsuite>
    </testsuite>
  </testsuite>
</testsuites>
