<?xml version="1.0" encoding="UTF-8"?>
<testsuites>
  <testsuite name="" tests="121" assertions="255" errors="0" warnings="0" failures="0" skipped="0" time="0.303969">
    <testsuite name="Project Test Suite" tests="121" assertions="255" errors="0" warnings="0" failures="0" skipped="0" time="0.303969">
      <testsuite name="App\Card\CardTest" file="/home/issa/dbwebb-kurser/mvc/me/report/tests/Card/CardTest.php" tests="8" assertions="22" errors="0" warnings="0" failures="0" skipped="0" time="0.015791">
        <testcase name="testValueFromRank" class="App\Card\CardTest" classname="App.Card.CardTest" file="/home/issa/dbwebb-kurser/mvc/me/report/tests/Card/CardTest.php" line="12" assertions="14" time="0.012916"/>
        <testcase name="testGetSuitSymbolForHearts" class="App\Card\CardTest" classname="App.Card.CardTest" file="/home/issa/dbwebb-kurser/mvc/me/report/tests/Card/CardTest.php" line="30" assertions="1" time="0.000395"/>
        <testcase name="testGetSuitSymbolForSpades" class="App\Card\CardTest" classname="App.Card.CardTest" file="/home/issa/dbwebb-kurser/mvc/me/report/tests/Card/CardTest.php" line="37" assertions="1" time="0.000385"/>
        <testcase name="testGetSuitSymbolForClubs" class="App\Card\CardTest" classname="App.Card.CardTest" file="/home/issa/dbwebb-kurser/mvc/me/report/tests/Card/CardTest.php" line="44" assertions="1" time="0.000391"/>
        <testcase name="testGetSuitSymbolForDiamonds" class="App\Card\CardTest" classname="App.Card.CardTest" file="/home/issa/dbwebb-kurser/mvc/me/report/tests/Card/CardTest.php" line="51" assertions="1" time="0.000357"/>
        <testcase name="testGetSuitSymbolReturnsEmptyStringWithInvalidSuit" class="App\Card\CardTest" classname="App.Card.CardTest" file="/home/issa/dbwebb-kurser/mvc/me/report/tests/Card/CardTest.php" line="58" assertions="1" time="0.000380"/>
        <testcase name="testSuitAndRankAreAssignedCorrectly" class="App\Card\CardTest" classname="App.Card.CardTest" file="/home/issa/dbwebb-kurser/mvc/me/report/tests/Card/CardTest.php" line="65" assertions="2" time="0.000483"/>
        <testcase name="testToStringReturnsBothSuitAndRank" class="App\Card\CardTest" classname="App.Card.CardTest" file="/home/issa/dbwebb-kurser/mvc/me/report/tests/Card/CardTest.php" line="73" assertions="1" time="0.000483"/>
      </testsuite>
      <testsuite name="App\Card\DeckOfCardsTest" file="/home/issa/dbwebb-kurser/mvc/me/report/tests/Card/DeckOfCardsTest.php" tests="7" assertions="8" errors="0" warnings="0" failures="0" skipped="0" time="0.033784">
        <testcase name="testCreatingNewDeckInitializesCards" class="App\Card\DeckOfCardsTest" classname="App.Card.DeckOfCardsTest" file="/home/issa/dbwebb-kurser/mvc/me/report/tests/Card/DeckOfCardsTest.php" line="12" assertions="1" time="0.002501"/>
        <testcase name="testShuffleShufflesCards" class="App\Card\DeckOfCardsTest" classname="App.Card.DeckOfCardsTest" file="/home/issa/dbwebb-kurser/mvc/me/report/tests/Card/DeckOfCardsTest.php" line="19" assertions="1" time="0.011810"/>
        <testcase name="testDrawCardsReturnsNullWhenNoCards" class="App\Card\DeckOfCardsTest" classname="App.Card.DeckOfCardsTest" file="/home/issa/dbwebb-kurser/mvc/me/report/tests/Card/DeckOfCardsTest.php" line="30" assertions="1" time="0.001251"/>
        <testcase name="testDrawCardReturnsTopCardInDeck" class="App\Card\DeckOfCardsTest" classname="App.Card.DeckOfCardsTest" file="/home/issa/dbwebb-kurser/mvc/me/report/tests/Card/DeckOfCardsTest.php" line="41" assertions="1" time="0.000698"/>
        <testcase name="testResetResetsCardsInDeck" class="App\Card\DeckOfCardsTest" classname="App.Card.DeckOfCardsTest" file="/home/issa/dbwebb-kurser/mvc/me/report/tests/Card/DeckOfCardsTest.php" line="52" assertions="1" time="0.010216"/>
        <testcase name="testToStringReturnsNonEmptyString" class="App\Card\DeckOfCardsTest" classname="App.Card.DeckOfCardsTest" file="/home/issa/dbwebb-kurser/mvc/me/report/tests/Card/DeckOfCardsTest.php" line="66" assertions="1" time="0.001865"/>
        <testcase name="testGetAllCardsSortedReturnsCardsSorted" class="App\Card\DeckOfCardsTest" classname="App.Card.DeckOfCardsTest" file="/home/issa/dbwebb-kurser/mvc/me/report/tests/Card/DeckOfCardsTest.php" line="73" assertions="2" time="0.005443"/>
      </testsuite>
      <testsuite name="App\Tests\Card5\BettingRoundTest" file="/home/issa/dbwebb-kurser/mvc/me/report/tests/Card5/BettingRoundTest.php" tests="16" assertions="31" errors="0" warnings="0" failures="0" skipped="0" time="0.062620">
        <testcase name="testComputerTurnNoPreviousBetsCheck" class="App\Tests\Card5\BettingRoundTest" classname="App.Tests.Card5.BettingRoundTest" file="/home/issa/dbwebb-kurser/mvc/me/report/tests/Card5/BettingRoundTest.php" line="41" assertions="2" time="0.035335"/>
        <testcase name="testComputerTurnNoPreviousBetsBetNonZero" class="App\Tests\Card5\BettingRoundTest" classname="App.Tests.Card5.BettingRoundTest" file="/home/issa/dbwebb-kurser/mvc/me/report/tests/Card5/BettingRoundTest.php" line="56" assertions="3" time="0.002016"/>
        <testcase name="testComputerTurnPreviousBetIsZeroBetNonZero" class="App\Tests\Card5\BettingRoundTest" classname="App.Tests.Card5.BettingRoundTest" file="/home/issa/dbwebb-kurser/mvc/me/report/tests/Card5/BettingRoundTest.php" line="73" assertions="3" time="0.001291"/>
        <testcase name="testComputerTurnWhenComputerHasWeakerHand" class="App\Tests\Card5\BettingRoundTest" classname="App.Tests.Card5.BettingRoundTest" file="/home/issa/dbwebb-kurser/mvc/me/report/tests/Card5/BettingRoundTest.php" line="93" assertions="3" time="0.001953"/>
        <testcase name="testComputerCallsMatchingPlayerBetWhenHandIsStronger" class="App\Tests\Card5\BettingRoundTest" classname="App.Tests.Card5.BettingRoundTest" file="/home/issa/dbwebb-kurser/mvc/me/report/tests/Card5/BettingRoundTest.php" line="119" assertions="3" time="0.001735"/>
        <testcase name="testIsBettingRoundOverNoBets" class="App\Tests\Card5\BettingRoundTest" classname="App.Tests.Card5.BettingRoundTest" file="/home/issa/dbwebb-kurser/mvc/me/report/tests/Card5/BettingRoundTest.php" line="148" assertions="1" time="0.002136"/>
        <testcase name="testIsBettingRoundOverPlayerBetsComputerChecks" class="App\Tests\Card5\BettingRoundTest" classname="App.Tests.Card5.BettingRoundTest" file="/home/issa/dbwebb-kurser/mvc/me/report/tests/Card5/BettingRoundTest.php" line="153" assertions="1" time="0.001399"/>
        <testcase name="testIsBettingRoundOverPlayerBetsComputerCalls" class="App\Tests\Card5\BettingRoundTest" classname="App.Tests.Card5.BettingRoundTest" file="/home/issa/dbwebb-kurser/mvc/me/report/tests/Card5/BettingRoundTest.php" line="164" assertions="1" time="0.001837"/>
        <testcase name="testIsBettingRoundOverPlayerBetsComputerFolds" class="App\Tests\Card5\BettingRoundTest" classname="App.Tests.Card5.BettingRoundTest" file="/home/issa/dbwebb-kurser/mvc/me/report/tests/Card5/BettingRoundTest.php" line="175" assertions="1" time="0.002254"/>
        <testcase name="testIsBettingRoundOverPlayerChecksComputerBets" class="App\Tests\Card5\BettingRoundTest" classname="App.Tests.Card5.BettingRoundTest" file="/home/issa/dbwebb-kurser/mvc/me/report/tests/Card5/BettingRoundTest.php" line="189" assertions="1" time="0.002722"/>
        <testcase name="testHasBetsNoBets" class="App\Tests\Card5\BettingRoundTest" classname="App.Tests.Card5.BettingRoundTest" file="/home/issa/dbwebb-kurser/mvc/me/report/tests/Card5/BettingRoundTest.php" line="200" assertions="1" time="0.001056"/>
        <testcase name="testHasBetsWithBets" class="App\Tests\Card5\BettingRoundTest" classname="App.Tests.Card5.BettingRoundTest" file="/home/issa/dbwebb-kurser/mvc/me/report/tests/Card5/BettingRoundTest.php" line="205" assertions="1" time="0.002125"/>
        <testcase name="testResetAfterBets" class="App\Tests\Card5\BettingRoundTest" classname="App.Tests.Card5.BettingRoundTest" file="/home/issa/dbwebb-kurser/mvc/me/report/tests/Card5/BettingRoundTest.php" line="211" assertions="3" time="0.001141"/>
        <testcase name="testResetWithoutBets" class="App\Tests\Card5\BettingRoundTest" classname="App.Tests.Card5.BettingRoundTest" file="/home/issa/dbwebb-kurser/mvc/me/report/tests/Card5/BettingRoundTest.php" line="222" assertions="2" time="0.001245"/>
        <testcase name="testPlayerCall" class="App\Tests\Card5\BettingRoundTest" classname="App.Tests.Card5.BettingRoundTest" file="/home/issa/dbwebb-kurser/mvc/me/report/tests/Card5/BettingRoundTest.php" line="230" assertions="3" time="0.001521"/>
        <testcase name="testPlayerFoldAfterBetting" class="App\Tests\Card5\BettingRoundTest" classname="App.Tests.Card5.BettingRoundTest" file="/home/issa/dbwebb-kurser/mvc/me/report/tests/Card5/BettingRoundTest.php" line="256" assertions="2" time="0.002854"/>
      </testsuite>
      <testsuite name="DeckOfCardsTest" file="/home/issa/dbwebb-kurser/mvc/me/report/tests/Card5/DeckOfCardsTest.php" tests="6" assertions="12" errors="0" warnings="0" failures="0" skipped="0" time="0.009655">
        <testcase name="testDeckInitialization" class="DeckOfCardsTest" classname="DeckOfCardsTest" file="/home/issa/dbwebb-kurser/mvc/me/report/tests/Card5/DeckOfCardsTest.php" line="9" assertions="1" time="0.001817"/>
        <testcase name="testDeckReset" class="DeckOfCardsTest" classname="DeckOfCardsTest" file="/home/issa/dbwebb-kurser/mvc/me/report/tests/Card5/DeckOfCardsTest.php" line="15" assertions="1" time="0.001674"/>
        <testcase name="testDealOneCard" class="DeckOfCardsTest" classname="DeckOfCardsTest" file="/home/issa/dbwebb-kurser/mvc/me/report/tests/Card5/DeckOfCardsTest.php" line="23" assertions="2" time="0.001724"/>
        <testcase name="testDealMultipleCards" class="DeckOfCardsTest" classname="DeckOfCardsTest" file="/home/issa/dbwebb-kurser/mvc/me/report/tests/Card5/DeckOfCardsTest.php" line="31" assertions="6" time="0.001061"/>
        <testcase name="testDeckSizeAfterDealing" class="DeckOfCardsTest" classname="DeckOfCardsTest" file="/home/issa/dbwebb-kurser/mvc/me/report/tests/Card5/DeckOfCardsTest.php" line="41" assertions="1" time="0.001349"/>
        <testcase name="testDealingMoreCardsThanInDeck" class="DeckOfCardsTest" classname="DeckOfCardsTest" file="/home/issa/dbwebb-kurser/mvc/me/report/tests/Card5/DeckOfCardsTest.php" line="50" assertions="1" time="0.002029"/>
      </testsuite>
      <testsuite name="EventLoggerTest" file="/home/issa/dbwebb-kurser/mvc/me/report/tests/Card5/EventLoggerTest.php" tests="3" assertions="6" errors="0" warnings="0" failures="0" skipped="0" time="0.001980">
        <testcase name="testLogAddsEventToTheEventsArray" class="EventLoggerTest" classname="EventLoggerTest" file="/home/issa/dbwebb-kurser/mvc/me/report/tests/Card5/EventLoggerTest.php" line="15" assertions="2" time="0.000726"/>
        <testcase name="testGetEventsReturnsEventsInCorrectOrder" class="EventLoggerTest" classname="EventLoggerTest" file="/home/issa/dbwebb-kurser/mvc/me/report/tests/Card5/EventLoggerTest.php" line="27" assertions="3" time="0.000776"/>
        <testcase name="testClearEmptiesTheEventsArray" class="EventLoggerTest" classname="EventLoggerTest" file="/home/issa/dbwebb-kurser/mvc/me/report/tests/Card5/EventLoggerTest.php" line="41" assertions="1" time="0.000478"/>
      </testsuite>
      <testsuite name="App\Card5\GameActionCheckerTest" file="/home/issa/dbwebb-kurser/mvc/me/report/tests/Card5/GameActionCheckerTest.php" tests="5" assertions="19" errors="0" warnings="0" failures="0" skipped="0" time="0.008571">
        <testcase name="testCanCheckWhenFirstBettingRoundNoBets" class="App\Card5\GameActionCheckerTest" classname="App.Card5.GameActionCheckerTest" file="/home/issa/dbwebb-kurser/mvc/me/report/tests/Card5/GameActionCheckerTest.php" line="13" assertions="4" time="0.003851"/>
        <testcase name="testCanBetWhenFirstBettingRoundNoBets" class="App\Card5\GameActionCheckerTest" classname="App.Card5.GameActionCheckerTest" file="/home/issa/dbwebb-kurser/mvc/me/report/tests/Card5/GameActionCheckerTest.php" line="31" assertions="4" time="0.001136"/>
        <testcase name="testCanDrawWhenInDrawState" class="App\Card5\GameActionCheckerTest" classname="App.Card5.GameActionCheckerTest" file="/home/issa/dbwebb-kurser/mvc/me/report/tests/Card5/GameActionCheckerTest.php" line="49" assertions="3" time="0.000945"/>
        <testcase name="testCanCallWhenFirstBettingRoundWithBets" class="App\Card5\GameActionCheckerTest" classname="App.Card5.GameActionCheckerTest" file="/home/issa/dbwebb-kurser/mvc/me/report/tests/Card5/GameActionCheckerTest.php" line="66" assertions="4" time="0.001162"/>
        <testcase name="testCanFoldWhenFirstBettingRoundWithBets" class="App\Card5\GameActionCheckerTest" classname="App.Card5.GameActionCheckerTest" file="/home/issa/dbwebb-kurser/mvc/me/report/tests/Card5/GameActionCheckerTest.php" line="84" assertions="4" time="0.001477"/>
      </testsuite>
      <testsuite name="GameStateTest" file="/home/issa/dbwebb-kurser/mvc/me/report/tests/Card5/GameStateTest.php" tests="4" assertions="11" errors="0" warnings="0" failures="0" skipped="0" time="0.001897">
        <testcase name="testInitialStateIsAnte" class="GameStateTest" classname="GameStateTest" file="/home/issa/dbwebb-kurser/mvc/me/report/tests/Card5/GameStateTest.php" line="15" assertions="1" time="0.000501"/>
        <testcase name="testNextStateCyclesThroughStates" class="GameStateTest" classname="GameStateTest" file="/home/issa/dbwebb-kurser/mvc/me/report/tests/Card5/GameStateTest.php" line="20" assertions="7" time="0.000481"/>
        <testcase name="testSetStateSetsCorrectState" class="GameStateTest" classname="GameStateTest" file="/home/issa/dbwebb-kurser/mvc/me/report/tests/Card5/GameStateTest.php" line="43" assertions="2" time="0.000458"/>
        <testcase name="testSetStateInvalidStateDoesNothing" class="GameStateTest" classname="GameStateTest" file="/home/issa/dbwebb-kurser/mvc/me/report/tests/Card5/GameStateTest.php" line="52" assertions="1" time="0.000456"/>
      </testsuite>
      <testsuite name="App\Card5\GameTest" file="/home/issa/dbwebb-kurser/mvc/me/report/tests/Card5/GameTest.php" tests="12" assertions="24" errors="0" warnings="0" failures="0" skipped="0" time="0.033317">
        <testcase name="testHandleAnte" class="App\Card5\GameTest" classname="App.Card5.GameTest" file="/home/issa/dbwebb-kurser/mvc/me/report/tests/Card5/GameTest.php" line="63" assertions="3" time="0.008277"/>
        <testcase name="testHandleDealing" class="App\Card5\GameTest" classname="App.Card5.GameTest" file="/home/issa/dbwebb-kurser/mvc/me/report/tests/Card5/GameTest.php" line="73" assertions="3" time="0.002216"/>
        <testcase name="testBasicBettingRound" class="App\Card5\GameTest" classname="App.Card5.GameTest" file="/home/issa/dbwebb-kurser/mvc/me/report/tests/Card5/GameTest.php" line="84" assertions="2" time="0.002079"/>
        <testcase name="testBettingRoundWithMultipleActions" class="App\Card5\GameTest" classname="App.Card5.GameTest" file="/home/issa/dbwebb-kurser/mvc/me/report/tests/Card5/GameTest.php" line="97" assertions="1" time="0.002156"/>
        <testcase name="testHandleCheckAction" class="App\Card5\GameTest" classname="App.Card5.GameTest" file="/home/issa/dbwebb-kurser/mvc/me/report/tests/Card5/GameTest.php" line="112" assertions="2" time="0.001527"/>
        <testcase name="testHandleBetAction" class="App\Card5\GameTest" classname="App.Card5.GameTest" file="/home/issa/dbwebb-kurser/mvc/me/report/tests/Card5/GameTest.php" line="121" assertions="2" time="0.001830"/>
        <testcase name="testHandleCallAction" class="App\Card5\GameTest" classname="App.Card5.GameTest" file="/home/issa/dbwebb-kurser/mvc/me/report/tests/Card5/GameTest.php" line="130" assertions="2" time="0.001862"/>
        <testcase name="testHandleFoldAction" class="App\Card5\GameTest" classname="App.Card5.GameTest" file="/home/issa/dbwebb-kurser/mvc/me/report/tests/Card5/GameTest.php" line="139" assertions="2" time="0.003222"/>
        <testcase name="testNextRound" class="App\Card5\GameTest" classname="App.Card5.GameTest" file="/home/issa/dbwebb-kurser/mvc/me/report/tests/Card5/GameTest.php" line="148" assertions="1" time="0.001674"/>
        <testcase name="testDealCards" class="App\Card5\GameTest" classname="App.Card5.GameTest" file="/home/issa/dbwebb-kurser/mvc/me/report/tests/Card5/GameTest.php" line="155" assertions="1" time="0.001956"/>
        <testcase name="testShowdown" class="App\Card5\GameTest" classname="App.Card5.GameTest" file="/home/issa/dbwebb-kurser/mvc/me/report/tests/Card5/GameTest.php" line="162" assertions="1" time="0.002381"/>
        <testcase name="testDecideWinnerByFolding" class="App\Card5\GameTest" classname="App.Card5.GameTest" file="/home/issa/dbwebb-kurser/mvc/me/report/tests/Card5/GameTest.php" line="169" assertions="4" time="0.004137"/>
      </testsuite>
      <testsuite name="HandEvaluatorTest" file="/home/issa/dbwebb-kurser/mvc/me/report/tests/Card5/HandEvaluatorTest.php" tests="10" assertions="11" errors="0" warnings="0" failures="0" skipped="0" time="0.007323">
        <testcase name="testEvaluateHandForStraightFlush" class="HandEvaluatorTest" classname="HandEvaluatorTest" file="/home/issa/dbwebb-kurser/mvc/me/report/tests/Card5/HandEvaluatorTest.php" line="10" assertions="1" time="0.000823"/>
        <testcase name="testEvaluateHandForFourOfAKind" class="HandEvaluatorTest" classname="HandEvaluatorTest" file="/home/issa/dbwebb-kurser/mvc/me/report/tests/Card5/HandEvaluatorTest.php" line="25" assertions="1" time="0.001032"/>
        <testcase name="testEvaluateHandForFullHouse" class="HandEvaluatorTest" classname="HandEvaluatorTest" file="/home/issa/dbwebb-kurser/mvc/me/report/tests/Card5/HandEvaluatorTest.php" line="40" assertions="1" time="0.000900"/>
        <testcase name="testEvaluateHandForFlush" class="HandEvaluatorTest" classname="HandEvaluatorTest" file="/home/issa/dbwebb-kurser/mvc/me/report/tests/Card5/HandEvaluatorTest.php" line="55" assertions="1" time="0.000537"/>
        <testcase name="testEvaluateHandForStraight" class="HandEvaluatorTest" classname="HandEvaluatorTest" file="/home/issa/dbwebb-kurser/mvc/me/report/tests/Card5/HandEvaluatorTest.php" line="70" assertions="1" time="0.000599"/>
        <testcase name="testEvaluateHandForThreeOfAKind" class="HandEvaluatorTest" classname="HandEvaluatorTest" file="/home/issa/dbwebb-kurser/mvc/me/report/tests/Card5/HandEvaluatorTest.php" line="85" assertions="1" time="0.000569"/>
        <testcase name="testEvaluateHandForTwoPair" class="HandEvaluatorTest" classname="HandEvaluatorTest" file="/home/issa/dbwebb-kurser/mvc/me/report/tests/Card5/HandEvaluatorTest.php" line="100" assertions="1" time="0.000499"/>
        <testcase name="testEvaluateHandForOnePair" class="HandEvaluatorTest" classname="HandEvaluatorTest" file="/home/issa/dbwebb-kurser/mvc/me/report/tests/Card5/HandEvaluatorTest.php" line="115" assertions="1" time="0.000930"/>
        <testcase name="testEvaluateHandForHighCard" class="HandEvaluatorTest" classname="HandEvaluatorTest" file="/home/issa/dbwebb-kurser/mvc/me/report/tests/Card5/HandEvaluatorTest.php" line="130" assertions="1" time="0.000687"/>
        <testcase name="testEvaluateBestHand" class="HandEvaluatorTest" classname="HandEvaluatorTest" file="/home/issa/dbwebb-kurser/mvc/me/report/tests/Card5/HandEvaluatorTest.php" line="144" assertions="2" time="0.000748"/>
      </testsuite>
      <testsuite name="PlayerManagerTest" file="/home/issa/dbwebb-kurser/mvc/me/report/tests/Card5/PlayerManagerTest.php" tests="5" assertions="18" errors="0" warnings="0" failures="0" skipped="0" time="0.012783">
        <testcase name="testGetPlayersReturnsCorrectPlayers" class="PlayerManagerTest" classname="PlayerManagerTest" file="/home/issa/dbwebb-kurser/mvc/me/report/tests/Card5/PlayerManagerTest.php" line="37" assertions="5" time="0.002332"/>
        <testcase name="testDealCardsDistributesCardsToPlayers" class="PlayerManagerTest" classname="PlayerManagerTest" file="/home/issa/dbwebb-kurser/mvc/me/report/tests/Card5/PlayerManagerTest.php" line="46" assertions="5" time="0.002353"/>
        <testcase name="testDiscardAndDrawCallsPlayerMethods" class="PlayerManagerTest" classname="PlayerManagerTest" file="/home/issa/dbwebb-kurser/mvc/me/report/tests/Card5/PlayerManagerTest.php" line="66" assertions="2" time="0.002312"/>
        <testcase name="testFoldCallsPlayerFold" class="PlayerManagerTest" classname="PlayerManagerTest" file="/home/issa/dbwebb-kurser/mvc/me/report/tests/Card5/PlayerManagerTest.php" line="78" assertions="2" time="0.002276"/>
        <testcase name="testResetCallsPlayerReset" class="PlayerManagerTest" classname="PlayerManagerTest" file="/home/issa/dbwebb-kurser/mvc/me/report/tests/Card5/PlayerManagerTest.php" line="88" assertions="4" time="0.003510"/>
      </testsuite>
      <testsuite name="PlayerTest" file="/home/issa/dbwebb-kurser/mvc/me/report/tests/Card5/PlayerTest.php" tests="15" assertions="24" errors="0" warnings="0" failures="0" skipped="0" time="0.016278">
        <testcase name="testReset" class="PlayerTest" classname="PlayerTest" file="/home/issa/dbwebb-kurser/mvc/me/report/tests/Card5/PlayerTest.php" line="19" assertions="3" time="0.000837"/>
        <testcase name="testHasSwapped" class="PlayerTest" classname="PlayerTest" file="/home/issa/dbwebb-kurser/mvc/me/report/tests/Card5/PlayerTest.php" line="36" assertions="2" time="0.000918"/>
        <testcase name="testReceiveCards" class="PlayerTest" classname="PlayerTest" file="/home/issa/dbwebb-kurser/mvc/me/report/tests/Card5/PlayerTest.php" line="57" assertions="2" time="0.000619"/>
        <testcase name="testDiscardAndDraw" class="PlayerTest" classname="PlayerTest" file="/home/issa/dbwebb-kurser/mvc/me/report/tests/Card5/PlayerTest.php" line="70" assertions="5" time="0.000816"/>
        <testcase name="testFold" class="PlayerTest" classname="PlayerTest" file="/home/issa/dbwebb-kurser/mvc/me/report/tests/Card5/PlayerTest.php" line="96" assertions="2" time="0.000457"/>
        <testcase name="testDecideCardsToSwapStraightFlush" class="PlayerTest" classname="PlayerTest" file="/home/issa/dbwebb-kurser/mvc/me/report/tests/Card5/PlayerTest.php" line="105" assertions="1" time="0.000864"/>
        <testcase name="testDecideCardsToSwapFourOfAKind" class="PlayerTest" classname="PlayerTest" file="/home/issa/dbwebb-kurser/mvc/me/report/tests/Card5/PlayerTest.php" line="124" assertions="1" time="0.000955"/>
        <testcase name="testDecideCardsToSwapFullHouse" class="PlayerTest" classname="PlayerTest" file="/home/issa/dbwebb-kurser/mvc/me/report/tests/Card5/PlayerTest.php" line="143" assertions="1" time="0.001085"/>
        <testcase name="testDecideCardsToSwapFlush" class="PlayerTest" classname="PlayerTest" file="/home/issa/dbwebb-kurser/mvc/me/report/tests/Card5/PlayerTest.php" line="162" assertions="1" time="0.001169"/>
        <testcase name="testDecideCardsToSwapStraight" class="PlayerTest" classname="PlayerTest" file="/home/issa/dbwebb-kurser/mvc/me/report/tests/Card5/PlayerTest.php" line="181" assertions="1" time="0.001498"/>
        <testcase name="testDecideCardsToSwapThreeOfAKind" class="PlayerTest" classname="PlayerTest" file="/home/issa/dbwebb-kurser/mvc/me/report/tests/Card5/PlayerTest.php" line="200" assertions="1" time="0.000914"/>
        <testcase name="testDecideCardsToSwapTwoPair" class="PlayerTest" classname="PlayerTest" file="/home/issa/dbwebb-kurser/mvc/me/report/tests/Card5/PlayerTest.php" line="219" assertions="1" time="0.001187"/>
        <testcase name="testDecideCardsToSwapOnePair" class="PlayerTest" classname="PlayerTest" file="/home/issa/dbwebb-kurser/mvc/me/report/tests/Card5/PlayerTest.php" line="238" assertions="1" time="0.001626"/>
        <testcase name="testDecideCardsToSwapHighCard" class="PlayerTest" classname="PlayerTest" file="/home/issa/dbwebb-kurser/mvc/me/report/tests/Card5/PlayerTest.php" line="257" assertions="1" time="0.002432"/>
        <testcase name="testDecideCardsToSwapUnknownHand" class="PlayerTest" classname="PlayerTest" file="/home/issa/dbwebb-kurser/mvc/me/report/tests/Card5/PlayerTest.php" line="276" assertions="1" time="0.000901"/>
      </testsuite>
      <testsuite name="PotTest" file="/home/issa/dbwebb-kurser/mvc/me/report/tests/Card5/PotTest.php" tests="3" assertions="5" errors="0" warnings="0" failures="0" skipped="0" time="0.001580">
        <testcase name="testInitialAmountIsZero" class="PotTest" classname="PotTest" file="/home/issa/dbwebb-kurser/mvc/me/report/tests/Card5/PotTest.php" line="15" assertions="1" time="0.000505"/>
        <testcase name="testAddIncreasesAmount" class="PotTest" classname="PotTest" file="/home/issa/dbwebb-kurser/mvc/me/report/tests/Card5/PotTest.php" line="20" assertions="2" time="0.000467"/>
        <testcase name="testResetResetsAmountToZero" class="PotTest" classname="PotTest" file="/home/issa/dbwebb-kurser/mvc/me/report/tests/Card5/PotTest.php" line="29" assertions="2" time="0.000607"/>
      </testsuite>
      <testsuite name="App\Tests\Controller\ConcreteCardControllerTest" file="/home/issa/dbwebb-kurser/mvc/me/report/tests/Controller/AbstractCardControllerTest.php" tests="1" assertions="2" errors="0" warnings="0" failures="0" skipped="0" time="0.008691">
        <testcase name="testStoreAndRetrieve" class="App\Tests\Controller\ConcreteCardControllerTest" classname="App.Tests.Controller.ConcreteCardControllerTest" file="/home/issa/dbwebb-kurser/mvc/me/report/tests/Controller/AbstractCardControllerTest.php" line="36" assertions="2" time="0.008691"/>
      </testsuite>
      <testsuite name="App\Tests\Controller\ApiControllerTest" file="/home/issa/dbwebb-kurser/mvc/me/report/tests/Controller/ApiControllerTest.php" tests="3" assertions="12" errors="0" warnings="0" failures="0" skipped="0" time="0.049687">
        <testcase name="testApiGame" class="App\Tests\Controller\ApiControllerTest" classname="App.Tests.Controller.ApiControllerTest" file="/home/issa/dbwebb-kurser/mvc/me/report/tests/Controller/ApiControllerTest.php" line="39" assertions="3" time="0.044945"/>
        <testcase name="testApiQuote" class="App\Tests\Controller\ApiControllerTest" classname="App.Tests.Controller.ApiControllerTest" file="/home/issa/dbwebb-kurser/mvc/me/report/tests/Controller/ApiControllerTest.php" line="62" assertions="5" time="0.002041"/>
        <testcase name="testApiListBooks" class="App\Tests\Controller\ApiControllerTest" classname="App.Tests.Controller.ApiControllerTest" file="/home/issa/dbwebb-kurser/mvc/me/report/tests/Controller/ApiControllerTest.php" line="77" assertions="4" time="0.002701"/>
      </testsuite>
      <testsuite name="App\Dice\DiceGraphicTest" file="/home/issa/dbwebb-kurser/mvc/me/report/tests/Dice/DiceGraphicTest.php" tests="2" assertions="2" errors="0" warnings="0" failures="0" skipped="0" time="0.002313">
        <testcase name="testGetAsStringReturnsNullWhenDiceNotRolled" class="App\Dice\DiceGraphicTest" classname="App.Dice.DiceGraphicTest" file="/home/issa/dbwebb-kurser/mvc/me/report/tests/Dice/DiceGraphicTest.php" line="12" assertions="1" time="0.001567"/>
        <testcase name="testGetAsStringReturnsNonEmptyString" class="App\Dice\DiceGraphicTest" classname="App.Dice.DiceGraphicTest" file="/home/issa/dbwebb-kurser/mvc/me/report/tests/Dice/DiceGraphicTest.php" line="19" assertions="1" time="0.000746"/>
      </testsuite>
      <testsuite name="App\Dice\DiceHandTest" file="/home/issa/dbwebb-kurser/mvc/me/report/tests/Dice/DiceHandTest.php" tests="4" assertions="15" errors="0" warnings="0" failures="0" skipped="0" time="0.006423">
        <testcase name="testCanAddDie" class="App\Dice\DiceHandTest" classname="App.Dice.DiceHandTest" file="/home/issa/dbwebb-kurser/mvc/me/report/tests/Dice/DiceHandTest.php" line="12" assertions="2" time="0.001563"/>
        <testcase name="testRollRollsAllDice" class="App\Dice\DiceHandTest" classname="App.Dice.DiceHandTest" file="/home/issa/dbwebb-kurser/mvc/me/report/tests/Dice/DiceHandTest.php" line="23" assertions="10" time="0.003521"/>
        <testcase name="testGetStringReturnsNonEmptyStrings" class="App\Dice\DiceHandTest" classname="App.Dice.DiceHandTest" file="/home/issa/dbwebb-kurser/mvc/me/report/tests/Dice/DiceHandTest.php" line="42" assertions="2" time="0.000513"/>
        <testcase name="testToStringReturnsNonEmptyStrings" class="App\Dice\DiceHandTest" classname="App.Dice.DiceHandTest" file="/home/issa/dbwebb-kurser/mvc/me/report/tests/Dice/DiceHandTest.php" line="56" assertions="1" time="0.000827"/>
      </testsuite>
      <testsuite name="App\Dice\DiceTest" file="/home/issa/dbwebb-kurser/mvc/me/report/tests/Dice/DiceTest.php" tests="3" assertions="7" errors="0" warnings="0" failures="0" skipped="0" time="0.002058">
        <testcase name="testCreateDice" class="App\Dice\DiceTest" classname="App.Dice.DiceTest" file="/home/issa/dbwebb-kurser/mvc/me/report/tests/Dice/DiceTest.php" line="16" assertions="2" time="0.000555"/>
        <testcase name="testRollReturnsRandomInteger" class="App\Dice\DiceTest" classname="App.Dice.DiceTest" file="/home/issa/dbwebb-kurser/mvc/me/report/tests/Dice/DiceTest.php" line="25" assertions="4" time="0.000647"/>
        <testcase name="testGetValueReturnsRolledNumber" class="App\Dice\DiceTest" classname="App.Dice.DiceTest" file="/home/issa/dbwebb-kurser/mvc/me/report/tests/Dice/DiceTest.php" line="34" assertions="1" time="0.000856"/>
      </testsuite>
      <testsuite name="App\Game21\GameTest" file="/home/issa/dbwebb-kurser/mvc/me/report/tests/Game21/GameTest.php" tests="11" assertions="19" errors="0" warnings="0" failures="0" skipped="0" time="0.026175">
        <testcase name="testCanGetPlayerPoints" class="App\Game21\GameTest" classname="App.Game21.GameTest" file="/home/issa/dbwebb-kurser/mvc/me/report/tests/Game21/GameTest.php" line="29" assertions="2" time="0.003046"/>
        <testcase name="testCanGetBankPoints" class="App\Game21\GameTest" classname="App.Game21.GameTest" file="/home/issa/dbwebb-kurser/mvc/me/report/tests/Game21/GameTest.php" line="39" assertions="3" time="0.002120"/>
        <testcase name="testWhenPlayerHasDrawnACardTheyCanStop" class="App\Game21\GameTest" classname="App.Game21.GameTest" file="/home/issa/dbwebb-kurser/mvc/me/report/tests/Game21/GameTest.php" line="50" assertions="2" time="0.001340"/>
        <testcase name="testWhenGameStartsPlayerCanTakeCard" class="App\Game21\GameTest" classname="App.Game21.GameTest" file="/home/issa/dbwebb-kurser/mvc/me/report/tests/Game21/GameTest.php" line="59" assertions="1" time="0.001397"/>
        <testcase name="testCanGetPlayerCards" class="App\Game21\GameTest" classname="App.Game21.GameTest" file="/home/issa/dbwebb-kurser/mvc/me/report/tests/Game21/GameTest.php" line="64" assertions="3" time="0.001313"/>
        <testcase name="testCanGetBankCards" class="App\Game21\GameTest" classname="App.Game21.GameTest" file="/home/issa/dbwebb-kurser/mvc/me/report/tests/Game21/GameTest.php" line="77" assertions="3" time="0.001320"/>
        <testcase name="testWhenPlayerStaysTheyCantTakeAnotherCard" class="App\Game21\GameTest" classname="App.Game21.GameTest" file="/home/issa/dbwebb-kurser/mvc/me/report/tests/Game21/GameTest.php" line="90" assertions="1" time="0.002053"/>
        <testcase name="testWhenPlayerStaysTheyNoLongerCanChooseToStop" class="App\Game21\GameTest" classname="App.Game21.GameTest" file="/home/issa/dbwebb-kurser/mvc/me/report/tests/Game21/GameTest.php" line="97" assertions="1" time="0.003819"/>
        <testcase name="testWhenPlayerGetMorePointsThan21TheyLose" class="App\Game21\GameTest" classname="App.Game21.GameTest" file="/home/issa/dbwebb-kurser/mvc/me/report/tests/Game21/GameTest.php" line="104" assertions="1" time="0.004769"/>
        <testcase name="testWhenBankGetsMorePointsThan21ThePlayerWins" class="App\Game21\GameTest" classname="App.Game21.GameTest" file="/home/issa/dbwebb-kurser/mvc/me/report/tests/Game21/GameTest.php" line="128" assertions="1" time="0.002472"/>
        <testcase name="testWhenPlayerGets21PointsTheyWin" class="App\Game21\GameTest" classname="App.Game21.GameTest" file="/home/issa/dbwebb-kurser/mvc/me/report/tests/Game21/GameTest.php" line="153" assertions="1" time="0.002526"/>
      </testsuite>
      <testsuite name="App\Game21\PlayerTest" file="/home/issa/dbwebb-kurser/mvc/me/report/tests/Game21/PlayerTest.php" tests="3" assertions="7" errors="0" warnings="0" failures="0" skipped="0" time="0.003042">
        <testcase name="testCanAddCards" class="App\Game21\PlayerTest" classname="App.Game21.PlayerTest" file="/home/issa/dbwebb-kurser/mvc/me/report/tests/Game21/PlayerTest.php" line="10" assertions="3" time="0.000819"/>
        <testcase name="testCanCountCards" class="App\Game21\PlayerTest" classname="App.Game21.PlayerTest" file="/home/issa/dbwebb-kurser/mvc/me/report/tests/Game21/PlayerTest.php" line="24" assertions="2" time="0.000869"/>
        <testcase name="testCanSumCardValues" class="App\Game21\PlayerTest" classname="App.Game21.PlayerTest" file="/home/issa/dbwebb-kurser/mvc/me/report/tests/Game21/PlayerTest.php" line="35" assertions="2" time="0.001355"/>
      </testsuite>
    </testsuite>
  </testsuite>
</testsuites>
