<?xml version="1.0" encoding="UTF-8"?>
<testsuites>
  <testsuite name="" tests="42" assertions="94" errors="0" warnings="0" failures="0" skipped="0" time="0.156587">
    <testsuite name="Project Test Suite" tests="42" assertions="94" errors="0" warnings="0" failures="0" skipped="0" time="0.156587">
      <testsuite name="App\Card\CardTest" file="/home/issa/dbwebb-kurser/mvc/me/report/tests/Card/CardTest.php" tests="8" assertions="22" errors="0" warnings="0" failures="0" skipped="0" time="0.017274">
        <testcase name="testValueFromRank" class="App\Card\CardTest" classname="App.Card.CardTest" file="/home/issa/dbwebb-kurser/mvc/me/report/tests/Card/CardTest.php" line="12" assertions="14" time="0.014215"/>
        <testcase name="testGetSuitSymbolForHearts" class="App\Card\CardTest" classname="App.Card.CardTest" file="/home/issa/dbwebb-kurser/mvc/me/report/tests/Card/CardTest.php" line="30" assertions="1" time="0.000496"/>
        <testcase name="testGetSuitSymbolForSpades" class="App\Card\CardTest" classname="App.Card.CardTest" file="/home/issa/dbwebb-kurser/mvc/me/report/tests/Card/CardTest.php" line="37" assertions="1" time="0.000379"/>
        <testcase name="testGetSuitSymbolForClubs" class="App\Card\CardTest" classname="App.Card.CardTest" file="/home/issa/dbwebb-kurser/mvc/me/report/tests/Card/CardTest.php" line="44" assertions="1" time="0.000402"/>
        <testcase name="testGetSuitSymbolForDiamonds" class="App\Card\CardTest" classname="App.Card.CardTest" file="/home/issa/dbwebb-kurser/mvc/me/report/tests/Card/CardTest.php" line="51" assertions="1" time="0.000371"/>
        <testcase name="testGetSuitSymbolReturnsEmptyStringWithInvalidSuit" class="App\Card\CardTest" classname="App.Card.CardTest" file="/home/issa/dbwebb-kurser/mvc/me/report/tests/Card/CardTest.php" line="58" assertions="1" time="0.000423"/>
        <testcase name="testSuitAndRankAreAssignedCorrectly" class="App\Card\CardTest" classname="App.Card.CardTest" file="/home/issa/dbwebb-kurser/mvc/me/report/tests/Card/CardTest.php" line="65" assertions="2" time="0.000469"/>
        <testcase name="testToStringReturnsBothSuitAndRank" class="App\Card\CardTest" classname="App.Card.CardTest" file="/home/issa/dbwebb-kurser/mvc/me/report/tests/Card/CardTest.php" line="73" assertions="1" time="0.000518"/>
      </testsuite>
      <testsuite name="App\Card\DeckOfCardsTest" file="/home/issa/dbwebb-kurser/mvc/me/report/tests/Card/DeckOfCardsTest.php" tests="7" assertions="8" errors="0" warnings="0" failures="0" skipped="0" time="0.036673">
        <testcase name="testCreatingNewDeckInitializesCards" class="App\Card\DeckOfCardsTest" classname="App.Card.DeckOfCardsTest" file="/home/issa/dbwebb-kurser/mvc/me/report/tests/Card/DeckOfCardsTest.php" line="12" assertions="1" time="0.002562"/>
        <testcase name="testShuffleShufflesCards" class="App\Card\DeckOfCardsTest" classname="App.Card.DeckOfCardsTest" file="/home/issa/dbwebb-kurser/mvc/me/report/tests/Card/DeckOfCardsTest.php" line="19" assertions="1" time="0.015275"/>
        <testcase name="testDrawCardsReturnsNullWhenNoCards" class="App\Card\DeckOfCardsTest" classname="App.Card.DeckOfCardsTest" file="/home/issa/dbwebb-kurser/mvc/me/report/tests/Card/DeckOfCardsTest.php" line="30" assertions="1" time="0.000924"/>
        <testcase name="testDrawCardReturnsTopCardInDeck" class="App\Card\DeckOfCardsTest" classname="App.Card.DeckOfCardsTest" file="/home/issa/dbwebb-kurser/mvc/me/report/tests/Card/DeckOfCardsTest.php" line="41" assertions="1" time="0.001188"/>
        <testcase name="testResetResetsCardsInDeck" class="App\Card\DeckOfCardsTest" classname="App.Card.DeckOfCardsTest" file="/home/issa/dbwebb-kurser/mvc/me/report/tests/Card/DeckOfCardsTest.php" line="52" assertions="1" time="0.011396"/>
        <testcase name="testToStringReturnsNonEmptyString" class="App\Card\DeckOfCardsTest" classname="App.Card.DeckOfCardsTest" file="/home/issa/dbwebb-kurser/mvc/me/report/tests/Card/DeckOfCardsTest.php" line="66" assertions="1" time="0.000804"/>
        <testcase name="testGetAllCardsSortedReturnsCardsSorted" class="App\Card\DeckOfCardsTest" classname="App.Card.DeckOfCardsTest" file="/home/issa/dbwebb-kurser/mvc/me/report/tests/Card/DeckOfCardsTest.php" line="73" assertions="2" time="0.004524"/>
      </testsuite>
      <testsuite name="App\Tests\Controller\ConcreteCardControllerTest" file="/home/issa/dbwebb-kurser/mvc/me/report/tests/Controller/AbstractCardControllerTest.php" tests="1" assertions="2" errors="0" warnings="0" failures="0" skipped="0" time="0.029127">
        <testcase name="testStoreAndRetrieve" class="App\Tests\Controller\ConcreteCardControllerTest" classname="App.Tests.Controller.ConcreteCardControllerTest" file="/home/issa/dbwebb-kurser/mvc/me/report/tests/Controller/AbstractCardControllerTest.php" line="36" assertions="2" time="0.029127"/>
      </testsuite>
      <testsuite name="App\Tests\Controller\ApiControllerTest" file="/home/issa/dbwebb-kurser/mvc/me/report/tests/Controller/ApiControllerTest.php" tests="3" assertions="12" errors="0" warnings="0" failures="0" skipped="0" time="0.046135">
        <testcase name="testApiGame" class="App\Tests\Controller\ApiControllerTest" classname="App.Tests.Controller.ApiControllerTest" file="/home/issa/dbwebb-kurser/mvc/me/report/tests/Controller/ApiControllerTest.php" line="39" assertions="3" time="0.040942"/>
        <testcase name="testApiQuote" class="App\Tests\Controller\ApiControllerTest" classname="App.Tests.Controller.ApiControllerTest" file="/home/issa/dbwebb-kurser/mvc/me/report/tests/Controller/ApiControllerTest.php" line="62" assertions="5" time="0.002256"/>
        <testcase name="testApiListBooks" class="App\Tests\Controller\ApiControllerTest" classname="App.Tests.Controller.ApiControllerTest" file="/home/issa/dbwebb-kurser/mvc/me/report/tests/Controller/ApiControllerTest.php" line="77" assertions="4" time="0.002938"/>
      </testsuite>
      <testsuite name="App\Dice\DiceGraphicTest" file="/home/issa/dbwebb-kurser/mvc/me/report/tests/Dice/DiceGraphicTest.php" tests="2" assertions="2" errors="0" warnings="0" failures="0" skipped="0" time="0.001796">
        <testcase name="testGetAsStringReturnsNullWhenDiceNotRolled" class="App\Dice\DiceGraphicTest" classname="App.Dice.DiceGraphicTest" file="/home/issa/dbwebb-kurser/mvc/me/report/tests/Dice/DiceGraphicTest.php" line="12" assertions="1" time="0.001244"/>
        <testcase name="testGetAsStringReturnsNonEmptyString" class="App\Dice\DiceGraphicTest" classname="App.Dice.DiceGraphicTest" file="/home/issa/dbwebb-kurser/mvc/me/report/tests/Dice/DiceGraphicTest.php" line="19" assertions="1" time="0.000552"/>
      </testsuite>
      <testsuite name="App\Dice\DiceHandTest" file="/home/issa/dbwebb-kurser/mvc/me/report/tests/Dice/DiceHandTest.php" tests="4" assertions="15" errors="0" warnings="0" failures="0" skipped="0" time="0.005138">
        <testcase name="testCanAddDie" class="App\Dice\DiceHandTest" classname="App.Dice.DiceHandTest" file="/home/issa/dbwebb-kurser/mvc/me/report/tests/Dice/DiceHandTest.php" line="12" assertions="2" time="0.001218"/>
        <testcase name="testRollRollsAllDice" class="App\Dice\DiceHandTest" classname="App.Dice.DiceHandTest" file="/home/issa/dbwebb-kurser/mvc/me/report/tests/Dice/DiceHandTest.php" line="23" assertions="10" time="0.002953"/>
        <testcase name="testGetStringReturnsNonEmptyStrings" class="App\Dice\DiceHandTest" classname="App.Dice.DiceHandTest" file="/home/issa/dbwebb-kurser/mvc/me/report/tests/Dice/DiceHandTest.php" line="42" assertions="2" time="0.000499"/>
        <testcase name="testToStringReturnsNonEmptyStrings" class="App\Dice\DiceHandTest" classname="App.Dice.DiceHandTest" file="/home/issa/dbwebb-kurser/mvc/me/report/tests/Dice/DiceHandTest.php" line="56" assertions="1" time="0.000468"/>
      </testsuite>
      <testsuite name="App\Dice\DiceTest" file="/home/issa/dbwebb-kurser/mvc/me/report/tests/Dice/DiceTest.php" tests="3" assertions="7" errors="0" warnings="0" failures="0" skipped="0" time="0.001552">
        <testcase name="testCreateDice" class="App\Dice\DiceTest" classname="App.Dice.DiceTest" file="/home/issa/dbwebb-kurser/mvc/me/report/tests/Dice/DiceTest.php" line="16" assertions="2" time="0.000496"/>
        <testcase name="testRollReturnsRandomInteger" class="App\Dice\DiceTest" classname="App.Dice.DiceTest" file="/home/issa/dbwebb-kurser/mvc/me/report/tests/Dice/DiceTest.php" line="25" assertions="4" time="0.000642"/>
        <testcase name="testGetValueReturnsRolledNumber" class="App\Dice\DiceTest" classname="App.Dice.DiceTest" file="/home/issa/dbwebb-kurser/mvc/me/report/tests/Dice/DiceTest.php" line="34" assertions="1" time="0.000413"/>
      </testsuite>
      <testsuite name="App\Game21\GameTest" file="/home/issa/dbwebb-kurser/mvc/me/report/tests/Game21/GameTest.php" tests="11" assertions="19" errors="0" warnings="0" failures="0" skipped="0" time="0.017582">
        <testcase name="testCanGetPlayerPoints" class="App\Game21\GameTest" classname="App.Game21.GameTest" file="/home/issa/dbwebb-kurser/mvc/me/report/tests/Game21/GameTest.php" line="29" assertions="2" time="0.002582"/>
        <testcase name="testCanGetBankPoints" class="App\Game21\GameTest" classname="App.Game21.GameTest" file="/home/issa/dbwebb-kurser/mvc/me/report/tests/Game21/GameTest.php" line="39" assertions="3" time="0.001475"/>
        <testcase name="testWhenPlayerHasDrawnACardTheyCanStop" class="App\Game21\GameTest" classname="App.Game21.GameTest" file="/home/issa/dbwebb-kurser/mvc/me/report/tests/Game21/GameTest.php" line="50" assertions="2" time="0.001651"/>
        <testcase name="testWhenGameStartsPlayerCanTakeCard" class="App\Game21\GameTest" classname="App.Game21.GameTest" file="/home/issa/dbwebb-kurser/mvc/me/report/tests/Game21/GameTest.php" line="59" assertions="1" time="0.001055"/>
        <testcase name="testCanGetPlayerCards" class="App\Game21\GameTest" classname="App.Game21.GameTest" file="/home/issa/dbwebb-kurser/mvc/me/report/tests/Game21/GameTest.php" line="64" assertions="3" time="0.001131"/>
        <testcase name="testCanGetBankCards" class="App\Game21\GameTest" classname="App.Game21.GameTest" file="/home/issa/dbwebb-kurser/mvc/me/report/tests/Game21/GameTest.php" line="77" assertions="3" time="0.001238"/>
        <testcase name="testWhenPlayerStaysTheyCantTakeAnotherCard" class="App\Game21\GameTest" classname="App.Game21.GameTest" file="/home/issa/dbwebb-kurser/mvc/me/report/tests/Game21/GameTest.php" line="90" assertions="1" time="0.001116"/>
        <testcase name="testWhenPlayerStaysTheyNoLongerCanChooseToStop" class="App\Game21\GameTest" classname="App.Game21.GameTest" file="/home/issa/dbwebb-kurser/mvc/me/report/tests/Game21/GameTest.php" line="97" assertions="1" time="0.001084"/>
        <testcase name="testWhenPlayerGetMorePointsThan21TheyLose" class="App\Game21\GameTest" classname="App.Game21.GameTest" file="/home/issa/dbwebb-kurser/mvc/me/report/tests/Game21/GameTest.php" line="104" assertions="1" time="0.003218"/>
        <testcase name="testWhenBankGetsMorePointsThan21ThePlayerWins" class="App\Game21\GameTest" classname="App.Game21.GameTest" file="/home/issa/dbwebb-kurser/mvc/me/report/tests/Game21/GameTest.php" line="128" assertions="1" time="0.001558"/>
        <testcase name="testWhenPlayerGets21PointsTheyWin" class="App\Game21\GameTest" classname="App.Game21.GameTest" file="/home/issa/dbwebb-kurser/mvc/me/report/tests/Game21/GameTest.php" line="153" assertions="1" time="0.001474"/>
      </testsuite>
      <testsuite name="App\Game21\PlayerTest" file="/home/issa/dbwebb-kurser/mvc/me/report/tests/Game21/PlayerTest.php" tests="3" assertions="7" errors="0" warnings="0" failures="0" skipped="0" time="0.001310">
        <testcase name="testCanAddCards" class="App\Game21\PlayerTest" classname="App.Game21.PlayerTest" file="/home/issa/dbwebb-kurser/mvc/me/report/tests/Game21/PlayerTest.php" line="10" assertions="3" time="0.000479"/>
        <testcase name="testCanCountCards" class="App\Game21\PlayerTest" classname="App.Game21.PlayerTest" file="/home/issa/dbwebb-kurser/mvc/me/report/tests/Game21/PlayerTest.php" line="24" assertions="2" time="0.000406"/>
        <testcase name="testCanSumCardValues" class="App\Game21\PlayerTest" classname="App.Game21.PlayerTest" file="/home/issa/dbwebb-kurser/mvc/me/report/tests/Game21/PlayerTest.php" line="35" assertions="2" time="0.000425"/>
      </testsuite>
    </testsuite>
  </testsuite>
</testsuites>
