<?xml version="1.0" encoding="UTF-8"?>
<testsuites>
  <testsuite name="" tests="117" assertions="248" errors="0" warnings="0" failures="0" skipped="0" time="0.299687">
    <testsuite name="Project Test Suite" tests="117" assertions="248" errors="0" warnings="0" failures="0" skipped="0" time="0.299687">
      <testsuite name="App\Card\CardTest" file="/home/issa/dbwebb-kurser/mvc/me/report/tests/Card/CardTest.php" tests="8" assertions="22" errors="0" warnings="0" failures="0" skipped="0" time="0.014927">
        <testcase name="testValueFromRank" class="App\Card\CardTest" classname="App.Card.CardTest" file="/home/issa/dbwebb-kurser/mvc/me/report/tests/Card/CardTest.php" line="12" assertions="14" time="0.012205"/>
        <testcase name="testGetSuitSymbolForHearts" class="App\Card\CardTest" classname="App.Card.CardTest" file="/home/issa/dbwebb-kurser/mvc/me/report/tests/Card/CardTest.php" line="30" assertions="1" time="0.000401"/>
        <testcase name="testGetSuitSymbolForSpades" class="App\Card\CardTest" classname="App.Card.CardTest" file="/home/issa/dbwebb-kurser/mvc/me/report/tests/Card/CardTest.php" line="37" assertions="1" time="0.000346"/>
        <testcase name="testGetSuitSymbolForClubs" class="App\Card\CardTest" classname="App.Card.CardTest" file="/home/issa/dbwebb-kurser/mvc/me/report/tests/Card/CardTest.php" line="44" assertions="1" time="0.000347"/>
        <testcase name="testGetSuitSymbolForDiamonds" class="App\Card\CardTest" classname="App.Card.CardTest" file="/home/issa/dbwebb-kurser/mvc/me/report/tests/Card/CardTest.php" line="51" assertions="1" time="0.000349"/>
        <testcase name="testGetSuitSymbolReturnsEmptyStringWithInvalidSuit" class="App\Card\CardTest" classname="App.Card.CardTest" file="/home/issa/dbwebb-kurser/mvc/me/report/tests/Card/CardTest.php" line="58" assertions="1" time="0.000356"/>
        <testcase name="testSuitAndRankAreAssignedCorrectly" class="App\Card\CardTest" classname="App.Card.CardTest" file="/home/issa/dbwebb-kurser/mvc/me/report/tests/Card/CardTest.php" line="65" assertions="2" time="0.000470"/>
        <testcase name="testToStringReturnsBothSuitAndRank" class="App\Card\CardTest" classname="App.Card.CardTest" file="/home/issa/dbwebb-kurser/mvc/me/report/tests/Card/CardTest.php" line="73" assertions="1" time="0.000451"/>
      </testsuite>
      <testsuite name="App\Card\DeckOfCardsTest" file="/home/issa/dbwebb-kurser/mvc/me/report/tests/Card/DeckOfCardsTest.php" tests="7" assertions="8" errors="0" warnings="0" failures="0" skipped="0" time="0.032593">
        <testcase name="testCreatingNewDeckInitializesCards" class="App\Card\DeckOfCardsTest" classname="App.Card.DeckOfCardsTest" file="/home/issa/dbwebb-kurser/mvc/me/report/tests/Card/DeckOfCardsTest.php" line="12" assertions="1" time="0.001615"/>
        <testcase name="testShuffleShufflesCards" class="App\Card\DeckOfCardsTest" classname="App.Card.DeckOfCardsTest" file="/home/issa/dbwebb-kurser/mvc/me/report/tests/Card/DeckOfCardsTest.php" line="19" assertions="1" time="0.013057"/>
        <testcase name="testDrawCardsReturnsNullWhenNoCards" class="App\Card\DeckOfCardsTest" classname="App.Card.DeckOfCardsTest" file="/home/issa/dbwebb-kurser/mvc/me/report/tests/Card/DeckOfCardsTest.php" line="30" assertions="1" time="0.001017"/>
        <testcase name="testDrawCardReturnsTopCardInDeck" class="App\Card\DeckOfCardsTest" classname="App.Card.DeckOfCardsTest" file="/home/issa/dbwebb-kurser/mvc/me/report/tests/Card/DeckOfCardsTest.php" line="41" assertions="1" time="0.000796"/>
        <testcase name="testResetResetsCardsInDeck" class="App\Card\DeckOfCardsTest" classname="App.Card.DeckOfCardsTest" file="/home/issa/dbwebb-kurser/mvc/me/report/tests/Card/DeckOfCardsTest.php" line="52" assertions="1" time="0.009860"/>
        <testcase name="testToStringReturnsNonEmptyString" class="App\Card\DeckOfCardsTest" classname="App.Card.DeckOfCardsTest" file="/home/issa/dbwebb-kurser/mvc/me/report/tests/Card/DeckOfCardsTest.php" line="66" assertions="1" time="0.001671"/>
        <testcase name="testGetAllCardsSortedReturnsCardsSorted" class="App\Card\DeckOfCardsTest" classname="App.Card.DeckOfCardsTest" file="/home/issa/dbwebb-kurser/mvc/me/report/tests/Card/DeckOfCardsTest.php" line="73" assertions="2" time="0.004576"/>
      </testsuite>
      <testsuite name="App\Tests\Card5\BettingRoundTest" file="/home/issa/dbwebb-kurser/mvc/me/report/tests/Card5/BettingRoundTest.php" tests="16" assertions="31" errors="0" warnings="0" failures="0" skipped="0" time="0.068325">
        <testcase name="testComputerTurnNoPreviousBetsCheck" class="App\Tests\Card5\BettingRoundTest" classname="App.Tests.Card5.BettingRoundTest" file="/home/issa/dbwebb-kurser/mvc/me/report/tests/Card5/BettingRoundTest.php" line="41" assertions="2" time="0.036335"/>
        <testcase name="testComputerTurnNoPreviousBetsBetNonZero" class="App\Tests\Card5\BettingRoundTest" classname="App.Tests.Card5.BettingRoundTest" file="/home/issa/dbwebb-kurser/mvc/me/report/tests/Card5/BettingRoundTest.php" line="56" assertions="3" time="0.002122"/>
        <testcase name="testComputerTurnPreviousBetIsZeroBetNonZero" class="App\Tests\Card5\BettingRoundTest" classname="App.Tests.Card5.BettingRoundTest" file="/home/issa/dbwebb-kurser/mvc/me/report/tests/Card5/BettingRoundTest.php" line="73" assertions="3" time="0.001342"/>
        <testcase name="testComputerTurnWhenComputerHasWeakerHand" class="App\Tests\Card5\BettingRoundTest" classname="App.Tests.Card5.BettingRoundTest" file="/home/issa/dbwebb-kurser/mvc/me/report/tests/Card5/BettingRoundTest.php" line="93" assertions="3" time="0.002301"/>
        <testcase name="testComputerCallsMatchingPlayerBetWhenHandIsStronger" class="App\Tests\Card5\BettingRoundTest" classname="App.Tests.Card5.BettingRoundTest" file="/home/issa/dbwebb-kurser/mvc/me/report/tests/Card5/BettingRoundTest.php" line="119" assertions="3" time="0.001778"/>
        <testcase name="testIsBettingRoundOverNoBets" class="App\Tests\Card5\BettingRoundTest" classname="App.Tests.Card5.BettingRoundTest" file="/home/issa/dbwebb-kurser/mvc/me/report/tests/Card5/BettingRoundTest.php" line="148" assertions="1" time="0.003891"/>
        <testcase name="testIsBettingRoundOverPlayerBetsComputerChecks" class="App\Tests\Card5\BettingRoundTest" classname="App.Tests.Card5.BettingRoundTest" file="/home/issa/dbwebb-kurser/mvc/me/report/tests/Card5/BettingRoundTest.php" line="153" assertions="1" time="0.002582"/>
        <testcase name="testIsBettingRoundOverPlayerBetsComputerCalls" class="App\Tests\Card5\BettingRoundTest" classname="App.Tests.Card5.BettingRoundTest" file="/home/issa/dbwebb-kurser/mvc/me/report/tests/Card5/BettingRoundTest.php" line="164" assertions="1" time="0.001404"/>
        <testcase name="testIsBettingRoundOverPlayerBetsComputerFolds" class="App\Tests\Card5\BettingRoundTest" classname="App.Tests.Card5.BettingRoundTest" file="/home/issa/dbwebb-kurser/mvc/me/report/tests/Card5/BettingRoundTest.php" line="175" assertions="1" time="0.004071"/>
        <testcase name="testIsBettingRoundOverPlayerChecksComputerBets" class="App\Tests\Card5\BettingRoundTest" classname="App.Tests.Card5.BettingRoundTest" file="/home/issa/dbwebb-kurser/mvc/me/report/tests/Card5/BettingRoundTest.php" line="189" assertions="1" time="0.002266"/>
        <testcase name="testHasBetsNoBets" class="App\Tests\Card5\BettingRoundTest" classname="App.Tests.Card5.BettingRoundTest" file="/home/issa/dbwebb-kurser/mvc/me/report/tests/Card5/BettingRoundTest.php" line="200" assertions="1" time="0.001320"/>
        <testcase name="testHasBetsWithBets" class="App\Tests\Card5\BettingRoundTest" classname="App.Tests.Card5.BettingRoundTest" file="/home/issa/dbwebb-kurser/mvc/me/report/tests/Card5/BettingRoundTest.php" line="205" assertions="1" time="0.001368"/>
        <testcase name="testResetAfterBets" class="App\Tests\Card5\BettingRoundTest" classname="App.Tests.Card5.BettingRoundTest" file="/home/issa/dbwebb-kurser/mvc/me/report/tests/Card5/BettingRoundTest.php" line="211" assertions="3" time="0.001725"/>
        <testcase name="testResetWithoutBets" class="App\Tests\Card5\BettingRoundTest" classname="App.Tests.Card5.BettingRoundTest" file="/home/issa/dbwebb-kurser/mvc/me/report/tests/Card5/BettingRoundTest.php" line="222" assertions="2" time="0.001634"/>
        <testcase name="testPlayerCall" class="App\Tests\Card5\BettingRoundTest" classname="App.Tests.Card5.BettingRoundTest" file="/home/issa/dbwebb-kurser/mvc/me/report/tests/Card5/BettingRoundTest.php" line="230" assertions="3" time="0.002474"/>
        <testcase name="testPlayerFoldAfterBetting" class="App\Tests\Card5\BettingRoundTest" classname="App.Tests.Card5.BettingRoundTest" file="/home/issa/dbwebb-kurser/mvc/me/report/tests/Card5/BettingRoundTest.php" line="256" assertions="2" time="0.001713"/>
      </testsuite>
      <testsuite name="DeckOfCardsTest" file="/home/issa/dbwebb-kurser/mvc/me/report/tests/Card5/DeckOfCardsTest.php" tests="6" assertions="12" errors="0" warnings="0" failures="0" skipped="0" time="0.008485">
        <testcase name="testDeckInitialization" class="DeckOfCardsTest" classname="DeckOfCardsTest" file="/home/issa/dbwebb-kurser/mvc/me/report/tests/Card5/DeckOfCardsTest.php" line="9" assertions="1" time="0.001899"/>
        <testcase name="testDeckReset" class="DeckOfCardsTest" classname="DeckOfCardsTest" file="/home/issa/dbwebb-kurser/mvc/me/report/tests/Card5/DeckOfCardsTest.php" line="15" assertions="1" time="0.001033"/>
        <testcase name="testDealOneCard" class="DeckOfCardsTest" classname="DeckOfCardsTest" file="/home/issa/dbwebb-kurser/mvc/me/report/tests/Card5/DeckOfCardsTest.php" line="23" assertions="2" time="0.003050"/>
        <testcase name="testDealMultipleCards" class="DeckOfCardsTest" classname="DeckOfCardsTest" file="/home/issa/dbwebb-kurser/mvc/me/report/tests/Card5/DeckOfCardsTest.php" line="31" assertions="6" time="0.000843"/>
        <testcase name="testDeckSizeAfterDealing" class="DeckOfCardsTest" classname="DeckOfCardsTest" file="/home/issa/dbwebb-kurser/mvc/me/report/tests/Card5/DeckOfCardsTest.php" line="41" assertions="1" time="0.000964"/>
        <testcase name="testDealingMoreCardsThanInDeck" class="DeckOfCardsTest" classname="DeckOfCardsTest" file="/home/issa/dbwebb-kurser/mvc/me/report/tests/Card5/DeckOfCardsTest.php" line="50" assertions="1" time="0.000695"/>
      </testsuite>
      <testsuite name="EventLoggerTest" file="/home/issa/dbwebb-kurser/mvc/me/report/tests/Card5/EventLoggerTest.php" tests="3" assertions="6" errors="0" warnings="0" failures="0" skipped="0" time="0.002599">
        <testcase name="testLogAddsEventToTheEventsArray" class="EventLoggerTest" classname="EventLoggerTest" file="/home/issa/dbwebb-kurser/mvc/me/report/tests/Card5/EventLoggerTest.php" line="15" assertions="2" time="0.000626"/>
        <testcase name="testGetEventsReturnsEventsInCorrectOrder" class="EventLoggerTest" classname="EventLoggerTest" file="/home/issa/dbwebb-kurser/mvc/me/report/tests/Card5/EventLoggerTest.php" line="27" assertions="3" time="0.000615"/>
        <testcase name="testClearEmptiesTheEventsArray" class="EventLoggerTest" classname="EventLoggerTest" file="/home/issa/dbwebb-kurser/mvc/me/report/tests/Card5/EventLoggerTest.php" line="41" assertions="1" time="0.001358"/>
      </testsuite>
      <testsuite name="App\Card5\GameActionCheckerTest" file="/home/issa/dbwebb-kurser/mvc/me/report/tests/Card5/GameActionCheckerTest.php" tests="5" assertions="19" errors="0" warnings="0" failures="0" skipped="0" time="0.010187">
        <testcase name="testCanCheckWhenFirstBettingRoundNoBets" class="App\Card5\GameActionCheckerTest" classname="App.Card5.GameActionCheckerTest" file="/home/issa/dbwebb-kurser/mvc/me/report/tests/Card5/GameActionCheckerTest.php" line="13" assertions="4" time="0.005115"/>
        <testcase name="testCanBetWhenFirstBettingRoundNoBets" class="App\Card5\GameActionCheckerTest" classname="App.Card5.GameActionCheckerTest" file="/home/issa/dbwebb-kurser/mvc/me/report/tests/Card5/GameActionCheckerTest.php" line="31" assertions="4" time="0.001250"/>
        <testcase name="testCanDrawWhenInDrawState" class="App\Card5\GameActionCheckerTest" classname="App.Card5.GameActionCheckerTest" file="/home/issa/dbwebb-kurser/mvc/me/report/tests/Card5/GameActionCheckerTest.php" line="49" assertions="3" time="0.000989"/>
        <testcase name="testCanCallWhenFirstBettingRoundWithBets" class="App\Card5\GameActionCheckerTest" classname="App.Card5.GameActionCheckerTest" file="/home/issa/dbwebb-kurser/mvc/me/report/tests/Card5/GameActionCheckerTest.php" line="66" assertions="4" time="0.000924"/>
        <testcase name="testCanFoldWhenFirstBettingRoundWithBets" class="App\Card5\GameActionCheckerTest" classname="App.Card5.GameActionCheckerTest" file="/home/issa/dbwebb-kurser/mvc/me/report/tests/Card5/GameActionCheckerTest.php" line="84" assertions="4" time="0.001909"/>
      </testsuite>
      <testsuite name="GameStateTest" file="/home/issa/dbwebb-kurser/mvc/me/report/tests/Card5/GameStateTest.php" tests="4" assertions="11" errors="0" warnings="0" failures="0" skipped="0" time="0.002830">
        <testcase name="testInitialStateIsAnte" class="GameStateTest" classname="GameStateTest" file="/home/issa/dbwebb-kurser/mvc/me/report/tests/Card5/GameStateTest.php" line="15" assertions="1" time="0.000696"/>
        <testcase name="testNextStateCyclesThroughStates" class="GameStateTest" classname="GameStateTest" file="/home/issa/dbwebb-kurser/mvc/me/report/tests/Card5/GameStateTest.php" line="20" assertions="7" time="0.000949"/>
        <testcase name="testSetStateSetsCorrectState" class="GameStateTest" classname="GameStateTest" file="/home/issa/dbwebb-kurser/mvc/me/report/tests/Card5/GameStateTest.php" line="43" assertions="2" time="0.000642"/>
        <testcase name="testSetStateInvalidStateDoesNothing" class="GameStateTest" classname="GameStateTest" file="/home/issa/dbwebb-kurser/mvc/me/report/tests/Card5/GameStateTest.php" line="52" assertions="1" time="0.000541"/>
      </testsuite>
      <testsuite name="App\Card5\GameTest" file="/home/issa/dbwebb-kurser/mvc/me/report/tests/Card5/GameTest.php" tests="8" assertions="17" errors="0" warnings="0" failures="0" skipped="0" time="0.022078">
        <testcase name="testHandleAnte" class="App\Card5\GameTest" classname="App.Card5.GameTest" file="/home/issa/dbwebb-kurser/mvc/me/report/tests/Card5/GameTest.php" line="63" assertions="3" time="0.005207"/>
        <testcase name="testHandleDealing" class="App\Card5\GameTest" classname="App.Card5.GameTest" file="/home/issa/dbwebb-kurser/mvc/me/report/tests/Card5/GameTest.php" line="73" assertions="3" time="0.002311"/>
        <testcase name="testBasicBettingRound" class="App\Card5\GameTest" classname="App.Card5.GameTest" file="/home/issa/dbwebb-kurser/mvc/me/report/tests/Card5/GameTest.php" line="84" assertions="2" time="0.002153"/>
        <testcase name="testBettingRoundWithMultipleActions" class="App\Card5\GameTest" classname="App.Card5.GameTest" file="/home/issa/dbwebb-kurser/mvc/me/report/tests/Card5/GameTest.php" line="97" assertions="1" time="0.002357"/>
        <testcase name="testHandleCheckAction" class="App\Card5\GameTest" classname="App.Card5.GameTest" file="/home/issa/dbwebb-kurser/mvc/me/report/tests/Card5/GameTest.php" line="112" assertions="2" time="0.002685"/>
        <testcase name="testHandleBetAction" class="App\Card5\GameTest" classname="App.Card5.GameTest" file="/home/issa/dbwebb-kurser/mvc/me/report/tests/Card5/GameTest.php" line="121" assertions="2" time="0.003286"/>
        <testcase name="testHandleCallAction" class="App\Card5\GameTest" classname="App.Card5.GameTest" file="/home/issa/dbwebb-kurser/mvc/me/report/tests/Card5/GameTest.php" line="130" assertions="2" time="0.001851"/>
        <testcase name="testHandleFoldAction" class="App\Card5\GameTest" classname="App.Card5.GameTest" file="/home/issa/dbwebb-kurser/mvc/me/report/tests/Card5/GameTest.php" line="139" assertions="2" time="0.002227"/>
      </testsuite>
      <testsuite name="HandEvaluatorTest" file="/home/issa/dbwebb-kurser/mvc/me/report/tests/Card5/HandEvaluatorTest.php" tests="10" assertions="11" errors="0" warnings="0" failures="0" skipped="0" time="0.008446">
        <testcase name="testEvaluateHandForStraightFlush" class="HandEvaluatorTest" classname="HandEvaluatorTest" file="/home/issa/dbwebb-kurser/mvc/me/report/tests/Card5/HandEvaluatorTest.php" line="10" assertions="1" time="0.001134"/>
        <testcase name="testEvaluateHandForFourOfAKind" class="HandEvaluatorTest" classname="HandEvaluatorTest" file="/home/issa/dbwebb-kurser/mvc/me/report/tests/Card5/HandEvaluatorTest.php" line="25" assertions="1" time="0.000843"/>
        <testcase name="testEvaluateHandForFullHouse" class="HandEvaluatorTest" classname="HandEvaluatorTest" file="/home/issa/dbwebb-kurser/mvc/me/report/tests/Card5/HandEvaluatorTest.php" line="40" assertions="1" time="0.000743"/>
        <testcase name="testEvaluateHandForFlush" class="HandEvaluatorTest" classname="HandEvaluatorTest" file="/home/issa/dbwebb-kurser/mvc/me/report/tests/Card5/HandEvaluatorTest.php" line="55" assertions="1" time="0.000619"/>
        <testcase name="testEvaluateHandForStraight" class="HandEvaluatorTest" classname="HandEvaluatorTest" file="/home/issa/dbwebb-kurser/mvc/me/report/tests/Card5/HandEvaluatorTest.php" line="70" assertions="1" time="0.000599"/>
        <testcase name="testEvaluateHandForThreeOfAKind" class="HandEvaluatorTest" classname="HandEvaluatorTest" file="/home/issa/dbwebb-kurser/mvc/me/report/tests/Card5/HandEvaluatorTest.php" line="85" assertions="1" time="0.000578"/>
        <testcase name="testEvaluateHandForTwoPair" class="HandEvaluatorTest" classname="HandEvaluatorTest" file="/home/issa/dbwebb-kurser/mvc/me/report/tests/Card5/HandEvaluatorTest.php" line="100" assertions="1" time="0.000552"/>
        <testcase name="testEvaluateHandForOnePair" class="HandEvaluatorTest" classname="HandEvaluatorTest" file="/home/issa/dbwebb-kurser/mvc/me/report/tests/Card5/HandEvaluatorTest.php" line="115" assertions="1" time="0.001224"/>
        <testcase name="testEvaluateHandForHighCard" class="HandEvaluatorTest" classname="HandEvaluatorTest" file="/home/issa/dbwebb-kurser/mvc/me/report/tests/Card5/HandEvaluatorTest.php" line="130" assertions="1" time="0.000816"/>
        <testcase name="testEvaluateBestHand" class="HandEvaluatorTest" classname="HandEvaluatorTest" file="/home/issa/dbwebb-kurser/mvc/me/report/tests/Card5/HandEvaluatorTest.php" line="144" assertions="2" time="0.001336"/>
      </testsuite>
      <testsuite name="PlayerManagerTest" file="/home/issa/dbwebb-kurser/mvc/me/report/tests/Card5/PlayerManagerTest.php" tests="5" assertions="18" errors="0" warnings="0" failures="0" skipped="0" time="0.013256">
        <testcase name="testGetPlayersReturnsCorrectPlayers" class="PlayerManagerTest" classname="PlayerManagerTest" file="/home/issa/dbwebb-kurser/mvc/me/report/tests/Card5/PlayerManagerTest.php" line="37" assertions="5" time="0.003066"/>
        <testcase name="testDealCardsDistributesCardsToPlayers" class="PlayerManagerTest" classname="PlayerManagerTest" file="/home/issa/dbwebb-kurser/mvc/me/report/tests/Card5/PlayerManagerTest.php" line="46" assertions="5" time="0.005147"/>
        <testcase name="testDiscardAndDrawCallsPlayerMethods" class="PlayerManagerTest" classname="PlayerManagerTest" file="/home/issa/dbwebb-kurser/mvc/me/report/tests/Card5/PlayerManagerTest.php" line="66" assertions="2" time="0.001627"/>
        <testcase name="testFoldCallsPlayerFold" class="PlayerManagerTest" classname="PlayerManagerTest" file="/home/issa/dbwebb-kurser/mvc/me/report/tests/Card5/PlayerManagerTest.php" line="78" assertions="2" time="0.001721"/>
        <testcase name="testResetCallsPlayerReset" class="PlayerManagerTest" classname="PlayerManagerTest" file="/home/issa/dbwebb-kurser/mvc/me/report/tests/Card5/PlayerManagerTest.php" line="88" assertions="4" time="0.001696"/>
      </testsuite>
      <testsuite name="PlayerTest" file="/home/issa/dbwebb-kurser/mvc/me/report/tests/Card5/PlayerTest.php" tests="15" assertions="24" errors="0" warnings="0" failures="0" skipped="0" time="0.020547">
        <testcase name="testReset" class="PlayerTest" classname="PlayerTest" file="/home/issa/dbwebb-kurser/mvc/me/report/tests/Card5/PlayerTest.php" line="19" assertions="3" time="0.001012"/>
        <testcase name="testHasSwapped" class="PlayerTest" classname="PlayerTest" file="/home/issa/dbwebb-kurser/mvc/me/report/tests/Card5/PlayerTest.php" line="36" assertions="2" time="0.001566"/>
        <testcase name="testReceiveCards" class="PlayerTest" classname="PlayerTest" file="/home/issa/dbwebb-kurser/mvc/me/report/tests/Card5/PlayerTest.php" line="57" assertions="2" time="0.000816"/>
        <testcase name="testDiscardAndDraw" class="PlayerTest" classname="PlayerTest" file="/home/issa/dbwebb-kurser/mvc/me/report/tests/Card5/PlayerTest.php" line="70" assertions="5" time="0.001060"/>
        <testcase name="testFold" class="PlayerTest" classname="PlayerTest" file="/home/issa/dbwebb-kurser/mvc/me/report/tests/Card5/PlayerTest.php" line="96" assertions="2" time="0.000478"/>
        <testcase name="testDecideCardsToSwapStraightFlush" class="PlayerTest" classname="PlayerTest" file="/home/issa/dbwebb-kurser/mvc/me/report/tests/Card5/PlayerTest.php" line="105" assertions="1" time="0.002261"/>
        <testcase name="testDecideCardsToSwapFourOfAKind" class="PlayerTest" classname="PlayerTest" file="/home/issa/dbwebb-kurser/mvc/me/report/tests/Card5/PlayerTest.php" line="124" assertions="1" time="0.001076"/>
        <testcase name="testDecideCardsToSwapFullHouse" class="PlayerTest" classname="PlayerTest" file="/home/issa/dbwebb-kurser/mvc/me/report/tests/Card5/PlayerTest.php" line="143" assertions="1" time="0.001377"/>
        <testcase name="testDecideCardsToSwapFlush" class="PlayerTest" classname="PlayerTest" file="/home/issa/dbwebb-kurser/mvc/me/report/tests/Card5/PlayerTest.php" line="162" assertions="1" time="0.001011"/>
        <testcase name="testDecideCardsToSwapStraight" class="PlayerTest" classname="PlayerTest" file="/home/issa/dbwebb-kurser/mvc/me/report/tests/Card5/PlayerTest.php" line="181" assertions="1" time="0.002114"/>
        <testcase name="testDecideCardsToSwapThreeOfAKind" class="PlayerTest" classname="PlayerTest" file="/home/issa/dbwebb-kurser/mvc/me/report/tests/Card5/PlayerTest.php" line="200" assertions="1" time="0.001902"/>
        <testcase name="testDecideCardsToSwapTwoPair" class="PlayerTest" classname="PlayerTest" file="/home/issa/dbwebb-kurser/mvc/me/report/tests/Card5/PlayerTest.php" line="219" assertions="1" time="0.001138"/>
        <testcase name="testDecideCardsToSwapOnePair" class="PlayerTest" classname="PlayerTest" file="/home/issa/dbwebb-kurser/mvc/me/report/tests/Card5/PlayerTest.php" line="238" assertions="1" time="0.001301"/>
        <testcase name="testDecideCardsToSwapHighCard" class="PlayerTest" classname="PlayerTest" file="/home/issa/dbwebb-kurser/mvc/me/report/tests/Card5/PlayerTest.php" line="257" assertions="1" time="0.001868"/>
        <testcase name="testDecideCardsToSwapUnknownHand" class="PlayerTest" classname="PlayerTest" file="/home/issa/dbwebb-kurser/mvc/me/report/tests/Card5/PlayerTest.php" line="276" assertions="1" time="0.001566"/>
      </testsuite>
      <testsuite name="PotTest" file="/home/issa/dbwebb-kurser/mvc/me/report/tests/Card5/PotTest.php" tests="3" assertions="5" errors="0" warnings="0" failures="0" skipped="0" time="0.003140">
        <testcase name="testInitialAmountIsZero" class="PotTest" classname="PotTest" file="/home/issa/dbwebb-kurser/mvc/me/report/tests/Card5/PotTest.php" line="15" assertions="1" time="0.000872"/>
        <testcase name="testAddIncreasesAmount" class="PotTest" classname="PotTest" file="/home/issa/dbwebb-kurser/mvc/me/report/tests/Card5/PotTest.php" line="20" assertions="2" time="0.000798"/>
        <testcase name="testResetResetsAmountToZero" class="PotTest" classname="PotTest" file="/home/issa/dbwebb-kurser/mvc/me/report/tests/Card5/PotTest.php" line="29" assertions="2" time="0.001470"/>
      </testsuite>
      <testsuite name="App\Tests\Controller\ConcreteCardControllerTest" file="/home/issa/dbwebb-kurser/mvc/me/report/tests/Controller/AbstractCardControllerTest.php" tests="1" assertions="2" errors="0" warnings="0" failures="0" skipped="0" time="0.008796">
        <testcase name="testStoreAndRetrieve" class="App\Tests\Controller\ConcreteCardControllerTest" classname="App.Tests.Controller.ConcreteCardControllerTest" file="/home/issa/dbwebb-kurser/mvc/me/report/tests/Controller/AbstractCardControllerTest.php" line="36" assertions="2" time="0.008796"/>
      </testsuite>
      <testsuite name="App\Tests\Controller\ApiControllerTest" file="/home/issa/dbwebb-kurser/mvc/me/report/tests/Controller/ApiControllerTest.php" tests="3" assertions="12" errors="0" warnings="0" failures="0" skipped="0" time="0.047337">
        <testcase name="testApiGame" class="App\Tests\Controller\ApiControllerTest" classname="App.Tests.Controller.ApiControllerTest" file="/home/issa/dbwebb-kurser/mvc/me/report/tests/Controller/ApiControllerTest.php" line="39" assertions="3" time="0.042983"/>
        <testcase name="testApiQuote" class="App\Tests\Controller\ApiControllerTest" classname="App.Tests.Controller.ApiControllerTest" file="/home/issa/dbwebb-kurser/mvc/me/report/tests/Controller/ApiControllerTest.php" line="62" assertions="5" time="0.001895"/>
        <testcase name="testApiListBooks" class="App\Tests\Controller\ApiControllerTest" classname="App.Tests.Controller.ApiControllerTest" file="/home/issa/dbwebb-kurser/mvc/me/report/tests/Controller/ApiControllerTest.php" line="77" assertions="4" time="0.002459"/>
      </testsuite>
      <testsuite name="App\Dice\DiceGraphicTest" file="/home/issa/dbwebb-kurser/mvc/me/report/tests/Dice/DiceGraphicTest.php" tests="2" assertions="2" errors="0" warnings="0" failures="0" skipped="0" time="0.001975">
        <testcase name="testGetAsStringReturnsNullWhenDiceNotRolled" class="App\Dice\DiceGraphicTest" classname="App.Dice.DiceGraphicTest" file="/home/issa/dbwebb-kurser/mvc/me/report/tests/Dice/DiceGraphicTest.php" line="12" assertions="1" time="0.001479"/>
        <testcase name="testGetAsStringReturnsNonEmptyString" class="App\Dice\DiceGraphicTest" classname="App.Dice.DiceGraphicTest" file="/home/issa/dbwebb-kurser/mvc/me/report/tests/Dice/DiceGraphicTest.php" line="19" assertions="1" time="0.000496"/>
      </testsuite>
      <testsuite name="App\Dice\DiceHandTest" file="/home/issa/dbwebb-kurser/mvc/me/report/tests/Dice/DiceHandTest.php" tests="4" assertions="15" errors="0" warnings="0" failures="0" skipped="0" time="0.006344">
        <testcase name="testCanAddDie" class="App\Dice\DiceHandTest" classname="App.Dice.DiceHandTest" file="/home/issa/dbwebb-kurser/mvc/me/report/tests/Dice/DiceHandTest.php" line="12" assertions="2" time="0.001117"/>
        <testcase name="testRollRollsAllDice" class="App\Dice\DiceHandTest" classname="App.Dice.DiceHandTest" file="/home/issa/dbwebb-kurser/mvc/me/report/tests/Dice/DiceHandTest.php" line="23" assertions="10" time="0.002958"/>
        <testcase name="testGetStringReturnsNonEmptyStrings" class="App\Dice\DiceHandTest" classname="App.Dice.DiceHandTest" file="/home/issa/dbwebb-kurser/mvc/me/report/tests/Dice/DiceHandTest.php" line="42" assertions="2" time="0.000527"/>
        <testcase name="testToStringReturnsNonEmptyStrings" class="App\Dice\DiceHandTest" classname="App.Dice.DiceHandTest" file="/home/issa/dbwebb-kurser/mvc/me/report/tests/Dice/DiceHandTest.php" line="56" assertions="1" time="0.001742"/>
      </testsuite>
      <testsuite name="App\Dice\DiceTest" file="/home/issa/dbwebb-kurser/mvc/me/report/tests/Dice/DiceTest.php" tests="3" assertions="7" errors="0" warnings="0" failures="0" skipped="0" time="0.002483">
        <testcase name="testCreateDice" class="App\Dice\DiceTest" classname="App.Dice.DiceTest" file="/home/issa/dbwebb-kurser/mvc/me/report/tests/Dice/DiceTest.php" line="16" assertions="2" time="0.000697"/>
        <testcase name="testRollReturnsRandomInteger" class="App\Dice\DiceTest" classname="App.Dice.DiceTest" file="/home/issa/dbwebb-kurser/mvc/me/report/tests/Dice/DiceTest.php" line="25" assertions="4" time="0.001325"/>
        <testcase name="testGetValueReturnsRolledNumber" class="App\Dice\DiceTest" classname="App.Dice.DiceTest" file="/home/issa/dbwebb-kurser/mvc/me/report/tests/Dice/DiceTest.php" line="34" assertions="1" time="0.000461"/>
      </testsuite>
      <testsuite name="App\Game21\GameTest" file="/home/issa/dbwebb-kurser/mvc/me/report/tests/Game21/GameTest.php" tests="11" assertions="19" errors="0" warnings="0" failures="0" skipped="0" time="0.023610">
        <testcase name="testCanGetPlayerPoints" class="App\Game21\GameTest" classname="App.Game21.GameTest" file="/home/issa/dbwebb-kurser/mvc/me/report/tests/Game21/GameTest.php" line="29" assertions="2" time="0.003015"/>
        <testcase name="testCanGetBankPoints" class="App\Game21\GameTest" classname="App.Game21.GameTest" file="/home/issa/dbwebb-kurser/mvc/me/report/tests/Game21/GameTest.php" line="39" assertions="3" time="0.001489"/>
        <testcase name="testWhenPlayerHasDrawnACardTheyCanStop" class="App\Game21\GameTest" classname="App.Game21.GameTest" file="/home/issa/dbwebb-kurser/mvc/me/report/tests/Game21/GameTest.php" line="50" assertions="2" time="0.001321"/>
        <testcase name="testWhenGameStartsPlayerCanTakeCard" class="App\Game21\GameTest" classname="App.Game21.GameTest" file="/home/issa/dbwebb-kurser/mvc/me/report/tests/Game21/GameTest.php" line="59" assertions="1" time="0.001196"/>
        <testcase name="testCanGetPlayerCards" class="App\Game21\GameTest" classname="App.Game21.GameTest" file="/home/issa/dbwebb-kurser/mvc/me/report/tests/Game21/GameTest.php" line="64" assertions="3" time="0.001528"/>
        <testcase name="testCanGetBankCards" class="App\Game21\GameTest" classname="App.Game21.GameTest" file="/home/issa/dbwebb-kurser/mvc/me/report/tests/Game21/GameTest.php" line="77" assertions="3" time="0.001884"/>
        <testcase name="testWhenPlayerStaysTheyCantTakeAnotherCard" class="App\Game21\GameTest" classname="App.Game21.GameTest" file="/home/issa/dbwebb-kurser/mvc/me/report/tests/Game21/GameTest.php" line="90" assertions="1" time="0.002067"/>
        <testcase name="testWhenPlayerStaysTheyNoLongerCanChooseToStop" class="App\Game21\GameTest" classname="App.Game21.GameTest" file="/home/issa/dbwebb-kurser/mvc/me/report/tests/Game21/GameTest.php" line="97" assertions="1" time="0.002622"/>
        <testcase name="testWhenPlayerGetMorePointsThan21TheyLose" class="App\Game21\GameTest" classname="App.Game21.GameTest" file="/home/issa/dbwebb-kurser/mvc/me/report/tests/Game21/GameTest.php" line="104" assertions="1" time="0.004963"/>
        <testcase name="testWhenBankGetsMorePointsThan21ThePlayerWins" class="App\Game21\GameTest" classname="App.Game21.GameTest" file="/home/issa/dbwebb-kurser/mvc/me/report/tests/Game21/GameTest.php" line="128" assertions="1" time="0.001608"/>
        <testcase name="testWhenPlayerGets21PointsTheyWin" class="App\Game21\GameTest" classname="App.Game21.GameTest" file="/home/issa/dbwebb-kurser/mvc/me/report/tests/Game21/GameTest.php" line="153" assertions="1" time="0.001916"/>
      </testsuite>
      <testsuite name="App\Game21\PlayerTest" file="/home/issa/dbwebb-kurser/mvc/me/report/tests/Game21/PlayerTest.php" tests="3" assertions="7" errors="0" warnings="0" failures="0" skipped="0" time="0.001730">
        <testcase name="testCanAddCards" class="App\Game21\PlayerTest" classname="App.Game21.PlayerTest" file="/home/issa/dbwebb-kurser/mvc/me/report/tests/Game21/PlayerTest.php" line="10" assertions="3" time="0.000632"/>
        <testcase name="testCanCountCards" class="App\Game21\PlayerTest" classname="App.Game21.PlayerTest" file="/home/issa/dbwebb-kurser/mvc/me/report/tests/Game21/PlayerTest.php" line="24" assertions="2" time="0.000546"/>
        <testcase name="testCanSumCardValues" class="App\Game21\PlayerTest" classname="App.Game21.PlayerTest" file="/home/issa/dbwebb-kurser/mvc/me/report/tests/Game21/PlayerTest.php" line="35" assertions="2" time="0.000551"/>
      </testsuite>
    </testsuite>
  </testsuite>
</testsuites>
