<?xml version="1.0" encoding="UTF-8"?>
<testsuites>
  <testsuite name="" tests="129" assertions="270" errors="0" warnings="0" failures="0" skipped="0" time="0.727944">
    <testsuite name="Project Test Suite" tests="129" assertions="270" errors="0" warnings="0" failures="0" skipped="0" time="0.727944">
      <testsuite name="App\Card\CardTest" file="/home/issa/dbwebb-kurser/mvc/me/report/tests/Card/CardTest.php" tests="8" assertions="22" errors="0" warnings="0" failures="0" skipped="0" time="0.034584">
        <testcase name="testValueFromRank" class="App\Card\CardTest" classname="App.Card.CardTest" file="/home/issa/dbwebb-kurser/mvc/me/report/tests/Card/CardTest.php" line="12" assertions="14" time="0.031914"/>
        <testcase name="testGetSuitSymbolForHearts" class="App\Card\CardTest" classname="App.Card.CardTest" file="/home/issa/dbwebb-kurser/mvc/me/report/tests/Card/CardTest.php" line="30" assertions="1" time="0.000411"/>
        <testcase name="testGetSuitSymbolForSpades" class="App\Card\CardTest" classname="App.Card.CardTest" file="/home/issa/dbwebb-kurser/mvc/me/report/tests/Card/CardTest.php" line="37" assertions="1" time="0.000346"/>
        <testcase name="testGetSuitSymbolForClubs" class="App\Card\CardTest" classname="App.Card.CardTest" file="/home/issa/dbwebb-kurser/mvc/me/report/tests/Card/CardTest.php" line="44" assertions="1" time="0.000334"/>
        <testcase name="testGetSuitSymbolForDiamonds" class="App\Card\CardTest" classname="App.Card.CardTest" file="/home/issa/dbwebb-kurser/mvc/me/report/tests/Card/CardTest.php" line="51" assertions="1" time="0.000337"/>
        <testcase name="testGetSuitSymbolReturnsEmptyStringWithInvalidSuit" class="App\Card\CardTest" classname="App.Card.CardTest" file="/home/issa/dbwebb-kurser/mvc/me/report/tests/Card/CardTest.php" line="58" assertions="1" time="0.000372"/>
        <testcase name="testSuitAndRankAreAssignedCorrectly" class="App\Card\CardTest" classname="App.Card.CardTest" file="/home/issa/dbwebb-kurser/mvc/me/report/tests/Card/CardTest.php" line="65" assertions="2" time="0.000458"/>
        <testcase name="testToStringReturnsBothSuitAndRank" class="App\Card\CardTest" classname="App.Card.CardTest" file="/home/issa/dbwebb-kurser/mvc/me/report/tests/Card/CardTest.php" line="73" assertions="1" time="0.000412"/>
      </testsuite>
      <testsuite name="App\Card\DeckOfCardsTest" file="/home/issa/dbwebb-kurser/mvc/me/report/tests/Card/DeckOfCardsTest.php" tests="7" assertions="8" errors="0" warnings="0" failures="0" skipped="0" time="0.046335">
        <testcase name="testCreatingNewDeckInitializesCards" class="App\Card\DeckOfCardsTest" classname="App.Card.DeckOfCardsTest" file="/home/issa/dbwebb-kurser/mvc/me/report/tests/Card/DeckOfCardsTest.php" line="12" assertions="1" time="0.021086"/>
        <testcase name="testShuffleShufflesCards" class="App\Card\DeckOfCardsTest" classname="App.Card.DeckOfCardsTest" file="/home/issa/dbwebb-kurser/mvc/me/report/tests/Card/DeckOfCardsTest.php" line="19" assertions="1" time="0.010937"/>
        <testcase name="testDrawCardsReturnsNullWhenNoCards" class="App\Card\DeckOfCardsTest" classname="App.Card.DeckOfCardsTest" file="/home/issa/dbwebb-kurser/mvc/me/report/tests/Card/DeckOfCardsTest.php" line="30" assertions="1" time="0.000843"/>
        <testcase name="testDrawCardReturnsTopCardInDeck" class="App\Card\DeckOfCardsTest" classname="App.Card.DeckOfCardsTest" file="/home/issa/dbwebb-kurser/mvc/me/report/tests/Card/DeckOfCardsTest.php" line="41" assertions="1" time="0.000659"/>
        <testcase name="testResetResetsCardsInDeck" class="App\Card\DeckOfCardsTest" classname="App.Card.DeckOfCardsTest" file="/home/issa/dbwebb-kurser/mvc/me/report/tests/Card/DeckOfCardsTest.php" line="52" assertions="1" time="0.008725"/>
        <testcase name="testToStringReturnsNonEmptyString" class="App\Card\DeckOfCardsTest" classname="App.Card.DeckOfCardsTest" file="/home/issa/dbwebb-kurser/mvc/me/report/tests/Card/DeckOfCardsTest.php" line="66" assertions="1" time="0.000974"/>
        <testcase name="testGetAllCardsSortedReturnsCardsSorted" class="App\Card\DeckOfCardsTest" classname="App.Card.DeckOfCardsTest" file="/home/issa/dbwebb-kurser/mvc/me/report/tests/Card/DeckOfCardsTest.php" line="73" assertions="2" time="0.003111"/>
      </testsuite>
      <testsuite name="App\Tests\Card5\BettingRoundTest" file="/home/issa/dbwebb-kurser/mvc/me/report/tests/Card5/BettingRoundTest.php" tests="16" assertions="31" errors="0" warnings="0" failures="0" skipped="0" time="0.123380">
        <testcase name="testComputerTurnNoPreviousBetsCheck" class="App\Tests\Card5\BettingRoundTest" classname="App.Tests.Card5.BettingRoundTest" file="/home/issa/dbwebb-kurser/mvc/me/report/tests/Card5/BettingRoundTest.php" line="41" assertions="2" time="0.096071"/>
        <testcase name="testComputerTurnNoPreviousBetsBetNonZero" class="App\Tests\Card5\BettingRoundTest" classname="App.Tests.Card5.BettingRoundTest" file="/home/issa/dbwebb-kurser/mvc/me/report/tests/Card5/BettingRoundTest.php" line="56" assertions="3" time="0.002028"/>
        <testcase name="testComputerTurnPreviousBetIsZeroBetNonZero" class="App\Tests\Card5\BettingRoundTest" classname="App.Tests.Card5.BettingRoundTest" file="/home/issa/dbwebb-kurser/mvc/me/report/tests/Card5/BettingRoundTest.php" line="73" assertions="3" time="0.001366"/>
        <testcase name="testComputerTurnWhenComputerHasWeakerHand" class="App\Tests\Card5\BettingRoundTest" classname="App.Tests.Card5.BettingRoundTest" file="/home/issa/dbwebb-kurser/mvc/me/report/tests/Card5/BettingRoundTest.php" line="93" assertions="3" time="0.002196"/>
        <testcase name="testComputerCallsMatchingPlayerBetWhenHandIsStronger" class="App\Tests\Card5\BettingRoundTest" classname="App.Tests.Card5.BettingRoundTest" file="/home/issa/dbwebb-kurser/mvc/me/report/tests/Card5/BettingRoundTest.php" line="119" assertions="3" time="0.002169"/>
        <testcase name="testIsBettingRoundOverNoBets" class="App\Tests\Card5\BettingRoundTest" classname="App.Tests.Card5.BettingRoundTest" file="/home/issa/dbwebb-kurser/mvc/me/report/tests/Card5/BettingRoundTest.php" line="148" assertions="1" time="0.001852"/>
        <testcase name="testIsBettingRoundOverPlayerBetsComputerChecks" class="App\Tests\Card5\BettingRoundTest" classname="App.Tests.Card5.BettingRoundTest" file="/home/issa/dbwebb-kurser/mvc/me/report/tests/Card5/BettingRoundTest.php" line="153" assertions="1" time="0.001442"/>
        <testcase name="testIsBettingRoundOverPlayerBetsComputerCalls" class="App\Tests\Card5\BettingRoundTest" classname="App.Tests.Card5.BettingRoundTest" file="/home/issa/dbwebb-kurser/mvc/me/report/tests/Card5/BettingRoundTest.php" line="164" assertions="1" time="0.002032"/>
        <testcase name="testIsBettingRoundOverPlayerBetsComputerFolds" class="App\Tests\Card5\BettingRoundTest" classname="App.Tests.Card5.BettingRoundTest" file="/home/issa/dbwebb-kurser/mvc/me/report/tests/Card5/BettingRoundTest.php" line="175" assertions="1" time="0.003021"/>
        <testcase name="testIsBettingRoundOverPlayerChecksComputerBets" class="App\Tests\Card5\BettingRoundTest" classname="App.Tests.Card5.BettingRoundTest" file="/home/issa/dbwebb-kurser/mvc/me/report/tests/Card5/BettingRoundTest.php" line="189" assertions="1" time="0.001194"/>
        <testcase name="testHasBetsNoBets" class="App\Tests\Card5\BettingRoundTest" classname="App.Tests.Card5.BettingRoundTest" file="/home/issa/dbwebb-kurser/mvc/me/report/tests/Card5/BettingRoundTest.php" line="200" assertions="1" time="0.001036"/>
        <testcase name="testHasBetsWithBets" class="App\Tests\Card5\BettingRoundTest" classname="App.Tests.Card5.BettingRoundTest" file="/home/issa/dbwebb-kurser/mvc/me/report/tests/Card5/BettingRoundTest.php" line="205" assertions="1" time="0.001325"/>
        <testcase name="testResetAfterBets" class="App\Tests\Card5\BettingRoundTest" classname="App.Tests.Card5.BettingRoundTest" file="/home/issa/dbwebb-kurser/mvc/me/report/tests/Card5/BettingRoundTest.php" line="211" assertions="3" time="0.001634"/>
        <testcase name="testResetWithoutBets" class="App\Tests\Card5\BettingRoundTest" classname="App.Tests.Card5.BettingRoundTest" file="/home/issa/dbwebb-kurser/mvc/me/report/tests/Card5/BettingRoundTest.php" line="222" assertions="2" time="0.001770"/>
        <testcase name="testPlayerCall" class="App\Tests\Card5\BettingRoundTest" classname="App.Tests.Card5.BettingRoundTest" file="/home/issa/dbwebb-kurser/mvc/me/report/tests/Card5/BettingRoundTest.php" line="230" assertions="3" time="0.001561"/>
        <testcase name="testPlayerFoldAfterBetting" class="App\Tests\Card5\BettingRoundTest" classname="App.Tests.Card5.BettingRoundTest" file="/home/issa/dbwebb-kurser/mvc/me/report/tests/Card5/BettingRoundTest.php" line="256" assertions="2" time="0.002682"/>
      </testsuite>
      <testsuite name="DeckOfCardsTest" file="/home/issa/dbwebb-kurser/mvc/me/report/tests/Card5/DeckOfCardsTest.php" tests="6" assertions="12" errors="0" warnings="0" failures="0" skipped="0" time="0.027570">
        <testcase name="testDeckInitialization" class="DeckOfCardsTest" classname="DeckOfCardsTest" file="/home/issa/dbwebb-kurser/mvc/me/report/tests/Card5/DeckOfCardsTest.php" line="9" assertions="1" time="0.022105"/>
        <testcase name="testDeckReset" class="DeckOfCardsTest" classname="DeckOfCardsTest" file="/home/issa/dbwebb-kurser/mvc/me/report/tests/Card5/DeckOfCardsTest.php" line="15" assertions="1" time="0.001068"/>
        <testcase name="testDealOneCard" class="DeckOfCardsTest" classname="DeckOfCardsTest" file="/home/issa/dbwebb-kurser/mvc/me/report/tests/Card5/DeckOfCardsTest.php" line="23" assertions="2" time="0.001410"/>
        <testcase name="testDealMultipleCards" class="DeckOfCardsTest" classname="DeckOfCardsTest" file="/home/issa/dbwebb-kurser/mvc/me/report/tests/Card5/DeckOfCardsTest.php" line="31" assertions="6" time="0.000968"/>
        <testcase name="testDeckSizeAfterDealing" class="DeckOfCardsTest" classname="DeckOfCardsTest" file="/home/issa/dbwebb-kurser/mvc/me/report/tests/Card5/DeckOfCardsTest.php" line="41" assertions="1" time="0.001181"/>
        <testcase name="testDealingMoreCardsThanInDeck" class="DeckOfCardsTest" classname="DeckOfCardsTest" file="/home/issa/dbwebb-kurser/mvc/me/report/tests/Card5/DeckOfCardsTest.php" line="50" assertions="1" time="0.000837"/>
      </testsuite>
      <testsuite name="EventLoggerTest" file="/home/issa/dbwebb-kurser/mvc/me/report/tests/Card5/EventLoggerTest.php" tests="3" assertions="6" errors="0" warnings="0" failures="0" skipped="0" time="0.001601">
        <testcase name="testLogAddsEventToTheEventsArray" class="EventLoggerTest" classname="EventLoggerTest" file="/home/issa/dbwebb-kurser/mvc/me/report/tests/Card5/EventLoggerTest.php" line="15" assertions="2" time="0.000552"/>
        <testcase name="testGetEventsReturnsEventsInCorrectOrder" class="EventLoggerTest" classname="EventLoggerTest" file="/home/issa/dbwebb-kurser/mvc/me/report/tests/Card5/EventLoggerTest.php" line="27" assertions="3" time="0.000589"/>
        <testcase name="testClearEmptiesTheEventsArray" class="EventLoggerTest" classname="EventLoggerTest" file="/home/issa/dbwebb-kurser/mvc/me/report/tests/Card5/EventLoggerTest.php" line="41" assertions="1" time="0.000460"/>
      </testsuite>
      <testsuite name="App\Card5\GameActionCheckerTest" file="/home/issa/dbwebb-kurser/mvc/me/report/tests/Card5/GameActionCheckerTest.php" tests="5" assertions="19" errors="0" warnings="0" failures="0" skipped="0" time="0.028110">
        <testcase name="testCanCheckWhenFirstBettingRoundNoBets" class="App\Card5\GameActionCheckerTest" classname="App.Card5.GameActionCheckerTest" file="/home/issa/dbwebb-kurser/mvc/me/report/tests/Card5/GameActionCheckerTest.php" line="13" assertions="4" time="0.023298"/>
        <testcase name="testCanBetWhenFirstBettingRoundNoBets" class="App\Card5\GameActionCheckerTest" classname="App.Card5.GameActionCheckerTest" file="/home/issa/dbwebb-kurser/mvc/me/report/tests/Card5/GameActionCheckerTest.php" line="31" assertions="4" time="0.001174"/>
        <testcase name="testCanDrawWhenInDrawState" class="App\Card5\GameActionCheckerTest" classname="App.Card5.GameActionCheckerTest" file="/home/issa/dbwebb-kurser/mvc/me/report/tests/Card5/GameActionCheckerTest.php" line="49" assertions="3" time="0.001113"/>
        <testcase name="testCanCallWhenFirstBettingRoundWithBets" class="App\Card5\GameActionCheckerTest" classname="App.Card5.GameActionCheckerTest" file="/home/issa/dbwebb-kurser/mvc/me/report/tests/Card5/GameActionCheckerTest.php" line="66" assertions="4" time="0.001453"/>
        <testcase name="testCanFoldWhenFirstBettingRoundWithBets" class="App\Card5\GameActionCheckerTest" classname="App.Card5.GameActionCheckerTest" file="/home/issa/dbwebb-kurser/mvc/me/report/tests/Card5/GameActionCheckerTest.php" line="84" assertions="4" time="0.001072"/>
      </testsuite>
      <testsuite name="GameStateTest" file="/home/issa/dbwebb-kurser/mvc/me/report/tests/Card5/GameStateTest.php" tests="4" assertions="11" errors="0" warnings="0" failures="0" skipped="0" time="0.001764">
        <testcase name="testInitialStateIsAnte" class="GameStateTest" classname="GameStateTest" file="/home/issa/dbwebb-kurser/mvc/me/report/tests/Card5/GameStateTest.php" line="15" assertions="1" time="0.000460"/>
        <testcase name="testNextStateCyclesThroughStates" class="GameStateTest" classname="GameStateTest" file="/home/issa/dbwebb-kurser/mvc/me/report/tests/Card5/GameStateTest.php" line="20" assertions="7" time="0.000477"/>
        <testcase name="testSetStateSetsCorrectState" class="GameStateTest" classname="GameStateTest" file="/home/issa/dbwebb-kurser/mvc/me/report/tests/Card5/GameStateTest.php" line="43" assertions="2" time="0.000433"/>
        <testcase name="testSetStateInvalidStateDoesNothing" class="GameStateTest" classname="GameStateTest" file="/home/issa/dbwebb-kurser/mvc/me/report/tests/Card5/GameStateTest.php" line="52" assertions="1" time="0.000394"/>
      </testsuite>
      <testsuite name="App\Card5\GameTest" file="/home/issa/dbwebb-kurser/mvc/me/report/tests/Card5/GameTest.php" tests="20" assertions="39" errors="0" warnings="0" failures="0" skipped="0" time="0.056534">
        <testcase name="testHandleAnte" class="App\Card5\GameTest" classname="App.Card5.GameTest" file="/home/issa/dbwebb-kurser/mvc/me/report/tests/Card5/GameTest.php" line="63" assertions="3" time="0.006342"/>
        <testcase name="testHandleDealing" class="App\Card5\GameTest" classname="App.Card5.GameTest" file="/home/issa/dbwebb-kurser/mvc/me/report/tests/Card5/GameTest.php" line="73" assertions="3" time="0.001829"/>
        <testcase name="testBasicBettingRound" class="App\Card5\GameTest" classname="App.Card5.GameTest" file="/home/issa/dbwebb-kurser/mvc/me/report/tests/Card5/GameTest.php" line="84" assertions="2" time="0.001855"/>
        <testcase name="testBettingRoundWithMultipleActions" class="App\Card5\GameTest" classname="App.Card5.GameTest" file="/home/issa/dbwebb-kurser/mvc/me/report/tests/Card5/GameTest.php" line="97" assertions="1" time="0.002357"/>
        <testcase name="testHandleCheckAction" class="App\Card5\GameTest" classname="App.Card5.GameTest" file="/home/issa/dbwebb-kurser/mvc/me/report/tests/Card5/GameTest.php" line="112" assertions="2" time="0.001722"/>
        <testcase name="testHandleBetAction" class="App\Card5\GameTest" classname="App.Card5.GameTest" file="/home/issa/dbwebb-kurser/mvc/me/report/tests/Card5/GameTest.php" line="121" assertions="2" time="0.004180"/>
        <testcase name="testHandleCallAction" class="App\Card5\GameTest" classname="App.Card5.GameTest" file="/home/issa/dbwebb-kurser/mvc/me/report/tests/Card5/GameTest.php" line="130" assertions="2" time="0.004467"/>
        <testcase name="testHandleFoldAction" class="App\Card5\GameTest" classname="App.Card5.GameTest" file="/home/issa/dbwebb-kurser/mvc/me/report/tests/Card5/GameTest.php" line="139" assertions="2" time="0.001955"/>
        <testcase name="testNextRound" class="App\Card5\GameTest" classname="App.Card5.GameTest" file="/home/issa/dbwebb-kurser/mvc/me/report/tests/Card5/GameTest.php" line="148" assertions="1" time="0.002757"/>
        <testcase name="testDealCards" class="App\Card5\GameTest" classname="App.Card5.GameTest" file="/home/issa/dbwebb-kurser/mvc/me/report/tests/Card5/GameTest.php" line="155" assertions="1" time="0.002885"/>
        <testcase name="testShowdown" class="App\Card5\GameTest" classname="App.Card5.GameTest" file="/home/issa/dbwebb-kurser/mvc/me/report/tests/Card5/GameTest.php" line="162" assertions="1" time="0.002126"/>
        <testcase name="testDecideWinnerByFolding" class="App\Card5\GameTest" classname="App.Card5.GameTest" file="/home/issa/dbwebb-kurser/mvc/me/report/tests/Card5/GameTest.php" line="169" assertions="4" time="0.003031"/>
        <testcase name="testGetPot" class="App\Card5\GameTest" classname="App.Card5.GameTest" file="/home/issa/dbwebb-kurser/mvc/me/report/tests/Card5/GameTest.php" line="192" assertions="2" time="0.001700"/>
        <testcase name="testCanCheck" class="App\Card5\GameTest" classname="App.Card5.GameTest" file="/home/issa/dbwebb-kurser/mvc/me/report/tests/Card5/GameTest.php" line="201" assertions="2" time="0.002348"/>
        <testcase name="testCanFold" class="App\Card5\GameTest" classname="App.Card5.GameTest" file="/home/issa/dbwebb-kurser/mvc/me/report/tests/Card5/GameTest.php" line="210" assertions="2" time="0.002837"/>
        <testcase name="testCanBet" class="App\Card5\GameTest" classname="App.Card5.GameTest" file="/home/issa/dbwebb-kurser/mvc/me/report/tests/Card5/GameTest.php" line="219" assertions="2" time="0.003562"/>
        <testcase name="testCanCall" class="App\Card5\GameTest" classname="App.Card5.GameTest" file="/home/issa/dbwebb-kurser/mvc/me/report/tests/Card5/GameTest.php" line="228" assertions="2" time="0.003306"/>
        <testcase name="testCanDraw" class="App\Card5\GameTest" classname="App.Card5.GameTest" file="/home/issa/dbwebb-kurser/mvc/me/report/tests/Card5/GameTest.php" line="237" assertions="2" time="0.002691"/>
        <testcase name="testGetEvents" class="App\Card5\GameTest" classname="App.Card5.GameTest" file="/home/issa/dbwebb-kurser/mvc/me/report/tests/Card5/GameTest.php" line="246" assertions="2" time="0.002826"/>
        <testcase name="testGetCurrentPlayer" class="App\Card5\GameTest" classname="App.Card5.GameTest" file="/home/issa/dbwebb-kurser/mvc/me/report/tests/Card5/GameTest.php" line="256" assertions="1" time="0.001759"/>
      </testsuite>
      <testsuite name="HandEvaluatorTest" file="/home/issa/dbwebb-kurser/mvc/me/report/tests/Card5/HandEvaluatorTest.php" tests="10" assertions="11" errors="0" warnings="0" failures="0" skipped="0" time="0.013527">
        <testcase name="testEvaluateHandForStraightFlush" class="HandEvaluatorTest" classname="HandEvaluatorTest" file="/home/issa/dbwebb-kurser/mvc/me/report/tests/Card5/HandEvaluatorTest.php" line="10" assertions="1" time="0.000712"/>
        <testcase name="testEvaluateHandForFourOfAKind" class="HandEvaluatorTest" classname="HandEvaluatorTest" file="/home/issa/dbwebb-kurser/mvc/me/report/tests/Card5/HandEvaluatorTest.php" line="25" assertions="1" time="0.000994"/>
        <testcase name="testEvaluateHandForFullHouse" class="HandEvaluatorTest" classname="HandEvaluatorTest" file="/home/issa/dbwebb-kurser/mvc/me/report/tests/Card5/HandEvaluatorTest.php" line="40" assertions="1" time="0.001912"/>
        <testcase name="testEvaluateHandForFlush" class="HandEvaluatorTest" classname="HandEvaluatorTest" file="/home/issa/dbwebb-kurser/mvc/me/report/tests/Card5/HandEvaluatorTest.php" line="55" assertions="1" time="0.000741"/>
        <testcase name="testEvaluateHandForStraight" class="HandEvaluatorTest" classname="HandEvaluatorTest" file="/home/issa/dbwebb-kurser/mvc/me/report/tests/Card5/HandEvaluatorTest.php" line="70" assertions="1" time="0.001271"/>
        <testcase name="testEvaluateHandForThreeOfAKind" class="HandEvaluatorTest" classname="HandEvaluatorTest" file="/home/issa/dbwebb-kurser/mvc/me/report/tests/Card5/HandEvaluatorTest.php" line="85" assertions="1" time="0.001516"/>
        <testcase name="testEvaluateHandForTwoPair" class="HandEvaluatorTest" classname="HandEvaluatorTest" file="/home/issa/dbwebb-kurser/mvc/me/report/tests/Card5/HandEvaluatorTest.php" line="100" assertions="1" time="0.001766"/>
        <testcase name="testEvaluateHandForOnePair" class="HandEvaluatorTest" classname="HandEvaluatorTest" file="/home/issa/dbwebb-kurser/mvc/me/report/tests/Card5/HandEvaluatorTest.php" line="115" assertions="1" time="0.000844"/>
        <testcase name="testEvaluateHandForHighCard" class="HandEvaluatorTest" classname="HandEvaluatorTest" file="/home/issa/dbwebb-kurser/mvc/me/report/tests/Card5/HandEvaluatorTest.php" line="130" assertions="1" time="0.001004"/>
        <testcase name="testEvaluateBestHand" class="HandEvaluatorTest" classname="HandEvaluatorTest" file="/home/issa/dbwebb-kurser/mvc/me/report/tests/Card5/HandEvaluatorTest.php" line="144" assertions="2" time="0.002767"/>
      </testsuite>
      <testsuite name="PlayerManagerTest" file="/home/issa/dbwebb-kurser/mvc/me/report/tests/Card5/PlayerManagerTest.php" tests="5" assertions="18" errors="0" warnings="0" failures="0" skipped="0" time="0.047027">
        <testcase name="testGetPlayersReturnsCorrectPlayers" class="PlayerManagerTest" classname="PlayerManagerTest" file="/home/issa/dbwebb-kurser/mvc/me/report/tests/Card5/PlayerManagerTest.php" line="37" assertions="5" time="0.031818"/>
        <testcase name="testDealCardsDistributesCardsToPlayers" class="PlayerManagerTest" classname="PlayerManagerTest" file="/home/issa/dbwebb-kurser/mvc/me/report/tests/Card5/PlayerManagerTest.php" line="46" assertions="5" time="0.006731"/>
        <testcase name="testDiscardAndDrawCallsPlayerMethods" class="PlayerManagerTest" classname="PlayerManagerTest" file="/home/issa/dbwebb-kurser/mvc/me/report/tests/Card5/PlayerManagerTest.php" line="66" assertions="2" time="0.003445"/>
        <testcase name="testFoldCallsPlayerFold" class="PlayerManagerTest" classname="PlayerManagerTest" file="/home/issa/dbwebb-kurser/mvc/me/report/tests/Card5/PlayerManagerTest.php" line="78" assertions="2" time="0.002807"/>
        <testcase name="testResetCallsPlayerReset" class="PlayerManagerTest" classname="PlayerManagerTest" file="/home/issa/dbwebb-kurser/mvc/me/report/tests/Card5/PlayerManagerTest.php" line="88" assertions="4" time="0.002226"/>
      </testsuite>
      <testsuite name="PlayerTest" file="/home/issa/dbwebb-kurser/mvc/me/report/tests/Card5/PlayerTest.php" tests="15" assertions="24" errors="0" warnings="0" failures="0" skipped="0" time="0.016375">
        <testcase name="testReset" class="PlayerTest" classname="PlayerTest" file="/home/issa/dbwebb-kurser/mvc/me/report/tests/Card5/PlayerTest.php" line="19" assertions="3" time="0.000998"/>
        <testcase name="testHasSwapped" class="PlayerTest" classname="PlayerTest" file="/home/issa/dbwebb-kurser/mvc/me/report/tests/Card5/PlayerTest.php" line="36" assertions="2" time="0.000956"/>
        <testcase name="testReceiveCards" class="PlayerTest" classname="PlayerTest" file="/home/issa/dbwebb-kurser/mvc/me/report/tests/Card5/PlayerTest.php" line="57" assertions="2" time="0.000674"/>
        <testcase name="testDiscardAndDraw" class="PlayerTest" classname="PlayerTest" file="/home/issa/dbwebb-kurser/mvc/me/report/tests/Card5/PlayerTest.php" line="70" assertions="5" time="0.000853"/>
        <testcase name="testFold" class="PlayerTest" classname="PlayerTest" file="/home/issa/dbwebb-kurser/mvc/me/report/tests/Card5/PlayerTest.php" line="96" assertions="2" time="0.000537"/>
        <testcase name="testDecideCardsToSwapStraightFlush" class="PlayerTest" classname="PlayerTest" file="/home/issa/dbwebb-kurser/mvc/me/report/tests/Card5/PlayerTest.php" line="105" assertions="1" time="0.001025"/>
        <testcase name="testDecideCardsToSwapFourOfAKind" class="PlayerTest" classname="PlayerTest" file="/home/issa/dbwebb-kurser/mvc/me/report/tests/Card5/PlayerTest.php" line="124" assertions="1" time="0.001008"/>
        <testcase name="testDecideCardsToSwapFullHouse" class="PlayerTest" classname="PlayerTest" file="/home/issa/dbwebb-kurser/mvc/me/report/tests/Card5/PlayerTest.php" line="143" assertions="1" time="0.000823"/>
        <testcase name="testDecideCardsToSwapFlush" class="PlayerTest" classname="PlayerTest" file="/home/issa/dbwebb-kurser/mvc/me/report/tests/Card5/PlayerTest.php" line="162" assertions="1" time="0.000994"/>
        <testcase name="testDecideCardsToSwapStraight" class="PlayerTest" classname="PlayerTest" file="/home/issa/dbwebb-kurser/mvc/me/report/tests/Card5/PlayerTest.php" line="181" assertions="1" time="0.001163"/>
        <testcase name="testDecideCardsToSwapThreeOfAKind" class="PlayerTest" classname="PlayerTest" file="/home/issa/dbwebb-kurser/mvc/me/report/tests/Card5/PlayerTest.php" line="200" assertions="1" time="0.001637"/>
        <testcase name="testDecideCardsToSwapTwoPair" class="PlayerTest" classname="PlayerTest" file="/home/issa/dbwebb-kurser/mvc/me/report/tests/Card5/PlayerTest.php" line="219" assertions="1" time="0.000990"/>
        <testcase name="testDecideCardsToSwapOnePair" class="PlayerTest" classname="PlayerTest" file="/home/issa/dbwebb-kurser/mvc/me/report/tests/Card5/PlayerTest.php" line="238" assertions="1" time="0.001816"/>
        <testcase name="testDecideCardsToSwapHighCard" class="PlayerTest" classname="PlayerTest" file="/home/issa/dbwebb-kurser/mvc/me/report/tests/Card5/PlayerTest.php" line="257" assertions="1" time="0.001449"/>
        <testcase name="testDecideCardsToSwapUnknownHand" class="PlayerTest" classname="PlayerTest" file="/home/issa/dbwebb-kurser/mvc/me/report/tests/Card5/PlayerTest.php" line="276" assertions="1" time="0.001450"/>
      </testsuite>
      <testsuite name="PotTest" file="/home/issa/dbwebb-kurser/mvc/me/report/tests/Card5/PotTest.php" tests="3" assertions="5" errors="0" warnings="0" failures="0" skipped="0" time="0.001643">
        <testcase name="testInitialAmountIsZero" class="PotTest" classname="PotTest" file="/home/issa/dbwebb-kurser/mvc/me/report/tests/Card5/PotTest.php" line="15" assertions="1" time="0.000517"/>
        <testcase name="testAddIncreasesAmount" class="PotTest" classname="PotTest" file="/home/issa/dbwebb-kurser/mvc/me/report/tests/Card5/PotTest.php" line="20" assertions="2" time="0.000524"/>
        <testcase name="testResetResetsAmountToZero" class="PotTest" classname="PotTest" file="/home/issa/dbwebb-kurser/mvc/me/report/tests/Card5/PotTest.php" line="29" assertions="2" time="0.000602"/>
      </testsuite>
      <testsuite name="App\Tests\Controller\ConcreteCardControllerTest" file="/home/issa/dbwebb-kurser/mvc/me/report/tests/Controller/AbstractCardControllerTest.php" tests="1" assertions="2" errors="0" warnings="0" failures="0" skipped="0" time="0.032290">
        <testcase name="testStoreAndRetrieve" class="App\Tests\Controller\ConcreteCardControllerTest" classname="App.Tests.Controller.ConcreteCardControllerTest" file="/home/issa/dbwebb-kurser/mvc/me/report/tests/Controller/AbstractCardControllerTest.php" line="36" assertions="2" time="0.032290"/>
      </testsuite>
      <testsuite name="App\Tests\Controller\ApiControllerTest" file="/home/issa/dbwebb-kurser/mvc/me/report/tests/Controller/ApiControllerTest.php" tests="3" assertions="12" errors="0" warnings="0" failures="0" skipped="0" time="0.213328">
        <testcase name="testApiGame" class="App\Tests\Controller\ApiControllerTest" classname="App.Tests.Controller.ApiControllerTest" file="/home/issa/dbwebb-kurser/mvc/me/report/tests/Controller/ApiControllerTest.php" line="39" assertions="3" time="0.202423"/>
        <testcase name="testApiQuote" class="App\Tests\Controller\ApiControllerTest" classname="App.Tests.Controller.ApiControllerTest" file="/home/issa/dbwebb-kurser/mvc/me/report/tests/Controller/ApiControllerTest.php" line="62" assertions="5" time="0.001997"/>
        <testcase name="testApiListBooks" class="App\Tests\Controller\ApiControllerTest" classname="App.Tests.Controller.ApiControllerTest" file="/home/issa/dbwebb-kurser/mvc/me/report/tests/Controller/ApiControllerTest.php" line="77" assertions="4" time="0.008907"/>
      </testsuite>
      <testsuite name="App\Dice\DiceGraphicTest" file="/home/issa/dbwebb-kurser/mvc/me/report/tests/Dice/DiceGraphicTest.php" tests="2" assertions="2" errors="0" warnings="0" failures="0" skipped="0" time="0.022259">
        <testcase name="testGetAsStringReturnsNullWhenDiceNotRolled" class="App\Dice\DiceGraphicTest" classname="App.Dice.DiceGraphicTest" file="/home/issa/dbwebb-kurser/mvc/me/report/tests/Dice/DiceGraphicTest.php" line="12" assertions="1" time="0.021760"/>
        <testcase name="testGetAsStringReturnsNonEmptyString" class="App\Dice\DiceGraphicTest" classname="App.Dice.DiceGraphicTest" file="/home/issa/dbwebb-kurser/mvc/me/report/tests/Dice/DiceGraphicTest.php" line="19" assertions="1" time="0.000499"/>
      </testsuite>
      <testsuite name="App\Dice\DiceHandTest" file="/home/issa/dbwebb-kurser/mvc/me/report/tests/Dice/DiceHandTest.php" tests="4" assertions="15" errors="0" warnings="0" failures="0" skipped="0" time="0.014020">
        <testcase name="testCanAddDie" class="App\Dice\DiceHandTest" classname="App.Dice.DiceHandTest" file="/home/issa/dbwebb-kurser/mvc/me/report/tests/Dice/DiceHandTest.php" line="12" assertions="2" time="0.009862"/>
        <testcase name="testRollRollsAllDice" class="App\Dice\DiceHandTest" classname="App.Dice.DiceHandTest" file="/home/issa/dbwebb-kurser/mvc/me/report/tests/Dice/DiceHandTest.php" line="23" assertions="10" time="0.002642"/>
        <testcase name="testGetStringReturnsNonEmptyStrings" class="App\Dice\DiceHandTest" classname="App.Dice.DiceHandTest" file="/home/issa/dbwebb-kurser/mvc/me/report/tests/Dice/DiceHandTest.php" line="42" assertions="2" time="0.000860"/>
        <testcase name="testToStringReturnsNonEmptyStrings" class="App\Dice\DiceHandTest" classname="App.Dice.DiceHandTest" file="/home/issa/dbwebb-kurser/mvc/me/report/tests/Dice/DiceHandTest.php" line="56" assertions="1" time="0.000657"/>
      </testsuite>
      <testsuite name="App\Dice\DiceTest" file="/home/issa/dbwebb-kurser/mvc/me/report/tests/Dice/DiceTest.php" tests="3" assertions="7" errors="0" warnings="0" failures="0" skipped="0" time="0.001927">
        <testcase name="testCreateDice" class="App\Dice\DiceTest" classname="App.Dice.DiceTest" file="/home/issa/dbwebb-kurser/mvc/me/report/tests/Dice/DiceTest.php" line="16" assertions="2" time="0.000479"/>
        <testcase name="testRollReturnsRandomInteger" class="App\Dice\DiceTest" classname="App.Dice.DiceTest" file="/home/issa/dbwebb-kurser/mvc/me/report/tests/Dice/DiceTest.php" line="25" assertions="4" time="0.000940"/>
        <testcase name="testGetValueReturnsRolledNumber" class="App\Dice\DiceTest" classname="App.Dice.DiceTest" file="/home/issa/dbwebb-kurser/mvc/me/report/tests/Dice/DiceTest.php" line="34" assertions="1" time="0.000508"/>
      </testsuite>
      <testsuite name="App\Game21\GameTest" file="/home/issa/dbwebb-kurser/mvc/me/report/tests/Game21/GameTest.php" tests="11" assertions="19" errors="0" warnings="0" failures="0" skipped="0" time="0.043986">
        <testcase name="testCanGetPlayerPoints" class="App\Game21\GameTest" classname="App.Game21.GameTest" file="/home/issa/dbwebb-kurser/mvc/me/report/tests/Game21/GameTest.php" line="29" assertions="2" time="0.024262"/>
        <testcase name="testCanGetBankPoints" class="App\Game21\GameTest" classname="App.Game21.GameTest" file="/home/issa/dbwebb-kurser/mvc/me/report/tests/Game21/GameTest.php" line="39" assertions="3" time="0.001621"/>
        <testcase name="testWhenPlayerHasDrawnACardTheyCanStop" class="App\Game21\GameTest" classname="App.Game21.GameTest" file="/home/issa/dbwebb-kurser/mvc/me/report/tests/Game21/GameTest.php" line="50" assertions="2" time="0.001305"/>
        <testcase name="testWhenGameStartsPlayerCanTakeCard" class="App\Game21\GameTest" classname="App.Game21.GameTest" file="/home/issa/dbwebb-kurser/mvc/me/report/tests/Game21/GameTest.php" line="59" assertions="1" time="0.001588"/>
        <testcase name="testCanGetPlayerCards" class="App\Game21\GameTest" classname="App.Game21.GameTest" file="/home/issa/dbwebb-kurser/mvc/me/report/tests/Game21/GameTest.php" line="64" assertions="3" time="0.001328"/>
        <testcase name="testCanGetBankCards" class="App\Game21\GameTest" classname="App.Game21.GameTest" file="/home/issa/dbwebb-kurser/mvc/me/report/tests/Game21/GameTest.php" line="77" assertions="3" time="0.002355"/>
        <testcase name="testWhenPlayerStaysTheyCantTakeAnotherCard" class="App\Game21\GameTest" classname="App.Game21.GameTest" file="/home/issa/dbwebb-kurser/mvc/me/report/tests/Game21/GameTest.php" line="90" assertions="1" time="0.001537"/>
        <testcase name="testWhenPlayerStaysTheyNoLongerCanChooseToStop" class="App\Game21\GameTest" classname="App.Game21.GameTest" file="/home/issa/dbwebb-kurser/mvc/me/report/tests/Game21/GameTest.php" line="97" assertions="1" time="0.001231"/>
        <testcase name="testWhenPlayerGetMorePointsThan21TheyLose" class="App\Game21\GameTest" classname="App.Game21.GameTest" file="/home/issa/dbwebb-kurser/mvc/me/report/tests/Game21/GameTest.php" line="104" assertions="1" time="0.004578"/>
        <testcase name="testWhenBankGetsMorePointsThan21ThePlayerWins" class="App\Game21\GameTest" classname="App.Game21.GameTest" file="/home/issa/dbwebb-kurser/mvc/me/report/tests/Game21/GameTest.php" line="128" assertions="1" time="0.002034"/>
        <testcase name="testWhenPlayerGets21PointsTheyWin" class="App\Game21\GameTest" classname="App.Game21.GameTest" file="/home/issa/dbwebb-kurser/mvc/me/report/tests/Game21/GameTest.php" line="153" assertions="1" time="0.002147"/>
      </testsuite>
      <testsuite name="App\Game21\PlayerTest" file="/home/issa/dbwebb-kurser/mvc/me/report/tests/Game21/PlayerTest.php" tests="3" assertions="7" errors="0" warnings="0" failures="0" skipped="0" time="0.001683">
        <testcase name="testCanAddCards" class="App\Game21\PlayerTest" classname="App.Game21.PlayerTest" file="/home/issa/dbwebb-kurser/mvc/me/report/tests/Game21/PlayerTest.php" line="10" assertions="3" time="0.000645"/>
        <testcase name="testCanCountCards" class="App\Game21\PlayerTest" classname="App.Game21.PlayerTest" file="/home/issa/dbwebb-kurser/mvc/me/report/tests/Game21/PlayerTest.php" line="24" assertions="2" time="0.000543"/>
        <testcase name="testCanSumCardValues" class="App\Game21\PlayerTest" classname="App.Game21.PlayerTest" file="/home/issa/dbwebb-kurser/mvc/me/report/tests/Game21/PlayerTest.php" line="35" assertions="2" time="0.000494"/>
      </testsuite>
    </testsuite>
  </testsuite>
</testsuites>
