<?xml version="1.0" encoding="UTF-8"?>
<testsuites>
  <testsuite name="" tests="67" assertions="129" errors="0" warnings="0" failures="0" skipped="0" time="0.461645">
    <testsuite name="Project Test Suite" tests="67" assertions="129" errors="0" warnings="0" failures="0" skipped="0" time="0.461645">
      <testsuite name="App\Card\CardTest" file="/home/issa/dbwebb-kurser/mvc/me/report/tests/Card/CardTest.php" tests="8" assertions="22" errors="0" warnings="0" failures="0" skipped="0" time="0.047326">
        <testcase name="testValueFromRank" class="App\Card\CardTest" classname="App.Card.CardTest" file="/home/issa/dbwebb-kurser/mvc/me/report/tests/Card/CardTest.php" line="12" assertions="14" time="0.044641"/>
        <testcase name="testGetSuitSymbolForHearts" class="App\Card\CardTest" classname="App.Card.CardTest" file="/home/issa/dbwebb-kurser/mvc/me/report/tests/Card/CardTest.php" line="30" assertions="1" time="0.000404"/>
        <testcase name="testGetSuitSymbolForSpades" class="App\Card\CardTest" classname="App.Card.CardTest" file="/home/issa/dbwebb-kurser/mvc/me/report/tests/Card/CardTest.php" line="37" assertions="1" time="0.000363"/>
        <testcase name="testGetSuitSymbolForClubs" class="App\Card\CardTest" classname="App.Card.CardTest" file="/home/issa/dbwebb-kurser/mvc/me/report/tests/Card/CardTest.php" line="44" assertions="1" time="0.000369"/>
        <testcase name="testGetSuitSymbolForDiamonds" class="App\Card\CardTest" classname="App.Card.CardTest" file="/home/issa/dbwebb-kurser/mvc/me/report/tests/Card/CardTest.php" line="51" assertions="1" time="0.000345"/>
        <testcase name="testGetSuitSymbolReturnsEmptyStringWithInvalidSuit" class="App\Card\CardTest" classname="App.Card.CardTest" file="/home/issa/dbwebb-kurser/mvc/me/report/tests/Card/CardTest.php" line="58" assertions="1" time="0.000376"/>
        <testcase name="testSuitAndRankAreAssignedCorrectly" class="App\Card\CardTest" classname="App.Card.CardTest" file="/home/issa/dbwebb-kurser/mvc/me/report/tests/Card/CardTest.php" line="65" assertions="2" time="0.000412"/>
        <testcase name="testToStringReturnsBothSuitAndRank" class="App\Card\CardTest" classname="App.Card.CardTest" file="/home/issa/dbwebb-kurser/mvc/me/report/tests/Card/CardTest.php" line="73" assertions="1" time="0.000416"/>
      </testsuite>
      <testsuite name="App\Card\DeckOfCardsTest" file="/home/issa/dbwebb-kurser/mvc/me/report/tests/Card/DeckOfCardsTest.php" tests="7" assertions="8" errors="0" warnings="0" failures="0" skipped="0" time="0.039231">
        <testcase name="testCreatingNewDeckInitializesCards" class="App\Card\DeckOfCardsTest" classname="App.Card.DeckOfCardsTest" file="/home/issa/dbwebb-kurser/mvc/me/report/tests/Card/DeckOfCardsTest.php" line="12" assertions="1" time="0.013334"/>
        <testcase name="testShuffleShufflesCards" class="App\Card\DeckOfCardsTest" classname="App.Card.DeckOfCardsTest" file="/home/issa/dbwebb-kurser/mvc/me/report/tests/Card/DeckOfCardsTest.php" line="19" assertions="1" time="0.011180"/>
        <testcase name="testDrawCardsReturnsNullWhenNoCards" class="App\Card\DeckOfCardsTest" classname="App.Card.DeckOfCardsTest" file="/home/issa/dbwebb-kurser/mvc/me/report/tests/Card/DeckOfCardsTest.php" line="30" assertions="1" time="0.000873"/>
        <testcase name="testDrawCardReturnsTopCardInDeck" class="App\Card\DeckOfCardsTest" classname="App.Card.DeckOfCardsTest" file="/home/issa/dbwebb-kurser/mvc/me/report/tests/Card/DeckOfCardsTest.php" line="41" assertions="1" time="0.000633"/>
        <testcase name="testResetResetsCardsInDeck" class="App\Card\DeckOfCardsTest" classname="App.Card.DeckOfCardsTest" file="/home/issa/dbwebb-kurser/mvc/me/report/tests/Card/DeckOfCardsTest.php" line="52" assertions="1" time="0.008727"/>
        <testcase name="testToStringReturnsNonEmptyString" class="App\Card\DeckOfCardsTest" classname="App.Card.DeckOfCardsTest" file="/home/issa/dbwebb-kurser/mvc/me/report/tests/Card/DeckOfCardsTest.php" line="66" assertions="1" time="0.001910"/>
        <testcase name="testGetAllCardsSortedReturnsCardsSorted" class="App\Card\DeckOfCardsTest" classname="App.Card.DeckOfCardsTest" file="/home/issa/dbwebb-kurser/mvc/me/report/tests/Card/DeckOfCardsTest.php" line="73" assertions="2" time="0.002575"/>
      </testsuite>
      <testsuite name="HandEvaluatorTest" file="/home/issa/dbwebb-kurser/mvc/me/report/tests/Card5/HandEvaluatorTest.php" tests="10" assertions="11" errors="0" warnings="0" failures="0" skipped="0" time="0.033656">
        <testcase name="testEvaluateHandForStraightFlush" class="HandEvaluatorTest" classname="HandEvaluatorTest" file="/home/issa/dbwebb-kurser/mvc/me/report/tests/Card5/HandEvaluatorTest.php" line="10" assertions="1" time="0.017285"/>
        <testcase name="testEvaluateHandForFourOfAKind" class="HandEvaluatorTest" classname="HandEvaluatorTest" file="/home/issa/dbwebb-kurser/mvc/me/report/tests/Card5/HandEvaluatorTest.php" line="25" assertions="1" time="0.000557"/>
        <testcase name="testEvaluateHandForFullHouse" class="HandEvaluatorTest" classname="HandEvaluatorTest" file="/home/issa/dbwebb-kurser/mvc/me/report/tests/Card5/HandEvaluatorTest.php" line="40" assertions="1" time="0.000502"/>
        <testcase name="testEvaluateHandForFlush" class="HandEvaluatorTest" classname="HandEvaluatorTest" file="/home/issa/dbwebb-kurser/mvc/me/report/tests/Card5/HandEvaluatorTest.php" line="55" assertions="1" time="0.000472"/>
        <testcase name="testEvaluateHandForStraight" class="HandEvaluatorTest" classname="HandEvaluatorTest" file="/home/issa/dbwebb-kurser/mvc/me/report/tests/Card5/HandEvaluatorTest.php" line="70" assertions="1" time="0.000501"/>
        <testcase name="testEvaluateHandForThreeOfAKind" class="HandEvaluatorTest" classname="HandEvaluatorTest" file="/home/issa/dbwebb-kurser/mvc/me/report/tests/Card5/HandEvaluatorTest.php" line="85" assertions="1" time="0.000577"/>
        <testcase name="testEvaluateHandForTwoPair" class="HandEvaluatorTest" classname="HandEvaluatorTest" file="/home/issa/dbwebb-kurser/mvc/me/report/tests/Card5/HandEvaluatorTest.php" line="100" assertions="1" time="0.000498"/>
        <testcase name="testEvaluateHandForOnePair" class="HandEvaluatorTest" classname="HandEvaluatorTest" file="/home/issa/dbwebb-kurser/mvc/me/report/tests/Card5/HandEvaluatorTest.php" line="115" assertions="1" time="0.000510"/>
        <testcase name="testEvaluateHandForHighCard" class="HandEvaluatorTest" classname="HandEvaluatorTest" file="/home/issa/dbwebb-kurser/mvc/me/report/tests/Card5/HandEvaluatorTest.php" line="130" assertions="1" time="0.000566"/>
        <testcase name="testEvaluateBestHand" class="HandEvaluatorTest" classname="HandEvaluatorTest" file="/home/issa/dbwebb-kurser/mvc/me/report/tests/Card5/HandEvaluatorTest.php" line="144" assertions="2" time="0.012188"/>
      </testsuite>
      <testsuite name="PlayerTest" file="/home/issa/dbwebb-kurser/mvc/me/report/tests/Card5/PlayerTest.php" tests="15" assertions="24" errors="0" warnings="0" failures="0" skipped="0" time="0.052814">
        <testcase name="testReset" class="PlayerTest" classname="PlayerTest" file="/home/issa/dbwebb-kurser/mvc/me/report/tests/Card5/PlayerTest.php" line="19" assertions="3" time="0.034402"/>
        <testcase name="testHasSwapped" class="PlayerTest" classname="PlayerTest" file="/home/issa/dbwebb-kurser/mvc/me/report/tests/Card5/PlayerTest.php" line="36" assertions="2" time="0.007980"/>
        <testcase name="testReceiveCards" class="PlayerTest" classname="PlayerTest" file="/home/issa/dbwebb-kurser/mvc/me/report/tests/Card5/PlayerTest.php" line="57" assertions="2" time="0.000456"/>
        <testcase name="testDiscardAndDraw" class="PlayerTest" classname="PlayerTest" file="/home/issa/dbwebb-kurser/mvc/me/report/tests/Card5/PlayerTest.php" line="70" assertions="5" time="0.000746"/>
        <testcase name="testFold" class="PlayerTest" classname="PlayerTest" file="/home/issa/dbwebb-kurser/mvc/me/report/tests/Card5/PlayerTest.php" line="96" assertions="2" time="0.000373"/>
        <testcase name="testDecideCardsToSwapStraightFlush" class="PlayerTest" classname="PlayerTest" file="/home/issa/dbwebb-kurser/mvc/me/report/tests/Card5/PlayerTest.php" line="105" assertions="1" time="0.001116"/>
        <testcase name="testDecideCardsToSwapFourOfAKind" class="PlayerTest" classname="PlayerTest" file="/home/issa/dbwebb-kurser/mvc/me/report/tests/Card5/PlayerTest.php" line="124" assertions="1" time="0.000769"/>
        <testcase name="testDecideCardsToSwapFullHouse" class="PlayerTest" classname="PlayerTest" file="/home/issa/dbwebb-kurser/mvc/me/report/tests/Card5/PlayerTest.php" line="143" assertions="1" time="0.000639"/>
        <testcase name="testDecideCardsToSwapFlush" class="PlayerTest" classname="PlayerTest" file="/home/issa/dbwebb-kurser/mvc/me/report/tests/Card5/PlayerTest.php" line="162" assertions="1" time="0.000655"/>
        <testcase name="testDecideCardsToSwapStraight" class="PlayerTest" classname="PlayerTest" file="/home/issa/dbwebb-kurser/mvc/me/report/tests/Card5/PlayerTest.php" line="181" assertions="1" time="0.000740"/>
        <testcase name="testDecideCardsToSwapThreeOfAKind" class="PlayerTest" classname="PlayerTest" file="/home/issa/dbwebb-kurser/mvc/me/report/tests/Card5/PlayerTest.php" line="200" assertions="1" time="0.000946"/>
        <testcase name="testDecideCardsToSwapTwoPair" class="PlayerTest" classname="PlayerTest" file="/home/issa/dbwebb-kurser/mvc/me/report/tests/Card5/PlayerTest.php" line="219" assertions="1" time="0.000906"/>
        <testcase name="testDecideCardsToSwapOnePair" class="PlayerTest" classname="PlayerTest" file="/home/issa/dbwebb-kurser/mvc/me/report/tests/Card5/PlayerTest.php" line="238" assertions="1" time="0.001546"/>
        <testcase name="testDecideCardsToSwapHighCard" class="PlayerTest" classname="PlayerTest" file="/home/issa/dbwebb-kurser/mvc/me/report/tests/Card5/PlayerTest.php" line="257" assertions="1" time="0.000769"/>
        <testcase name="testDecideCardsToSwapUnknownHand" class="PlayerTest" classname="PlayerTest" file="/home/issa/dbwebb-kurser/mvc/me/report/tests/Card5/PlayerTest.php" line="276" assertions="1" time="0.000771"/>
      </testsuite>
      <testsuite name="App\Tests\Controller\ConcreteCardControllerTest" file="/home/issa/dbwebb-kurser/mvc/me/report/tests/Controller/AbstractCardControllerTest.php" tests="1" assertions="2" errors="0" warnings="0" failures="0" skipped="0" time="0.045890">
        <testcase name="testStoreAndRetrieve" class="App\Tests\Controller\ConcreteCardControllerTest" classname="App.Tests.Controller.ConcreteCardControllerTest" file="/home/issa/dbwebb-kurser/mvc/me/report/tests/Controller/AbstractCardControllerTest.php" line="36" assertions="2" time="0.045890"/>
      </testsuite>
      <testsuite name="App\Tests\Controller\ApiControllerTest" file="/home/issa/dbwebb-kurser/mvc/me/report/tests/Controller/ApiControllerTest.php" tests="3" assertions="12" errors="0" warnings="0" failures="0" skipped="0" time="0.158610">
        <testcase name="testApiGame" class="App\Tests\Controller\ApiControllerTest" classname="App.Tests.Controller.ApiControllerTest" file="/home/issa/dbwebb-kurser/mvc/me/report/tests/Controller/ApiControllerTest.php" line="39" assertions="3" time="0.147847"/>
        <testcase name="testApiQuote" class="App\Tests\Controller\ApiControllerTest" classname="App.Tests.Controller.ApiControllerTest" file="/home/issa/dbwebb-kurser/mvc/me/report/tests/Controller/ApiControllerTest.php" line="62" assertions="5" time="0.001963"/>
        <testcase name="testApiListBooks" class="App\Tests\Controller\ApiControllerTest" classname="App.Tests.Controller.ApiControllerTest" file="/home/issa/dbwebb-kurser/mvc/me/report/tests/Controller/ApiControllerTest.php" line="77" assertions="4" time="0.008799"/>
      </testsuite>
      <testsuite name="App\Dice\DiceGraphicTest" file="/home/issa/dbwebb-kurser/mvc/me/report/tests/Dice/DiceGraphicTest.php" tests="2" assertions="2" errors="0" warnings="0" failures="0" skipped="0" time="0.023823">
        <testcase name="testGetAsStringReturnsNullWhenDiceNotRolled" class="App\Dice\DiceGraphicTest" classname="App.Dice.DiceGraphicTest" file="/home/issa/dbwebb-kurser/mvc/me/report/tests/Dice/DiceGraphicTest.php" line="12" assertions="1" time="0.023362"/>
        <testcase name="testGetAsStringReturnsNonEmptyString" class="App\Dice\DiceGraphicTest" classname="App.Dice.DiceGraphicTest" file="/home/issa/dbwebb-kurser/mvc/me/report/tests/Dice/DiceGraphicTest.php" line="19" assertions="1" time="0.000461"/>
      </testsuite>
      <testsuite name="App\Dice\DiceHandTest" file="/home/issa/dbwebb-kurser/mvc/me/report/tests/Dice/DiceHandTest.php" tests="4" assertions="15" errors="0" warnings="0" failures="0" skipped="0" time="0.012671">
        <testcase name="testCanAddDie" class="App\Dice\DiceHandTest" classname="App.Dice.DiceHandTest" file="/home/issa/dbwebb-kurser/mvc/me/report/tests/Dice/DiceHandTest.php" line="12" assertions="2" time="0.009262"/>
        <testcase name="testRollRollsAllDice" class="App\Dice\DiceHandTest" classname="App.Dice.DiceHandTest" file="/home/issa/dbwebb-kurser/mvc/me/report/tests/Dice/DiceHandTest.php" line="23" assertions="10" time="0.002414"/>
        <testcase name="testGetStringReturnsNonEmptyStrings" class="App\Dice\DiceHandTest" classname="App.Dice.DiceHandTest" file="/home/issa/dbwebb-kurser/mvc/me/report/tests/Dice/DiceHandTest.php" line="42" assertions="2" time="0.000518"/>
        <testcase name="testToStringReturnsNonEmptyStrings" class="App\Dice\DiceHandTest" classname="App.Dice.DiceHandTest" file="/home/issa/dbwebb-kurser/mvc/me/report/tests/Dice/DiceHandTest.php" line="56" assertions="1" time="0.000477"/>
      </testsuite>
      <testsuite name="App\Dice\DiceTest" file="/home/issa/dbwebb-kurser/mvc/me/report/tests/Dice/DiceTest.php" tests="3" assertions="7" errors="0" warnings="0" failures="0" skipped="0" time="0.001642">
        <testcase name="testCreateDice" class="App\Dice\DiceTest" classname="App.Dice.DiceTest" file="/home/issa/dbwebb-kurser/mvc/me/report/tests/Dice/DiceTest.php" line="16" assertions="2" time="0.000554"/>
        <testcase name="testRollReturnsRandomInteger" class="App\Dice\DiceTest" classname="App.Dice.DiceTest" file="/home/issa/dbwebb-kurser/mvc/me/report/tests/Dice/DiceTest.php" line="25" assertions="4" time="0.000671"/>
        <testcase name="testGetValueReturnsRolledNumber" class="App\Dice\DiceTest" classname="App.Dice.DiceTest" file="/home/issa/dbwebb-kurser/mvc/me/report/tests/Dice/DiceTest.php" line="34" assertions="1" time="0.000416"/>
      </testsuite>
      <testsuite name="App\Game21\GameTest" file="/home/issa/dbwebb-kurser/mvc/me/report/tests/Game21/GameTest.php" tests="11" assertions="19" errors="0" warnings="0" failures="0" skipped="0" time="0.044604">
        <testcase name="testCanGetPlayerPoints" class="App\Game21\GameTest" classname="App.Game21.GameTest" file="/home/issa/dbwebb-kurser/mvc/me/report/tests/Game21/GameTest.php" line="29" assertions="2" time="0.028733"/>
        <testcase name="testCanGetBankPoints" class="App\Game21\GameTest" classname="App.Game21.GameTest" file="/home/issa/dbwebb-kurser/mvc/me/report/tests/Game21/GameTest.php" line="39" assertions="3" time="0.001324"/>
        <testcase name="testWhenPlayerHasDrawnACardTheyCanStop" class="App\Game21\GameTest" classname="App.Game21.GameTest" file="/home/issa/dbwebb-kurser/mvc/me/report/tests/Game21/GameTest.php" line="50" assertions="2" time="0.001037"/>
        <testcase name="testWhenGameStartsPlayerCanTakeCard" class="App\Game21\GameTest" classname="App.Game21.GameTest" file="/home/issa/dbwebb-kurser/mvc/me/report/tests/Game21/GameTest.php" line="59" assertions="1" time="0.001512"/>
        <testcase name="testCanGetPlayerCards" class="App\Game21\GameTest" classname="App.Game21.GameTest" file="/home/issa/dbwebb-kurser/mvc/me/report/tests/Game21/GameTest.php" line="64" assertions="3" time="0.001269"/>
        <testcase name="testCanGetBankCards" class="App\Game21\GameTest" classname="App.Game21.GameTest" file="/home/issa/dbwebb-kurser/mvc/me/report/tests/Game21/GameTest.php" line="77" assertions="3" time="0.001148"/>
        <testcase name="testWhenPlayerStaysTheyCantTakeAnotherCard" class="App\Game21\GameTest" classname="App.Game21.GameTest" file="/home/issa/dbwebb-kurser/mvc/me/report/tests/Game21/GameTest.php" line="90" assertions="1" time="0.001083"/>
        <testcase name="testWhenPlayerStaysTheyNoLongerCanChooseToStop" class="App\Game21\GameTest" classname="App.Game21.GameTest" file="/home/issa/dbwebb-kurser/mvc/me/report/tests/Game21/GameTest.php" line="97" assertions="1" time="0.001129"/>
        <testcase name="testWhenPlayerGetMorePointsThan21TheyLose" class="App\Game21\GameTest" classname="App.Game21.GameTest" file="/home/issa/dbwebb-kurser/mvc/me/report/tests/Game21/GameTest.php" line="104" assertions="1" time="0.003390"/>
        <testcase name="testWhenBankGetsMorePointsThan21ThePlayerWins" class="App\Game21\GameTest" classname="App.Game21.GameTest" file="/home/issa/dbwebb-kurser/mvc/me/report/tests/Game21/GameTest.php" line="128" assertions="1" time="0.001899"/>
        <testcase name="testWhenPlayerGets21PointsTheyWin" class="App\Game21\GameTest" classname="App.Game21.GameTest" file="/home/issa/dbwebb-kurser/mvc/me/report/tests/Game21/GameTest.php" line="153" assertions="1" time="0.002081"/>
      </testsuite>
      <testsuite name="App\Game21\PlayerTest" file="/home/issa/dbwebb-kurser/mvc/me/report/tests/Game21/PlayerTest.php" tests="3" assertions="7" errors="0" warnings="0" failures="0" skipped="0" time="0.001377">
        <testcase name="testCanAddCards" class="App\Game21\PlayerTest" classname="App.Game21.PlayerTest" file="/home/issa/dbwebb-kurser/mvc/me/report/tests/Game21/PlayerTest.php" line="10" assertions="3" time="0.000460"/>
        <testcase name="testCanCountCards" class="App\Game21\PlayerTest" classname="App.Game21.PlayerTest" file="/home/issa/dbwebb-kurser/mvc/me/report/tests/Game21/PlayerTest.php" line="24" assertions="2" time="0.000482"/>
        <testcase name="testCanSumCardValues" class="App\Game21\PlayerTest" classname="App.Game21.PlayerTest" file="/home/issa/dbwebb-kurser/mvc/me/report/tests/Game21/PlayerTest.php" line="35" assertions="2" time="0.000435"/>
      </testsuite>
    </testsuite>
  </testsuite>
</testsuites>
